2019-10-26 13:43:51.387 | DEBUG    | __main__:main:18 - Training version: V122
2019-10-26 13:43:51.389 | INFO     | __main__:deploy_training:33 - TRAINING
2019-10-26 13:43:51.389 | INFO     | __main__:deploy_training:34 - Choosing version V122
2019-10-26 13:43:51.390 | INFO     | __main__:deploy_training:38 - Saving models to directory model_states/V122
2019-10-26 13:43:51.391 | INFO     | base_classes.setup_creator:create_dataset:40 - All dataset features collected properly!
2019-10-26 13:43:51.393 | INFO     | base_classes.data_collector:collect_images:25 - List of loaded files: []
2019-10-26 13:43:51.394 | INFO     | base_classes.data_collector:collect_images:26 - 0 images loaded from: .!
2019-10-26 13:43:51.395 | ERROR    | base_classes.data_collector:collect_images:28 - Images loading from . failed!
2019-10-26 13:43:51.396 | INFO     | base_classes.dataset_classes:__init__:84 - Loading train set
2019-10-26 13:44:09.519 | INFO     | base_classes.dataset_classes:__init__:122 - Dataset prepared
2019-10-26 13:44:12.377 | DEBUG    | base_classes.trainer:__init__:31 - Choosing net FCN_net_mega
2019-10-26 13:44:12.379 | INFO     | base_classes.trainer:__init__:35 - cuda:0
2019-10-26 13:44:13.739 | DEBUG    | base_classes.trainer:__init__:48 - model_states/V122/fcn_modelV122_epoch_final.pth: given model not found! Network will be initialized with random weights.
2019-10-26 13:44:13.741 | DEBUG    | base_classes.trainer:train:58 - Trainer loss function: L1Loss()
2019-10-26 13:44:13.742 | DEBUG    | base_classes.trainer:train:62 - Trainer optimizer: Adam (
Parameter Group 0
    amsgrad: False
    betas: (0.9, 0.999)
    eps: 1e-08
    lr: 0.1
    weight_decay: 1e-10
)
2019-10-26 13:44:13.744 | DEBUG    | base_classes.trainer:train:70 - Cannot initialize scheduler: 'name'
2019-10-26 13:44:13.745 | DEBUG    | base_classes.trainer:train:78 - model_states/V122/fcn_modelV122_epoch_final.pth: given optimizer not found! It will be initialized with random weights.
2019-10-26 13:44:20.772 | INFO     | base_classes.trainer:train:123 - [EPOCH: 1, STEP: 80, DATA: 10240] loss: 0.06168330991640687
2019-10-26 13:44:27.050 | INFO     | base_classes.trainer:train:123 - [EPOCH: 1, STEP: 160, DATA: 20480] loss: 0.03596763452515006
2019-10-26 13:44:33.155 | INFO     | base_classes.trainer:train:123 - [EPOCH: 1, STEP: 240, DATA: 30720] loss: 0.03614587066695094
2019-10-26 13:44:39.242 | INFO     | base_classes.trainer:train:123 - [EPOCH: 1, STEP: 320, DATA: 40960] loss: 0.035879518976435064
2019-10-26 13:44:44.572 | INFO     | base_classes.trainer:train:127 - Epoch 1 took 30.825605869293213 seconds
2019-10-26 13:44:44.591 | INFO     | base_classes.trainer:_save_model:158 - NN model weights saved successfully!
2019-10-26 13:44:50.688 | INFO     | base_classes.trainer:train:123 - [EPOCH: 2, STEP: 80, DATA: 10240] loss: 0.035716779599897566
2019-10-26 13:44:56.854 | INFO     | base_classes.trainer:train:123 - [EPOCH: 2, STEP: 160, DATA: 20480] loss: 0.0362162115983665
2019-10-26 13:45:03.046 | INFO     | base_classes.trainer:train:123 - [EPOCH: 2, STEP: 240, DATA: 30720] loss: 0.036509694345295426
2019-10-26 13:45:09.186 | INFO     | base_classes.trainer:train:123 - [EPOCH: 2, STEP: 320, DATA: 40960] loss: 0.03630440314300358
2019-10-26 13:45:14.468 | INFO     | base_classes.trainer:train:127 - Epoch 2 took 29.875041246414185 seconds
2019-10-26 13:45:20.442 | INFO     | base_classes.trainer:train:123 - [EPOCH: 3, STEP: 80, DATA: 10240] loss: 0.03582724970765412
2019-10-26 13:45:26.506 | INFO     | base_classes.trainer:train:123 - [EPOCH: 3, STEP: 160, DATA: 20480] loss: 0.03633980052545667
2019-10-26 13:45:32.509 | INFO     | base_classes.trainer:train:123 - [EPOCH: 3, STEP: 240, DATA: 30720] loss: 0.036693136440590024
2019-10-26 13:45:38.674 | INFO     | base_classes.trainer:train:123 - [EPOCH: 3, STEP: 320, DATA: 40960] loss: 0.03650401090271771
2019-10-26 13:45:43.968 | INFO     | base_classes.trainer:train:127 - Epoch 3 took 29.49862027168274 seconds
2019-10-26 13:45:49.960 | INFO     | base_classes.trainer:train:123 - [EPOCH: 4, STEP: 80, DATA: 10240] loss: 0.035817004786804316
2019-10-26 13:45:55.977 | INFO     | base_classes.trainer:train:123 - [EPOCH: 4, STEP: 160, DATA: 20480] loss: 0.03636031597852707
2019-10-26 13:46:02.085 | INFO     | base_classes.trainer:train:123 - [EPOCH: 4, STEP: 240, DATA: 30720] loss: 0.03612132293637842
2019-10-26 13:46:08.167 | INFO     | base_classes.trainer:train:123 - [EPOCH: 4, STEP: 320, DATA: 40960] loss: 0.03645246285013855
2019-10-26 13:46:13.684 | INFO     | base_classes.trainer:train:127 - Epoch 4 took 29.71496844291687 seconds
2019-10-26 13:46:19.791 | INFO     | base_classes.trainer:train:123 - [EPOCH: 5, STEP: 80, DATA: 10240] loss: 0.03591893371194601
2019-10-26 13:46:25.827 | INFO     | base_classes.trainer:train:123 - [EPOCH: 5, STEP: 160, DATA: 20480] loss: 0.036345665249973534
2019-10-26 13:46:31.832 | INFO     | base_classes.trainer:train:123 - [EPOCH: 5, STEP: 240, DATA: 30720] loss: 0.03613686729222536
2019-10-26 13:46:37.899 | INFO     | base_classes.trainer:train:123 - [EPOCH: 5, STEP: 320, DATA: 40960] loss: 0.036698904493823646
2019-10-26 13:46:43.337 | INFO     | base_classes.trainer:train:127 - Epoch 5 took 29.65179705619812 seconds
2019-10-26 13:46:49.427 | INFO     | base_classes.trainer:train:123 - [EPOCH: 6, STEP: 80, DATA: 10240] loss: 0.03592447733972222
2019-10-26 13:46:55.521 | INFO     | base_classes.trainer:train:123 - [EPOCH: 6, STEP: 160, DATA: 20480] loss: 0.036485393857583405
2019-10-26 13:47:01.577 | INFO     | base_classes.trainer:train:123 - [EPOCH: 6, STEP: 240, DATA: 30720] loss: 0.036350785521790385
2019-10-26 13:47:07.695 | INFO     | base_classes.trainer:train:123 - [EPOCH: 6, STEP: 320, DATA: 40960] loss: 0.03638117886148393
2019-10-26 13:47:12.991 | INFO     | base_classes.trainer:train:127 - Epoch 6 took 29.65255093574524 seconds
2019-10-26 13:47:19.019 | INFO     | base_classes.trainer:train:123 - [EPOCH: 7, STEP: 80, DATA: 10240] loss: 0.035897186445072296
2019-10-26 13:47:25.026 | INFO     | base_classes.trainer:train:123 - [EPOCH: 7, STEP: 160, DATA: 20480] loss: 0.03648280850611627
2019-10-26 13:47:31.066 | INFO     | base_classes.trainer:train:123 - [EPOCH: 7, STEP: 240, DATA: 30720] loss: 0.036137480894103645
2019-10-26 13:47:37.103 | INFO     | base_classes.trainer:train:123 - [EPOCH: 7, STEP: 320, DATA: 40960] loss: 0.03655472407117486
2019-10-26 13:47:42.548 | INFO     | base_classes.trainer:train:127 - Epoch 7 took 29.555586099624634 seconds
2019-10-26 13:47:48.612 | INFO     | base_classes.trainer:train:123 - [EPOCH: 8, STEP: 80, DATA: 10240] loss: 0.03591713793575764
2019-10-26 13:47:54.633 | INFO     | base_classes.trainer:train:123 - [EPOCH: 8, STEP: 160, DATA: 20480] loss: 0.03634866867214441
2019-10-26 13:48:00.700 | INFO     | base_classes.trainer:train:123 - [EPOCH: 8, STEP: 240, DATA: 30720] loss: 0.03642544199246913
2019-10-26 13:48:06.836 | INFO     | base_classes.trainer:train:123 - [EPOCH: 8, STEP: 320, DATA: 40960] loss: 0.036444376595318316
2019-10-26 13:48:12.297 | INFO     | base_classes.trainer:train:127 - Epoch 8 took 29.74885606765747 seconds
2019-10-26 13:48:18.333 | INFO     | base_classes.trainer:train:123 - [EPOCH: 9, STEP: 80, DATA: 10240] loss: 0.03586935489438474
2019-10-26 13:48:24.449 | INFO     | base_classes.trainer:train:123 - [EPOCH: 9, STEP: 160, DATA: 20480] loss: 0.036351792560890314
2019-10-26 13:48:30.486 | INFO     | base_classes.trainer:train:123 - [EPOCH: 9, STEP: 240, DATA: 30720] loss: 0.03611868293955922
2019-10-26 13:48:36.527 | INFO     | base_classes.trainer:train:123 - [EPOCH: 9, STEP: 320, DATA: 40960] loss: 0.0367074036039412
2019-10-26 13:48:41.928 | INFO     | base_classes.trainer:train:127 - Epoch 9 took 29.62951898574829 seconds
2019-10-26 13:48:48.086 | INFO     | base_classes.trainer:train:123 - [EPOCH: 10, STEP: 80, DATA: 10240] loss: 0.035942268557846546
2019-10-26 13:48:54.161 | INFO     | base_classes.trainer:train:123 - [EPOCH: 10, STEP: 160, DATA: 20480] loss: 0.03654406275600195
2019-10-26 13:49:00.529 | INFO     | base_classes.trainer:train:123 - [EPOCH: 10, STEP: 240, DATA: 30720] loss: 0.03632774953730404
2019-10-26 13:49:06.481 | INFO     | base_classes.trainer:train:123 - [EPOCH: 10, STEP: 320, DATA: 40960] loss: 0.03650428643450141
2019-10-26 13:49:11.734 | INFO     | base_classes.trainer:train:127 - Epoch 10 took 29.805192232131958 seconds
2019-10-26 13:49:17.679 | INFO     | base_classes.trainer:train:123 - [EPOCH: 11, STEP: 80, DATA: 10240] loss: 0.03595361763145775
2019-10-26 13:49:23.632 | INFO     | base_classes.trainer:train:123 - [EPOCH: 11, STEP: 160, DATA: 20480] loss: 0.03637313111685216
2019-10-26 13:49:29.644 | INFO     | base_classes.trainer:train:123 - [EPOCH: 11, STEP: 240, DATA: 30720] loss: 0.03607614820357412
2019-10-26 13:49:35.718 | INFO     | base_classes.trainer:train:123 - [EPOCH: 11, STEP: 320, DATA: 40960] loss: 0.03660040060058236
2019-10-26 13:49:41.160 | INFO     | base_classes.trainer:train:127 - Epoch 11 took 29.42516303062439 seconds
2019-10-26 13:49:41.175 | INFO     | base_classes.trainer:_save_model:158 - NN model weights saved successfully!
2019-10-26 13:49:47.201 | INFO     | base_classes.trainer:train:123 - [EPOCH: 12, STEP: 80, DATA: 10240] loss: 0.03585320697166026
2019-10-26 13:49:53.187 | INFO     | base_classes.trainer:train:123 - [EPOCH: 12, STEP: 160, DATA: 20480] loss: 0.036394314002245666
2019-10-26 13:49:59.269 | INFO     | base_classes.trainer:train:123 - [EPOCH: 12, STEP: 240, DATA: 30720] loss: 0.036398418131284416
2019-10-26 13:50:05.320 | INFO     | base_classes.trainer:train:123 - [EPOCH: 12, STEP: 320, DATA: 40960] loss: 0.0364297796972096
2019-10-26 13:50:10.676 | INFO     | base_classes.trainer:train:127 - Epoch 12 took 29.49914264678955 seconds
2019-10-26 13:50:16.864 | INFO     | base_classes.trainer:train:123 - [EPOCH: 13, STEP: 80, DATA: 10240] loss: 0.035918743815273046
2019-10-26 13:50:22.963 | INFO     | base_classes.trainer:train:123 - [EPOCH: 13, STEP: 160, DATA: 20480] loss: 0.03634044444188476
2019-10-26 13:50:28.954 | INFO     | base_classes.trainer:train:123 - [EPOCH: 13, STEP: 240, DATA: 30720] loss: 0.036116248345933855
2019-10-26 13:50:34.976 | INFO     | base_classes.trainer:train:123 - [EPOCH: 13, STEP: 320, DATA: 40960] loss: 0.03678318085148931
2019-10-26 13:50:40.258 | INFO     | base_classes.trainer:train:127 - Epoch 13 took 29.580740690231323 seconds
2019-10-26 13:50:46.303 | INFO     | base_classes.trainer:train:123 - [EPOCH: 14, STEP: 80, DATA: 10240] loss: 0.03576633264310658
2019-10-26 13:50:52.437 | INFO     | base_classes.trainer:train:123 - [EPOCH: 14, STEP: 160, DATA: 20480] loss: 0.03641417678445578
2019-10-26 13:50:58.446 | INFO     | base_classes.trainer:train:123 - [EPOCH: 14, STEP: 240, DATA: 30720] loss: 0.03607553718611598
2019-10-26 13:51:04.432 | INFO     | base_classes.trainer:train:123 - [EPOCH: 14, STEP: 320, DATA: 40960] loss: 0.03659576461650431
2019-10-26 13:51:09.735 | INFO     | base_classes.trainer:train:127 - Epoch 14 took 29.475908756256104 seconds
2019-10-26 13:51:15.730 | INFO     | base_classes.trainer:train:123 - [EPOCH: 15, STEP: 80, DATA: 10240] loss: 0.035942038125358525
2019-10-26 13:51:21.800 | INFO     | base_classes.trainer:train:123 - [EPOCH: 15, STEP: 160, DATA: 20480] loss: 0.036387467104941604
2019-10-26 13:51:27.927 | INFO     | base_classes.trainer:train:123 - [EPOCH: 15, STEP: 240, DATA: 30720] loss: 0.03618291644379497
2019-10-26 13:51:33.953 | INFO     | base_classes.trainer:train:123 - [EPOCH: 15, STEP: 320, DATA: 40960] loss: 0.03656961647793651
2019-10-26 13:51:39.246 | INFO     | base_classes.trainer:train:127 - Epoch 15 took 29.509387731552124 seconds
2019-10-26 13:51:45.266 | INFO     | base_classes.trainer:train:123 - [EPOCH: 16, STEP: 80, DATA: 10240] loss: 0.03587429886683822
2019-10-26 13:51:51.266 | INFO     | base_classes.trainer:train:123 - [EPOCH: 16, STEP: 160, DATA: 20480] loss: 0.03636437999084592
2019-10-26 13:51:57.379 | INFO     | base_classes.trainer:train:123 - [EPOCH: 16, STEP: 240, DATA: 30720] loss: 0.03638200450222939
2019-10-26 13:52:03.327 | INFO     | base_classes.trainer:train:123 - [EPOCH: 16, STEP: 320, DATA: 40960] loss: 0.03656376036815345
2019-10-26 13:52:08.574 | INFO     | base_classes.trainer:train:127 - Epoch 16 took 29.3275043964386 seconds
2019-10-26 13:52:14.642 | INFO     | base_classes.trainer:train:123 - [EPOCH: 17, STEP: 80, DATA: 10240] loss: 0.03596667423844337
2019-10-26 13:52:20.657 | INFO     | base_classes.trainer:train:123 - [EPOCH: 17, STEP: 160, DATA: 20480] loss: 0.03642218625172973
2019-10-26 13:52:26.639 | INFO     | base_classes.trainer:train:123 - [EPOCH: 17, STEP: 240, DATA: 30720] loss: 0.03615893214009702
2019-10-26 13:52:32.651 | INFO     | base_classes.trainer:train:123 - [EPOCH: 17, STEP: 320, DATA: 40960] loss: 0.036682226695120335
2019-10-26 13:52:38.072 | INFO     | base_classes.trainer:train:127 - Epoch 17 took 29.497113704681396 seconds
2019-10-26 13:52:44.142 | INFO     | base_classes.trainer:train:123 - [EPOCH: 18, STEP: 80, DATA: 10240] loss: 0.035962188802659514
2019-10-26 13:52:50.353 | INFO     | base_classes.trainer:train:123 - [EPOCH: 18, STEP: 160, DATA: 20480] loss: 0.03639494311064482
2019-10-26 13:52:56.458 | INFO     | base_classes.trainer:train:123 - [EPOCH: 18, STEP: 240, DATA: 30720] loss: 0.036432115640491244
2019-10-26 13:53:02.499 | INFO     | base_classes.trainer:train:123 - [EPOCH: 18, STEP: 320, DATA: 40960] loss: 0.03640477205626667
2019-10-26 13:53:07.765 | INFO     | base_classes.trainer:train:127 - Epoch 18 took 29.69223141670227 seconds
2019-10-26 13:53:13.710 | INFO     | base_classes.trainer:train:123 - [EPOCH: 19, STEP: 80, DATA: 10240] loss: 0.03592905020341277
2019-10-26 13:53:19.673 | INFO     | base_classes.trainer:train:123 - [EPOCH: 19, STEP: 160, DATA: 20480] loss: 0.03655422488227487
2019-10-26 13:53:25.810 | INFO     | base_classes.trainer:train:123 - [EPOCH: 19, STEP: 240, DATA: 30720] loss: 0.036059540277346966
2019-10-26 13:53:31.759 | INFO     | base_classes.trainer:train:123 - [EPOCH: 19, STEP: 320, DATA: 40960] loss: 0.036590836755931375
2019-10-26 13:53:37.055 | INFO     | base_classes.trainer:train:127 - Epoch 19 took 29.288740873336792 seconds
2019-10-26 13:53:43.249 | INFO     | base_classes.trainer:train:123 - [EPOCH: 20, STEP: 80, DATA: 10240] loss: 0.03577641043812037
2019-10-26 13:53:49.298 | INFO     | base_classes.trainer:train:123 - [EPOCH: 20, STEP: 160, DATA: 20480] loss: 0.036410955060273406
2019-10-26 13:53:55.348 | INFO     | base_classes.trainer:train:123 - [EPOCH: 20, STEP: 240, DATA: 30720] loss: 0.03659606226719916
2019-10-26 13:54:01.361 | INFO     | base_classes.trainer:train:123 - [EPOCH: 20, STEP: 320, DATA: 40960] loss: 0.03647711621597409
2019-10-26 13:54:06.738 | INFO     | base_classes.trainer:train:127 - Epoch 20 took 29.680338621139526 seconds
2019-10-26 13:54:12.763 | INFO     | base_classes.trainer:train:123 - [EPOCH: 21, STEP: 80, DATA: 10240] loss: 0.035889147827401754
2019-10-26 13:54:18.824 | INFO     | base_classes.trainer:train:123 - [EPOCH: 21, STEP: 160, DATA: 20480] loss: 0.03633727934211493
2019-10-26 13:54:24.883 | INFO     | base_classes.trainer:train:123 - [EPOCH: 21, STEP: 240, DATA: 30720] loss: 0.036387963523156944
2019-10-26 13:54:30.912 | INFO     | base_classes.trainer:train:123 - [EPOCH: 21, STEP: 320, DATA: 40960] loss: 0.03650615192018449
2019-10-26 13:54:36.399 | INFO     | base_classes.trainer:train:127 - Epoch 21 took 29.66058850288391 seconds
2019-10-26 13:54:36.417 | INFO     | base_classes.trainer:_save_model:158 - NN model weights saved successfully!
2019-10-26 13:54:42.588 | INFO     | base_classes.trainer:train:123 - [EPOCH: 22, STEP: 80, DATA: 10240] loss: 0.03593261782079935
2019-10-26 13:54:48.649 | INFO     | base_classes.trainer:train:123 - [EPOCH: 22, STEP: 160, DATA: 20480] loss: 0.03637835611589253
2019-10-26 13:54:54.727 | INFO     | base_classes.trainer:train:123 - [EPOCH: 22, STEP: 240, DATA: 30720] loss: 0.036196142854169014
2019-10-26 13:55:00.760 | INFO     | base_classes.trainer:train:123 - [EPOCH: 22, STEP: 320, DATA: 40960] loss: 0.036457962542772296
2019-10-26 13:55:06.068 | INFO     | base_classes.trainer:train:127 - Epoch 22 took 29.651301383972168 seconds
2019-10-26 13:55:12.141 | INFO     | base_classes.trainer:train:123 - [EPOCH: 23, STEP: 80, DATA: 10240] loss: 0.03592267993371934
2019-10-26 13:55:18.196 | INFO     | base_classes.trainer:train:123 - [EPOCH: 23, STEP: 160, DATA: 20480] loss: 0.036432828614488245
2019-10-26 13:55:24.253 | INFO     | base_classes.trainer:train:123 - [EPOCH: 23, STEP: 240, DATA: 30720] loss: 0.036169437086209656
2019-10-26 13:55:30.290 | INFO     | base_classes.trainer:train:123 - [EPOCH: 23, STEP: 320, DATA: 40960] loss: 0.03668998619541526
2019-10-26 13:55:35.766 | INFO     | base_classes.trainer:train:127 - Epoch 23 took 29.696998596191406 seconds
2019-10-26 13:55:41.789 | INFO     | base_classes.trainer:train:123 - [EPOCH: 24, STEP: 80, DATA: 10240] loss: 0.03593113087117672
2019-10-26 13:55:47.826 | INFO     | base_classes.trainer:train:123 - [EPOCH: 24, STEP: 160, DATA: 20480] loss: 0.03633795198984444
2019-10-26 13:55:53.875 | INFO     | base_classes.trainer:train:123 - [EPOCH: 24, STEP: 240, DATA: 30720] loss: 0.03616800648160279
2019-10-26 13:56:00.156 | INFO     | base_classes.trainer:train:123 - [EPOCH: 24, STEP: 320, DATA: 40960] loss: 0.036478724470362066
2019-10-26 13:56:05.659 | INFO     | base_classes.trainer:train:127 - Epoch 24 took 29.89217448234558 seconds
2019-10-26 13:56:11.707 | INFO     | base_classes.trainer:train:123 - [EPOCH: 25, STEP: 80, DATA: 10240] loss: 0.03599504642188549
2019-10-26 13:56:17.842 | INFO     | base_classes.trainer:train:123 - [EPOCH: 25, STEP: 160, DATA: 20480] loss: 0.036568092601373794
2019-10-26 13:56:24.064 | INFO     | base_classes.trainer:train:123 - [EPOCH: 25, STEP: 240, DATA: 30720] loss: 0.036386446375399825
2019-10-26 13:56:30.150 | INFO     | base_classes.trainer:train:123 - [EPOCH: 25, STEP: 320, DATA: 40960] loss: 0.03651005062274635
2019-10-26 13:56:35.498 | INFO     | base_classes.trainer:train:127 - Epoch 25 took 29.837121725082397 seconds
2019-10-26 13:56:41.510 | INFO     | base_classes.trainer:train:123 - [EPOCH: 26, STEP: 80, DATA: 10240] loss: 0.03594156973995268
2019-10-26 13:56:47.528 | INFO     | base_classes.trainer:train:123 - [EPOCH: 26, STEP: 160, DATA: 20480] loss: 0.036506665078923105
2019-10-26 13:56:53.584 | INFO     | base_classes.trainer:train:123 - [EPOCH: 26, STEP: 240, DATA: 30720] loss: 0.036176629224792124
2019-10-26 13:56:59.746 | INFO     | base_classes.trainer:train:123 - [EPOCH: 26, STEP: 320, DATA: 40960] loss: 0.036565603036433456
2019-10-26 13:57:05.210 | INFO     | base_classes.trainer:train:127 - Epoch 26 took 29.710798978805542 seconds
2019-10-26 13:57:11.482 | INFO     | base_classes.trainer:train:123 - [EPOCH: 27, STEP: 80, DATA: 10240] loss: 0.035914043243974444
2019-10-26 13:57:17.452 | INFO     | base_classes.trainer:train:123 - [EPOCH: 27, STEP: 160, DATA: 20480] loss: 0.03633648119866848
2019-10-26 13:57:23.441 | INFO     | base_classes.trainer:train:123 - [EPOCH: 27, STEP: 240, DATA: 30720] loss: 0.036199782183393835
2019-10-26 13:57:29.455 | INFO     | base_classes.trainer:train:123 - [EPOCH: 27, STEP: 320, DATA: 40960] loss: 0.036558421328663826
2019-10-26 13:57:34.823 | INFO     | base_classes.trainer:train:127 - Epoch 27 took 29.611637115478516 seconds
2019-10-26 13:57:40.860 | INFO     | base_classes.trainer:train:123 - [EPOCH: 28, STEP: 80, DATA: 10240] loss: 0.035952432989142837
2019-10-26 13:57:46.841 | INFO     | base_classes.trainer:train:123 - [EPOCH: 28, STEP: 160, DATA: 20480] loss: 0.03649425692856312
2019-10-26 13:57:53.069 | INFO     | base_classes.trainer:train:123 - [EPOCH: 28, STEP: 240, DATA: 30720] loss: 0.036369054671376945
2019-10-26 13:57:59.200 | INFO     | base_classes.trainer:train:123 - [EPOCH: 28, STEP: 320, DATA: 40960] loss: 0.036420431453734636
2019-10-26 13:58:04.596 | INFO     | base_classes.trainer:train:127 - Epoch 28 took 29.77249813079834 seconds
2019-10-26 13:58:10.560 | INFO     | base_classes.trainer:train:123 - [EPOCH: 29, STEP: 80, DATA: 10240] loss: 0.03593596578575671
2019-10-26 13:58:16.595 | INFO     | base_classes.trainer:train:123 - [EPOCH: 29, STEP: 160, DATA: 20480] loss: 0.03640895141288638
2019-10-26 13:58:22.655 | INFO     | base_classes.trainer:train:123 - [EPOCH: 29, STEP: 240, DATA: 30720] loss: 0.036180204199627045
2019-10-26 13:58:28.699 | INFO     | base_classes.trainer:train:123 - [EPOCH: 29, STEP: 320, DATA: 40960] loss: 0.03656904068775475
2019-10-26 13:58:34.072 | INFO     | base_classes.trainer:train:127 - Epoch 29 took 29.474237203598022 seconds
2019-10-26 13:58:40.180 | INFO     | base_classes.trainer:train:123 - [EPOCH: 30, STEP: 80, DATA: 10240] loss: 0.03593319654464722
2019-10-26 13:58:46.181 | INFO     | base_classes.trainer:train:123 - [EPOCH: 30, STEP: 160, DATA: 20480] loss: 0.03653539209626615
2019-10-26 13:58:52.206 | INFO     | base_classes.trainer:train:123 - [EPOCH: 30, STEP: 240, DATA: 30720] loss: 0.03632377828471363
2019-10-26 13:58:58.307 | INFO     | base_classes.trainer:train:123 - [EPOCH: 30, STEP: 320, DATA: 40960] loss: 0.03650153335183859
2019-10-26 13:59:03.643 | INFO     | base_classes.trainer:train:127 - Epoch 30 took 29.570797443389893 seconds
2019-10-26 13:59:09.664 | INFO     | base_classes.trainer:train:123 - [EPOCH: 31, STEP: 80, DATA: 10240] loss: 0.035964990267530084
2019-10-26 13:59:15.717 | INFO     | base_classes.trainer:train:123 - [EPOCH: 31, STEP: 160, DATA: 20480] loss: 0.03637152635492384
2019-10-26 13:59:21.767 | INFO     | base_classes.trainer:train:123 - [EPOCH: 31, STEP: 240, DATA: 30720] loss: 0.03636727477423847
2019-10-26 13:59:27.893 | INFO     | base_classes.trainer:train:123 - [EPOCH: 31, STEP: 320, DATA: 40960] loss: 0.0365454497281462
2019-10-26 13:59:33.221 | INFO     | base_classes.trainer:train:127 - Epoch 31 took 29.576488971710205 seconds
2019-10-26 13:59:33.236 | INFO     | base_classes.trainer:_save_model:158 - NN model weights saved successfully!
2019-10-26 13:59:39.297 | INFO     | base_classes.trainer:train:123 - [EPOCH: 32, STEP: 80, DATA: 10240] loss: 0.035891661141067746
2019-10-26 13:59:45.339 | INFO     | base_classes.trainer:train:123 - [EPOCH: 32, STEP: 160, DATA: 20480] loss: 0.03648193893022835
2019-10-26 13:59:51.539 | INFO     | base_classes.trainer:train:123 - [EPOCH: 32, STEP: 240, DATA: 30720] loss: 0.036268009105697274
2019-10-26 13:59:57.729 | INFO     | base_classes.trainer:train:123 - [EPOCH: 32, STEP: 320, DATA: 40960] loss: 0.03641396351158619
2019-10-26 14:00:03.319 | INFO     | base_classes.trainer:train:127 - Epoch 32 took 30.082424640655518 seconds
2019-10-26 14:00:09.420 | INFO     | base_classes.trainer:train:123 - [EPOCH: 33, STEP: 80, DATA: 10240] loss: 0.03590890048071742
2019-10-26 14:00:15.434 | INFO     | base_classes.trainer:train:123 - [EPOCH: 33, STEP: 160, DATA: 20480] loss: 0.03638823651708663
2019-10-26 14:00:21.491 | INFO     | base_classes.trainer:train:123 - [EPOCH: 33, STEP: 240, DATA: 30720] loss: 0.03663581749424338
2019-10-26 14:00:27.629 | INFO     | base_classes.trainer:train:123 - [EPOCH: 33, STEP: 320, DATA: 40960] loss: 0.03657682705670595
2019-10-26 14:00:33.197 | INFO     | base_classes.trainer:train:127 - Epoch 33 took 29.859029054641724 seconds
2019-10-26 14:00:39.252 | INFO     | base_classes.trainer:train:123 - [EPOCH: 34, STEP: 80, DATA: 10240] loss: 0.035885232081636784
2019-10-26 14:00:45.375 | INFO     | base_classes.trainer:train:123 - [EPOCH: 34, STEP: 160, DATA: 20480] loss: 0.03632852197624743
2019-10-26 14:00:51.538 | INFO     | base_classes.trainer:train:123 - [EPOCH: 34, STEP: 240, DATA: 30720] loss: 0.03609021389856935
2019-10-26 14:00:57.724 | INFO     | base_classes.trainer:train:123 - [EPOCH: 34, STEP: 320, DATA: 40960] loss: 0.03652839637361467
2019-10-26 14:01:03.284 | INFO     | base_classes.trainer:train:127 - Epoch 34 took 30.085872173309326 seconds
2019-10-26 14:01:09.688 | INFO     | base_classes.trainer:train:123 - [EPOCH: 35, STEP: 80, DATA: 10240] loss: 0.03600733457133174
2019-10-26 14:01:15.739 | INFO     | base_classes.trainer:train:123 - [EPOCH: 35, STEP: 160, DATA: 20480] loss: 0.03640806186012924
2019-10-26 14:01:21.733 | INFO     | base_classes.trainer:train:123 - [EPOCH: 35, STEP: 240, DATA: 30720] loss: 0.036179303750395776
2019-10-26 14:01:27.749 | INFO     | base_classes.trainer:train:123 - [EPOCH: 35, STEP: 320, DATA: 40960] loss: 0.03656818633899093
2019-10-26 14:01:33.082 | INFO     | base_classes.trainer:train:127 - Epoch 35 took 29.79670548439026 seconds
2019-10-26 14:01:39.057 | INFO     | base_classes.trainer:train:123 - [EPOCH: 36, STEP: 80, DATA: 10240] loss: 0.03587361527606845
2019-10-26 14:01:45.064 | INFO     | base_classes.trainer:train:123 - [EPOCH: 36, STEP: 160, DATA: 20480] loss: 0.036347481049597265
2019-10-26 14:01:51.129 | INFO     | base_classes.trainer:train:123 - [EPOCH: 36, STEP: 240, DATA: 30720] loss: 0.036167466826736924
2019-10-26 14:01:57.295 | INFO     | base_classes.trainer:train:123 - [EPOCH: 36, STEP: 320, DATA: 40960] loss: 0.03660734868608415
2019-10-26 14:02:02.633 | INFO     | base_classes.trainer:train:127 - Epoch 36 took 29.55034375190735 seconds
2019-10-26 14:02:08.695 | INFO     | base_classes.trainer:train:123 - [EPOCH: 37, STEP: 80, DATA: 10240] loss: 0.035955438995733856
2019-10-26 14:02:14.746 | INFO     | base_classes.trainer:train:123 - [EPOCH: 37, STEP: 160, DATA: 20480] loss: 0.03653954192996025
2019-10-26 14:02:20.761 | INFO     | base_classes.trainer:train:123 - [EPOCH: 37, STEP: 240, DATA: 30720] loss: 0.036138183530420066
2019-10-26 14:02:26.829 | INFO     | base_classes.trainer:train:123 - [EPOCH: 37, STEP: 320, DATA: 40960] loss: 0.03667507036589086
2019-10-26 14:02:32.145 | INFO     | base_classes.trainer:train:127 - Epoch 37 took 29.510865688323975 seconds
2019-10-26 14:02:38.182 | INFO     | base_classes.trainer:train:123 - [EPOCH: 38, STEP: 80, DATA: 10240] loss: 0.03592668785713613
2019-10-26 14:02:44.193 | INFO     | base_classes.trainer:train:123 - [EPOCH: 38, STEP: 160, DATA: 20480] loss: 0.0365283377468586
2019-10-26 14:02:50.225 | INFO     | base_classes.trainer:train:123 - [EPOCH: 38, STEP: 240, DATA: 30720] loss: 0.03639182318001986
2019-10-26 14:02:56.315 | INFO     | base_classes.trainer:train:123 - [EPOCH: 38, STEP: 320, DATA: 40960] loss: 0.03646997162140906
2019-10-26 14:03:01.624 | INFO     | base_classes.trainer:train:127 - Epoch 38 took 29.477829694747925 seconds
2019-10-26 14:03:07.627 | INFO     | base_classes.trainer:train:123 - [EPOCH: 39, STEP: 80, DATA: 10240] loss: 0.035890985699370506
2019-10-26 14:03:13.793 | INFO     | base_classes.trainer:train:123 - [EPOCH: 39, STEP: 160, DATA: 20480] loss: 0.036476087383925916
2019-10-26 14:03:19.909 | INFO     | base_classes.trainer:train:123 - [EPOCH: 39, STEP: 240, DATA: 30720] loss: 0.036136595206335186
2019-10-26 14:03:26.022 | INFO     | base_classes.trainer:train:123 - [EPOCH: 39, STEP: 320, DATA: 40960] loss: 0.03654963155277073
2019-10-26 14:03:31.306 | INFO     | base_classes.trainer:train:127 - Epoch 39 took 29.680317878723145 seconds
2019-10-26 14:03:37.402 | INFO     | base_classes.trainer:train:123 - [EPOCH: 40, STEP: 80, DATA: 10240] loss: 0.03591577946208417
2019-10-26 14:03:43.468 | INFO     | base_classes.trainer:train:123 - [EPOCH: 40, STEP: 160, DATA: 20480] loss: 0.03638589847832918
2019-10-26 14:03:49.619 | INFO     | base_classes.trainer:train:123 - [EPOCH: 40, STEP: 240, DATA: 30720] loss: 0.03634580308571458
2019-10-26 14:03:55.701 | INFO     | base_classes.trainer:train:123 - [EPOCH: 40, STEP: 320, DATA: 40960] loss: 0.03642109669744968
2019-10-26 14:04:00.991 | INFO     | base_classes.trainer:train:127 - Epoch 40 took 29.68352723121643 seconds
2019-10-26 14:04:06.997 | INFO     | base_classes.trainer:train:123 - [EPOCH: 41, STEP: 80, DATA: 10240] loss: 0.03586602141149342
2019-10-26 14:04:13.128 | INFO     | base_classes.trainer:train:123 - [EPOCH: 41, STEP: 160, DATA: 20480] loss: 0.0364086186978966
2019-10-26 14:04:19.125 | INFO     | base_classes.trainer:train:123 - [EPOCH: 41, STEP: 240, DATA: 30720] loss: 0.03613993725739419
2019-10-26 14:04:25.128 | INFO     | base_classes.trainer:train:123 - [EPOCH: 41, STEP: 320, DATA: 40960] loss: 0.03659443994984031
2019-10-26 14:04:30.466 | INFO     | base_classes.trainer:train:127 - Epoch 41 took 29.472793579101562 seconds
2019-10-26 14:04:30.484 | INFO     | base_classes.trainer:_save_model:158 - NN model weights saved successfully!
2019-10-26 14:04:36.641 | INFO     | base_classes.trainer:train:123 - [EPOCH: 42, STEP: 80, DATA: 10240] loss: 0.03601468754932284
2019-10-26 14:04:42.704 | INFO     | base_classes.trainer:train:123 - [EPOCH: 42, STEP: 160, DATA: 20480] loss: 0.036558002699166536
2019-10-26 14:04:48.754 | INFO     | base_classes.trainer:train:123 - [EPOCH: 42, STEP: 240, DATA: 30720] loss: 0.03617506101727486
2019-10-26 14:04:54.773 | INFO     | base_classes.trainer:train:123 - [EPOCH: 42, STEP: 320, DATA: 40960] loss: 0.036562359472736713
2019-10-26 14:05:00.065 | INFO     | base_classes.trainer:train:127 - Epoch 42 took 29.58031725883484 seconds
2019-10-26 14:05:06.090 | INFO     | base_classes.trainer:train:123 - [EPOCH: 43, STEP: 80, DATA: 10240] loss: 0.035911527229472995
2019-10-26 14:05:12.103 | INFO     | base_classes.trainer:train:123 - [EPOCH: 43, STEP: 160, DATA: 20480] loss: 0.03633778030052781
2019-10-26 14:05:18.139 | INFO     | base_classes.trainer:train:123 - [EPOCH: 43, STEP: 240, DATA: 30720] loss: 0.03619864783249795
2019-10-26 14:05:24.119 | INFO     | base_classes.trainer:train:123 - [EPOCH: 43, STEP: 320, DATA: 40960] loss: 0.03655802896246314
2019-10-26 14:05:29.407 | INFO     | base_classes.trainer:train:127 - Epoch 43 took 29.340693712234497 seconds
2019-10-26 14:05:35.451 | INFO     | base_classes.trainer:train:123 - [EPOCH: 44, STEP: 80, DATA: 10240] loss: 0.03595250842627138
2019-10-26 14:05:41.459 | INFO     | base_classes.trainer:train:123 - [EPOCH: 44, STEP: 160, DATA: 20480] loss: 0.03649382670409977
2019-10-26 14:05:47.438 | INFO     | base_classes.trainer:train:123 - [EPOCH: 44, STEP: 240, DATA: 30720] loss: 0.036369631486013534
2019-10-26 14:05:53.424 | INFO     | base_classes.trainer:train:123 - [EPOCH: 44, STEP: 320, DATA: 40960] loss: 0.0364197145216167
2019-10-26 14:05:58.707 | INFO     | base_classes.trainer:train:127 - Epoch 44 took 29.29763436317444 seconds
2019-10-26 14:06:04.705 | INFO     | base_classes.trainer:train:123 - [EPOCH: 45, STEP: 80, DATA: 10240] loss: 0.035935595631599426
2019-10-26 14:06:10.711 | INFO     | base_classes.trainer:train:123 - [EPOCH: 45, STEP: 160, DATA: 20480] loss: 0.036409508902579546
2019-10-26 14:06:16.705 | INFO     | base_classes.trainer:train:123 - [EPOCH: 45, STEP: 240, DATA: 30720] loss: 0.0361800673417747
2019-10-26 14:06:22.712 | INFO     | base_classes.trainer:train:123 - [EPOCH: 45, STEP: 320, DATA: 40960] loss: 0.03656919910572469
2019-10-26 14:06:28.085 | INFO     | base_classes.trainer:train:127 - Epoch 45 took 29.377791166305542 seconds
2019-10-26 14:06:28.101 | INFO     | base_classes.trainer:_save_model:158 - NN model weights saved successfully!
2019-10-26 14:06:28.102 | INFO     | base_classes.trainer:train:139 - Finished Training
2019-10-26 14:06:28.106 | INFO     | __main__:main:29 - Finished Generating
