2019-10-26 14:06:35.288 | DEBUG    | __main__:main:18 - Training version: V123
2019-10-26 14:06:35.289 | INFO     | __main__:deploy_training:33 - TRAINING
2019-10-26 14:06:35.290 | INFO     | __main__:deploy_training:34 - Choosing version V123
2019-10-26 14:06:35.292 | INFO     | __main__:deploy_training:38 - Saving models to directory model_states/V123
2019-10-26 14:06:35.293 | INFO     | base_classes.setup_creator:create_dataset:40 - All dataset features collected properly!
2019-10-26 14:06:35.295 | INFO     | base_classes.data_collector:collect_images:25 - List of loaded files: []
2019-10-26 14:06:35.296 | INFO     | base_classes.data_collector:collect_images:26 - 0 images loaded from: .!
2019-10-26 14:06:35.296 | ERROR    | base_classes.data_collector:collect_images:28 - Images loading from . failed!
2019-10-26 14:06:35.297 | INFO     | base_classes.dataset_classes:__init__:84 - Loading train set
2019-10-26 14:06:52.841 | INFO     | base_classes.dataset_classes:__init__:122 - Dataset prepared
2019-10-26 14:06:54.840 | DEBUG    | base_classes.trainer:__init__:31 - Choosing net FCN_net_mega
2019-10-26 14:06:54.842 | INFO     | base_classes.trainer:__init__:35 - cuda:0
2019-10-26 14:06:56.139 | DEBUG    | base_classes.trainer:__init__:48 - model_states/V123/fcn_modelV123_epoch_final.pth: given model not found! Network will be initialized with random weights.
2019-10-26 14:06:56.140 | DEBUG    | base_classes.trainer:train:58 - Trainer loss function: SmoothL1Loss()
2019-10-26 14:06:56.141 | DEBUG    | base_classes.trainer:train:62 - Trainer optimizer: Adam (
Parameter Group 0
    amsgrad: False
    betas: (0.9, 0.999)
    eps: 1e-08
    lr: 0.1
    weight_decay: 1e-10
)
2019-10-26 14:06:56.142 | DEBUG    | base_classes.trainer:train:70 - Cannot initialize scheduler: 'name'
2019-10-26 14:06:56.143 | DEBUG    | base_classes.trainer:train:78 - model_states/V123/fcn_modelV123_epoch_final.pth: given optimizer not found! It will be initialized with random weights.
2019-10-26 14:07:02.801 | INFO     | base_classes.trainer:train:123 - [EPOCH: 1, STEP: 80, DATA: 10240] loss: 0.008071202406426892
2019-10-26 14:07:08.792 | INFO     | base_classes.trainer:train:123 - [EPOCH: 1, STEP: 160, DATA: 20480] loss: 0.0013980359930428677
2019-10-26 14:07:14.824 | INFO     | base_classes.trainer:train:123 - [EPOCH: 1, STEP: 240, DATA: 30720] loss: 0.001408923845156096
2019-10-26 14:07:20.801 | INFO     | base_classes.trainer:train:123 - [EPOCH: 1, STEP: 320, DATA: 40960] loss: 0.001405196929408703
2019-10-26 14:07:26.154 | INFO     | base_classes.trainer:train:127 - Epoch 1 took 30.008577823638916 seconds
2019-10-26 14:07:26.170 | INFO     | base_classes.trainer:_save_model:158 - NN model weights saved successfully!
2019-10-26 14:07:32.194 | INFO     | base_classes.trainer:train:123 - [EPOCH: 2, STEP: 80, DATA: 10240] loss: 0.001383143739803927
2019-10-26 14:07:38.192 | INFO     | base_classes.trainer:train:123 - [EPOCH: 2, STEP: 160, DATA: 20480] loss: 0.0014137275516986846
2019-10-26 14:07:44.192 | INFO     | base_classes.trainer:train:123 - [EPOCH: 2, STEP: 240, DATA: 30720] loss: 0.001421811693580821
2019-10-26 14:07:50.217 | INFO     | base_classes.trainer:train:123 - [EPOCH: 2, STEP: 320, DATA: 40960] loss: 0.0014043828923604451
2019-10-26 14:07:55.545 | INFO     | base_classes.trainer:train:127 - Epoch 2 took 29.37409782409668 seconds
2019-10-26 14:08:01.573 | INFO     | base_classes.trainer:train:123 - [EPOCH: 3, STEP: 80, DATA: 10240] loss: 0.0013760101297521032
2019-10-26 14:08:07.561 | INFO     | base_classes.trainer:train:123 - [EPOCH: 3, STEP: 160, DATA: 20480] loss: 0.0014072607096750288
2019-10-26 14:08:13.555 | INFO     | base_classes.trainer:train:123 - [EPOCH: 3, STEP: 240, DATA: 30720] loss: 0.0014269869221607222
2019-10-26 14:08:19.575 | INFO     | base_classes.trainer:train:123 - [EPOCH: 3, STEP: 320, DATA: 40960] loss: 0.0014009964477736502
2019-10-26 14:08:24.903 | INFO     | base_classes.trainer:train:127 - Epoch 3 took 29.35741662979126 seconds
2019-10-26 14:08:30.901 | INFO     | base_classes.trainer:train:123 - [EPOCH: 4, STEP: 80, DATA: 10240] loss: 0.001357214993913658
2019-10-26 14:08:36.912 | INFO     | base_classes.trainer:train:123 - [EPOCH: 4, STEP: 160, DATA: 20480] loss: 0.0014036223758012057
2019-10-26 14:08:42.982 | INFO     | base_classes.trainer:train:123 - [EPOCH: 4, STEP: 240, DATA: 30720] loss: 0.0013870725626475178
2019-10-26 14:08:48.989 | INFO     | base_classes.trainer:train:123 - [EPOCH: 4, STEP: 320, DATA: 40960] loss: 0.0013812984994729049
2019-10-26 14:08:54.309 | INFO     | base_classes.trainer:train:127 - Epoch 4 took 29.40483593940735 seconds
2019-10-26 14:09:00.309 | INFO     | base_classes.trainer:train:123 - [EPOCH: 5, STEP: 80, DATA: 10240] loss: 0.0013321475285920314
2019-10-26 14:09:06.340 | INFO     | base_classes.trainer:train:123 - [EPOCH: 5, STEP: 160, DATA: 20480] loss: 0.0013771617726888508
2019-10-26 14:09:12.363 | INFO     | base_classes.trainer:train:123 - [EPOCH: 5, STEP: 240, DATA: 30720] loss: 0.0013585229840828105
2019-10-26 14:09:18.452 | INFO     | base_classes.trainer:train:123 - [EPOCH: 5, STEP: 320, DATA: 40960] loss: 0.0013440246075333562
2019-10-26 14:09:23.803 | INFO     | base_classes.trainer:train:127 - Epoch 5 took 29.492602109909058 seconds
2019-10-26 14:09:29.807 | INFO     | base_classes.trainer:train:123 - [EPOCH: 6, STEP: 80, DATA: 10240] loss: 0.0012994806471397168
2019-10-26 14:09:35.849 | INFO     | base_classes.trainer:train:123 - [EPOCH: 6, STEP: 160, DATA: 20480] loss: 0.0013517457860871217
2019-10-26 14:09:41.868 | INFO     | base_classes.trainer:train:123 - [EPOCH: 6, STEP: 240, DATA: 30720] loss: 0.0013189273784519173
2019-10-26 14:09:47.897 | INFO     | base_classes.trainer:train:123 - [EPOCH: 6, STEP: 320, DATA: 40960] loss: 0.0013480744084517938
2019-10-26 14:09:53.229 | INFO     | base_classes.trainer:train:127 - Epoch 6 took 29.42465567588806 seconds
2019-10-26 14:09:59.277 | INFO     | base_classes.trainer:train:123 - [EPOCH: 7, STEP: 80, DATA: 10240] loss: 0.001283738124766387
2019-10-26 14:10:05.335 | INFO     | base_classes.trainer:train:123 - [EPOCH: 7, STEP: 160, DATA: 20480] loss: 0.0013371342109167017
2019-10-26 14:10:11.381 | INFO     | base_classes.trainer:train:123 - [EPOCH: 7, STEP: 240, DATA: 30720] loss: 0.001303938016644679
2019-10-26 14:10:17.412 | INFO     | base_classes.trainer:train:123 - [EPOCH: 7, STEP: 320, DATA: 40960] loss: 0.0013463659604894928
2019-10-26 14:10:22.758 | INFO     | base_classes.trainer:train:127 - Epoch 7 took 29.527998685836792 seconds
2019-10-26 14:10:28.778 | INFO     | base_classes.trainer:train:123 - [EPOCH: 8, STEP: 80, DATA: 10240] loss: 0.00127413420486846
2019-10-26 14:10:34.801 | INFO     | base_classes.trainer:train:123 - [EPOCH: 8, STEP: 160, DATA: 20480] loss: 0.0013249568772152997
2019-10-26 14:10:40.783 | INFO     | base_classes.trainer:train:123 - [EPOCH: 8, STEP: 240, DATA: 30720] loss: 0.0012936500017531217
2019-10-26 14:10:46.829 | INFO     | base_classes.trainer:train:123 - [EPOCH: 8, STEP: 320, DATA: 40960] loss: 0.0013200361085182522
2019-10-26 14:10:52.162 | INFO     | base_classes.trainer:train:127 - Epoch 8 took 29.403741359710693 seconds
2019-10-26 14:10:58.162 | INFO     | base_classes.trainer:train:123 - [EPOCH: 9, STEP: 80, DATA: 10240] loss: 0.0012715557233605069
2019-10-26 14:11:04.170 | INFO     | base_classes.trainer:train:123 - [EPOCH: 9, STEP: 160, DATA: 20480] loss: 0.001313503157143714
2019-10-26 14:11:10.210 | INFO     | base_classes.trainer:train:123 - [EPOCH: 9, STEP: 240, DATA: 30720] loss: 0.0012884656876849475
2019-10-26 14:11:16.297 | INFO     | base_classes.trainer:train:123 - [EPOCH: 9, STEP: 320, DATA: 40960] loss: 0.0013160264941689092
2019-10-26 14:11:21.667 | INFO     | base_classes.trainer:train:127 - Epoch 9 took 29.503639936447144 seconds
2019-10-26 14:11:27.719 | INFO     | base_classes.trainer:train:123 - [EPOCH: 10, STEP: 80, DATA: 10240] loss: 0.0012620554756722414
2019-10-26 14:11:33.784 | INFO     | base_classes.trainer:train:123 - [EPOCH: 10, STEP: 160, DATA: 20480] loss: 0.0013063994898402597
2019-10-26 14:11:39.901 | INFO     | base_classes.trainer:train:123 - [EPOCH: 10, STEP: 240, DATA: 30720] loss: 0.0012779620621586219
2019-10-26 14:11:45.951 | INFO     | base_classes.trainer:train:123 - [EPOCH: 10, STEP: 320, DATA: 40960] loss: 0.0013011860253755003
2019-10-26 14:11:51.301 | INFO     | base_classes.trainer:train:127 - Epoch 10 took 29.633368968963623 seconds
2019-10-26 14:11:57.335 | INFO     | base_classes.trainer:train:123 - [EPOCH: 11, STEP: 80, DATA: 10240] loss: 0.0012661958659009541
2019-10-26 14:12:03.363 | INFO     | base_classes.trainer:train:123 - [EPOCH: 11, STEP: 160, DATA: 20480] loss: 0.0013004564920265694
2019-10-26 14:12:09.350 | INFO     | base_classes.trainer:train:123 - [EPOCH: 11, STEP: 240, DATA: 30720] loss: 0.0012753784598316998
2019-10-26 14:12:15.343 | INFO     | base_classes.trainer:train:123 - [EPOCH: 11, STEP: 320, DATA: 40960] loss: 0.0012976380588952453
2019-10-26 14:12:20.665 | INFO     | base_classes.trainer:train:127 - Epoch 11 took 29.362701892852783 seconds
2019-10-26 14:12:20.681 | INFO     | base_classes.trainer:_save_model:158 - NN model weights saved successfully!
2019-10-26 14:12:26.862 | INFO     | base_classes.trainer:train:123 - [EPOCH: 12, STEP: 80, DATA: 10240] loss: 0.0012553739979921374
2019-10-26 14:12:32.926 | INFO     | base_classes.trainer:train:123 - [EPOCH: 12, STEP: 160, DATA: 20480] loss: 0.0013072221554466523
2019-10-26 14:12:38.989 | INFO     | base_classes.trainer:train:123 - [EPOCH: 12, STEP: 240, DATA: 30720] loss: 0.0012736674427287654
2019-10-26 14:12:44.966 | INFO     | base_classes.trainer:train:123 - [EPOCH: 12, STEP: 320, DATA: 40960] loss: 0.001285006880061701
2019-10-26 14:12:50.272 | INFO     | base_classes.trainer:train:127 - Epoch 12 took 29.58971858024597 seconds
2019-10-26 14:12:56.260 | INFO     | base_classes.trainer:train:123 - [EPOCH: 13, STEP: 80, DATA: 10240] loss: 0.0012537662143586204
2019-10-26 14:13:02.217 | INFO     | base_classes.trainer:train:123 - [EPOCH: 13, STEP: 160, DATA: 20480] loss: 0.0012981818843400105
2019-10-26 14:13:08.199 | INFO     | base_classes.trainer:train:123 - [EPOCH: 13, STEP: 240, DATA: 30720] loss: 0.0012689081122516654
2019-10-26 14:13:14.237 | INFO     | base_classes.trainer:train:123 - [EPOCH: 13, STEP: 320, DATA: 40960] loss: 0.0012919678018079139
2019-10-26 14:13:19.510 | INFO     | base_classes.trainer:train:127 - Epoch 13 took 29.236867666244507 seconds
2019-10-26 14:13:25.464 | INFO     | base_classes.trainer:train:123 - [EPOCH: 14, STEP: 80, DATA: 10240] loss: 0.0012533306944533251
2019-10-26 14:13:31.417 | INFO     | base_classes.trainer:train:123 - [EPOCH: 14, STEP: 160, DATA: 20480] loss: 0.0012968048380571418
2019-10-26 14:13:37.380 | INFO     | base_classes.trainer:train:123 - [EPOCH: 14, STEP: 240, DATA: 30720] loss: 0.0012683797904173844
2019-10-26 14:13:43.409 | INFO     | base_classes.trainer:train:123 - [EPOCH: 14, STEP: 320, DATA: 40960] loss: 0.001276079703529831
2019-10-26 14:13:48.838 | INFO     | base_classes.trainer:train:127 - Epoch 14 took 29.32732367515564 seconds
2019-10-26 14:13:54.861 | INFO     | base_classes.trainer:train:123 - [EPOCH: 15, STEP: 80, DATA: 10240] loss: 0.0012485697508964222
2019-10-26 14:14:00.875 | INFO     | base_classes.trainer:train:123 - [EPOCH: 15, STEP: 160, DATA: 20480] loss: 0.0012970831696293317
2019-10-26 14:14:06.869 | INFO     | base_classes.trainer:train:123 - [EPOCH: 15, STEP: 240, DATA: 30720] loss: 0.0012680497231485788
2019-10-26 14:14:12.863 | INFO     | base_classes.trainer:train:123 - [EPOCH: 15, STEP: 320, DATA: 40960] loss: 0.00129385778127471
2019-10-26 14:14:18.155 | INFO     | base_classes.trainer:train:127 - Epoch 15 took 29.3152756690979 seconds
2019-10-26 14:14:24.246 | INFO     | base_classes.trainer:train:123 - [EPOCH: 16, STEP: 80, DATA: 10240] loss: 0.0012780859338818117
2019-10-26 14:14:30.280 | INFO     | base_classes.trainer:train:123 - [EPOCH: 16, STEP: 160, DATA: 20480] loss: 0.0013208259631937835
2019-10-26 14:14:36.383 | INFO     | base_classes.trainer:train:123 - [EPOCH: 16, STEP: 240, DATA: 30720] loss: 0.001286658170283772
2019-10-26 14:14:42.423 | INFO     | base_classes.trainer:train:123 - [EPOCH: 16, STEP: 320, DATA: 40960] loss: 0.001285507288412191
2019-10-26 14:14:47.763 | INFO     | base_classes.trainer:train:127 - Epoch 16 took 29.607009410858154 seconds
2019-10-26 14:14:53.846 | INFO     | base_classes.trainer:train:123 - [EPOCH: 17, STEP: 80, DATA: 10240] loss: 0.0012543655233457685
2019-10-26 14:14:59.992 | INFO     | base_classes.trainer:train:123 - [EPOCH: 17, STEP: 160, DATA: 20480] loss: 0.0012960695145011413
2019-10-26 14:15:06.110 | INFO     | base_classes.trainer:train:123 - [EPOCH: 17, STEP: 240, DATA: 30720] loss: 0.001274674104206497
2019-10-26 14:15:12.075 | INFO     | base_classes.trainer:train:123 - [EPOCH: 17, STEP: 320, DATA: 40960] loss: 0.0012764361774316058
2019-10-26 14:15:17.384 | INFO     | base_classes.trainer:train:127 - Epoch 17 took 29.62054181098938 seconds
2019-10-26 14:15:23.443 | INFO     | base_classes.trainer:train:123 - [EPOCH: 18, STEP: 80, DATA: 10240] loss: 0.001251672106445767
2019-10-26 14:15:29.532 | INFO     | base_classes.trainer:train:123 - [EPOCH: 18, STEP: 160, DATA: 20480] loss: 0.0012937136852997355
2019-10-26 14:15:35.583 | INFO     | base_classes.trainer:train:123 - [EPOCH: 18, STEP: 240, DATA: 30720] loss: 0.0012690511088294444
2019-10-26 14:15:41.518 | INFO     | base_classes.trainer:train:123 - [EPOCH: 18, STEP: 320, DATA: 40960] loss: 0.001264928196906112
2019-10-26 14:15:46.761 | INFO     | base_classes.trainer:train:127 - Epoch 18 took 29.37615418434143 seconds
2019-10-26 14:15:52.696 | INFO     | base_classes.trainer:train:123 - [EPOCH: 19, STEP: 80, DATA: 10240] loss: 0.0012529187188192736
2019-10-26 14:15:58.626 | INFO     | base_classes.trainer:train:123 - [EPOCH: 19, STEP: 160, DATA: 20480] loss: 0.0012947225906827953
2019-10-26 14:16:04.565 | INFO     | base_classes.trainer:train:123 - [EPOCH: 19, STEP: 240, DATA: 30720] loss: 0.0012583230098243802
2019-10-26 14:16:10.627 | INFO     | base_classes.trainer:train:123 - [EPOCH: 19, STEP: 320, DATA: 40960] loss: 0.0012747325403324795
2019-10-26 14:16:15.890 | INFO     | base_classes.trainer:train:127 - Epoch 19 took 29.127522706985474 seconds
2019-10-26 14:16:21.827 | INFO     | base_classes.trainer:train:123 - [EPOCH: 20, STEP: 80, DATA: 10240] loss: 0.0012504031459684485
2019-10-26 14:16:27.770 | INFO     | base_classes.trainer:train:123 - [EPOCH: 20, STEP: 160, DATA: 20480] loss: 0.0012963829431100748
2019-10-26 14:16:33.712 | INFO     | base_classes.trainer:train:123 - [EPOCH: 20, STEP: 240, DATA: 30720] loss: 0.0012573426560265944
2019-10-26 14:16:39.647 | INFO     | base_classes.trainer:train:123 - [EPOCH: 20, STEP: 320, DATA: 40960] loss: 0.0012612605627509766
2019-10-26 14:16:44.912 | INFO     | base_classes.trainer:train:127 - Epoch 20 took 29.020964860916138 seconds
2019-10-26 14:16:50.862 | INFO     | base_classes.trainer:train:123 - [EPOCH: 21, STEP: 80, DATA: 10240] loss: 0.0012444885644072202
2019-10-26 14:16:56.817 | INFO     | base_classes.trainer:train:123 - [EPOCH: 21, STEP: 160, DATA: 20480] loss: 0.00129142755176872
2019-10-26 14:17:02.770 | INFO     | base_classes.trainer:train:123 - [EPOCH: 21, STEP: 240, DATA: 30720] loss: 0.001257433308637701
2019-10-26 14:17:08.712 | INFO     | base_classes.trainer:train:123 - [EPOCH: 21, STEP: 320, DATA: 40960] loss: 0.0012588852980115917
2019-10-26 14:17:13.987 | INFO     | base_classes.trainer:train:127 - Epoch 21 took 29.074453592300415 seconds
2019-10-26 14:17:14.003 | INFO     | base_classes.trainer:_save_model:158 - NN model weights saved successfully!
2019-10-26 14:17:19.971 | INFO     | base_classes.trainer:train:123 - [EPOCH: 22, STEP: 80, DATA: 10240] loss: 0.0012410595205437857
2019-10-26 14:17:25.938 | INFO     | base_classes.trainer:train:123 - [EPOCH: 22, STEP: 160, DATA: 20480] loss: 0.0012938549785758368
2019-10-26 14:17:31.873 | INFO     | base_classes.trainer:train:123 - [EPOCH: 22, STEP: 240, DATA: 30720] loss: 0.001252969241613755
2019-10-26 14:17:37.840 | INFO     | base_classes.trainer:train:123 - [EPOCH: 22, STEP: 320, DATA: 40960] loss: 0.001261498109670356
2019-10-26 14:17:43.125 | INFO     | base_classes.trainer:train:127 - Epoch 22 took 29.120779037475586 seconds
2019-10-26 14:17:49.088 | INFO     | base_classes.trainer:train:123 - [EPOCH: 23, STEP: 80, DATA: 10240] loss: 0.0012397858081385493
2019-10-26 14:17:55.067 | INFO     | base_classes.trainer:train:123 - [EPOCH: 23, STEP: 160, DATA: 20480] loss: 0.001293988111865474
2019-10-26 14:18:01.066 | INFO     | base_classes.trainer:train:123 - [EPOCH: 23, STEP: 240, DATA: 30720] loss: 0.0012644592017750256
2019-10-26 14:18:07.065 | INFO     | base_classes.trainer:train:123 - [EPOCH: 23, STEP: 320, DATA: 40960] loss: 0.001256647777336184
2019-10-26 14:18:12.341 | INFO     | base_classes.trainer:train:127 - Epoch 23 took 29.215193510055542 seconds
2019-10-26 14:18:18.314 | INFO     | base_classes.trainer:train:123 - [EPOCH: 24, STEP: 80, DATA: 10240] loss: 0.0012493196940340568
2019-10-26 14:18:24.313 | INFO     | base_classes.trainer:train:123 - [EPOCH: 24, STEP: 160, DATA: 20480] loss: 0.0012975689365703146
2019-10-26 14:18:30.321 | INFO     | base_classes.trainer:train:123 - [EPOCH: 24, STEP: 240, DATA: 30720] loss: 0.0012514028683654032
2019-10-26 14:18:36.323 | INFO     | base_classes.trainer:train:123 - [EPOCH: 24, STEP: 320, DATA: 40960] loss: 0.0012548760074423625
2019-10-26 14:18:41.615 | INFO     | base_classes.trainer:train:127 - Epoch 24 took 29.272618770599365 seconds
2019-10-26 14:18:47.577 | INFO     | base_classes.trainer:train:123 - [EPOCH: 25, STEP: 80, DATA: 10240] loss: 0.0012433482967026065
2019-10-26 14:18:53.567 | INFO     | base_classes.trainer:train:123 - [EPOCH: 25, STEP: 160, DATA: 20480] loss: 0.0012982071522856132
2019-10-26 14:18:59.565 | INFO     | base_classes.trainer:train:123 - [EPOCH: 25, STEP: 240, DATA: 30720] loss: 0.0012524767778813839
2019-10-26 14:19:05.536 | INFO     | base_classes.trainer:train:123 - [EPOCH: 25, STEP: 320, DATA: 40960] loss: 0.001251049607526511
2019-10-26 14:19:10.784 | INFO     | base_classes.trainer:train:127 - Epoch 25 took 29.168516874313354 seconds
2019-10-26 14:19:16.740 | INFO     | base_classes.trainer:train:123 - [EPOCH: 26, STEP: 80, DATA: 10240] loss: 0.0012351104291155935
2019-10-26 14:19:22.677 | INFO     | base_classes.trainer:train:123 - [EPOCH: 26, STEP: 160, DATA: 20480] loss: 0.0012925176430144346
2019-10-26 14:19:28.618 | INFO     | base_classes.trainer:train:123 - [EPOCH: 26, STEP: 240, DATA: 30720] loss: 0.0012509365420555695
2019-10-26 14:19:34.585 | INFO     | base_classes.trainer:train:123 - [EPOCH: 26, STEP: 320, DATA: 40960] loss: 0.001248912009759806
2019-10-26 14:19:39.831 | INFO     | base_classes.trainer:train:127 - Epoch 26 took 29.045412302017212 seconds
2019-10-26 14:19:45.770 | INFO     | base_classes.trainer:train:123 - [EPOCH: 27, STEP: 80, DATA: 10240] loss: 0.0012373062971164472
2019-10-26 14:19:51.737 | INFO     | base_classes.trainer:train:123 - [EPOCH: 27, STEP: 160, DATA: 20480] loss: 0.0012952670709637459
2019-10-26 14:19:57.679 | INFO     | base_classes.trainer:train:123 - [EPOCH: 27, STEP: 240, DATA: 30720] loss: 0.0012448546207451728
2019-10-26 14:20:03.619 | INFO     | base_classes.trainer:train:123 - [EPOCH: 27, STEP: 320, DATA: 40960] loss: 0.0012444265434169211
2019-10-26 14:20:08.904 | INFO     | base_classes.trainer:train:127 - Epoch 27 took 29.072542428970337 seconds
2019-10-26 14:20:14.889 | INFO     | base_classes.trainer:train:123 - [EPOCH: 28, STEP: 80, DATA: 10240] loss: 0.0012355733299045824
2019-10-26 14:20:20.831 | INFO     | base_classes.trainer:train:123 - [EPOCH: 28, STEP: 160, DATA: 20480] loss: 0.0012788637672201731
2019-10-26 14:20:26.788 | INFO     | base_classes.trainer:train:123 - [EPOCH: 28, STEP: 240, DATA: 30720] loss: 0.0012452205643057822
2019-10-26 14:20:32.727 | INFO     | base_classes.trainer:train:123 - [EPOCH: 28, STEP: 320, DATA: 40960] loss: 0.0012450474408979063
2019-10-26 14:20:37.992 | INFO     | base_classes.trainer:train:127 - Epoch 28 took 29.08701181411743 seconds
2019-10-26 14:20:43.963 | INFO     | base_classes.trainer:train:123 - [EPOCH: 29, STEP: 80, DATA: 10240] loss: 0.0012379172803775873
2019-10-26 14:20:49.996 | INFO     | base_classes.trainer:train:123 - [EPOCH: 29, STEP: 160, DATA: 20480] loss: 0.001284318901889492
2019-10-26 14:20:56.061 | INFO     | base_classes.trainer:train:123 - [EPOCH: 29, STEP: 240, DATA: 30720] loss: 0.0012453965391614474
2019-10-26 14:21:02.068 | INFO     | base_classes.trainer:train:123 - [EPOCH: 29, STEP: 320, DATA: 40960] loss: 0.0012435558121069335
2019-10-26 14:21:07.371 | INFO     | base_classes.trainer:train:127 - Epoch 29 took 29.377435445785522 seconds
2019-10-26 14:21:13.367 | INFO     | base_classes.trainer:train:123 - [EPOCH: 30, STEP: 80, DATA: 10240] loss: 0.0012342786510998848
2019-10-26 14:21:19.369 | INFO     | base_classes.trainer:train:123 - [EPOCH: 30, STEP: 160, DATA: 20480] loss: 0.0012913687824038789
2019-10-26 14:21:25.370 | INFO     | base_classes.trainer:train:123 - [EPOCH: 30, STEP: 240, DATA: 30720] loss: 0.0012481523262977134
2019-10-26 14:21:31.355 | INFO     | base_classes.trainer:train:123 - [EPOCH: 30, STEP: 320, DATA: 40960] loss: 0.0012464370876841713
2019-10-26 14:21:36.599 | INFO     | base_classes.trainer:train:127 - Epoch 30 took 29.227578163146973 seconds
2019-10-26 14:21:42.547 | INFO     | base_classes.trainer:train:123 - [EPOCH: 31, STEP: 80, DATA: 10240] loss: 0.0012218114847200924
2019-10-26 14:21:48.515 | INFO     | base_classes.trainer:train:123 - [EPOCH: 31, STEP: 160, DATA: 20480] loss: 0.001298833619512152
2019-10-26 14:21:54.456 | INFO     | base_classes.trainer:train:123 - [EPOCH: 31, STEP: 240, DATA: 30720] loss: 0.0012456940821721219
2019-10-26 14:22:00.400 | INFO     | base_classes.trainer:train:123 - [EPOCH: 31, STEP: 320, DATA: 40960] loss: 0.0012459185149054975
2019-10-26 14:22:05.646 | INFO     | base_classes.trainer:train:127 - Epoch 31 took 29.04547882080078 seconds
2019-10-26 14:22:05.661 | INFO     | base_classes.trainer:_save_model:158 - NN model weights saved successfully!
2019-10-26 14:22:11.622 | INFO     | base_classes.trainer:train:123 - [EPOCH: 32, STEP: 80, DATA: 10240] loss: 0.0012226211714732927
2019-10-26 14:22:17.565 | INFO     | base_classes.trainer:train:123 - [EPOCH: 32, STEP: 160, DATA: 20480] loss: 0.0012901879876153544
2019-10-26 14:22:23.505 | INFO     | base_classes.trainer:train:123 - [EPOCH: 32, STEP: 240, DATA: 30720] loss: 0.0012412004383804743
2019-10-26 14:22:29.440 | INFO     | base_classes.trainer:train:123 - [EPOCH: 32, STEP: 320, DATA: 40960] loss: 0.0012381246437144
2019-10-26 14:22:34.688 | INFO     | base_classes.trainer:train:127 - Epoch 32 took 29.025546550750732 seconds
2019-10-26 14:22:40.619 | INFO     | base_classes.trainer:train:123 - [EPOCH: 33, STEP: 80, DATA: 10240] loss: 0.0012252333894139157
2019-10-26 14:22:46.567 | INFO     | base_classes.trainer:train:123 - [EPOCH: 33, STEP: 160, DATA: 20480] loss: 0.0012722121333354152
2019-10-26 14:22:52.511 | INFO     | base_classes.trainer:train:123 - [EPOCH: 33, STEP: 240, DATA: 30720] loss: 0.001256928087968845
2019-10-26 14:22:58.455 | INFO     | base_classes.trainer:train:123 - [EPOCH: 33, STEP: 320, DATA: 40960] loss: 0.0012416102821589448
2019-10-26 14:23:03.702 | INFO     | base_classes.trainer:train:127 - Epoch 33 took 29.013068914413452 seconds
2019-10-26 14:23:09.651 | INFO     | base_classes.trainer:train:123 - [EPOCH: 34, STEP: 80, DATA: 10240] loss: 0.001226092032447923
2019-10-26 14:23:15.585 | INFO     | base_classes.trainer:train:123 - [EPOCH: 34, STEP: 160, DATA: 20480] loss: 0.0012723882595309989
2019-10-26 14:23:21.520 | INFO     | base_classes.trainer:train:123 - [EPOCH: 34, STEP: 240, DATA: 30720] loss: 0.0012367393341264688
2019-10-26 14:23:27.454 | INFO     | base_classes.trainer:train:123 - [EPOCH: 34, STEP: 320, DATA: 40960] loss: 0.0012455760908778757
2019-10-26 14:23:32.691 | INFO     | base_classes.trainer:train:127 - Epoch 34 took 28.98835325241089 seconds
2019-10-26 14:23:38.651 | INFO     | base_classes.trainer:train:123 - [EPOCH: 35, STEP: 80, DATA: 10240] loss: 0.0012260864663403482
2019-10-26 14:23:44.590 | INFO     | base_classes.trainer:train:123 - [EPOCH: 35, STEP: 160, DATA: 20480] loss: 0.0012648753472603858
2019-10-26 14:23:50.520 | INFO     | base_classes.trainer:train:123 - [EPOCH: 35, STEP: 240, DATA: 30720] loss: 0.0012297673281864263
2019-10-26 14:23:56.452 | INFO     | base_classes.trainer:train:123 - [EPOCH: 35, STEP: 320, DATA: 40960] loss: 0.001235315185476793
2019-10-26 14:24:01.695 | INFO     | base_classes.trainer:train:127 - Epoch 35 took 29.0030779838562 seconds
2019-10-26 14:24:07.626 | INFO     | base_classes.trainer:train:123 - [EPOCH: 36, STEP: 80, DATA: 10240] loss: 0.0012128868089348543
2019-10-26 14:24:13.555 | INFO     | base_classes.trainer:train:123 - [EPOCH: 36, STEP: 160, DATA: 20480] loss: 0.0012605504161911085
2019-10-26 14:24:19.484 | INFO     | base_classes.trainer:train:123 - [EPOCH: 36, STEP: 240, DATA: 30720] loss: 0.0012262870674021541
2019-10-26 14:24:25.416 | INFO     | base_classes.trainer:train:123 - [EPOCH: 36, STEP: 320, DATA: 40960] loss: 0.0012320793044636956
2019-10-26 14:24:30.666 | INFO     | base_classes.trainer:train:127 - Epoch 36 took 28.97033667564392 seconds
2019-10-26 14:24:36.617 | INFO     | base_classes.trainer:train:123 - [EPOCH: 37, STEP: 80, DATA: 10240] loss: 0.0012190770212328061
2019-10-26 14:24:42.558 | INFO     | base_classes.trainer:train:123 - [EPOCH: 37, STEP: 160, DATA: 20480] loss: 0.0012630073084437753
2019-10-26 14:24:48.487 | INFO     | base_classes.trainer:train:123 - [EPOCH: 37, STEP: 240, DATA: 30720] loss: 0.001229381155280862
2019-10-26 14:24:54.418 | INFO     | base_classes.trainer:train:123 - [EPOCH: 37, STEP: 320, DATA: 40960] loss: 0.0012404324792441913
2019-10-26 14:24:59.666 | INFO     | base_classes.trainer:train:127 - Epoch 37 took 28.998440265655518 seconds
2019-10-26 14:25:05.596 | INFO     | base_classes.trainer:train:123 - [EPOCH: 38, STEP: 80, DATA: 10240] loss: 0.0012234404079208617
2019-10-26 14:25:11.544 | INFO     | base_classes.trainer:train:123 - [EPOCH: 38, STEP: 160, DATA: 20480] loss: 0.001252497061068425
2019-10-26 14:25:17.495 | INFO     | base_classes.trainer:train:123 - [EPOCH: 38, STEP: 240, DATA: 30720] loss: 0.0012246730184415355
2019-10-26 14:25:23.434 | INFO     | base_classes.trainer:train:123 - [EPOCH: 38, STEP: 320, DATA: 40960] loss: 0.0012349358265055343
2019-10-26 14:25:28.685 | INFO     | base_classes.trainer:train:127 - Epoch 38 took 29.018380403518677 seconds
2019-10-26 14:25:34.618 | INFO     | base_classes.trainer:train:123 - [EPOCH: 39, STEP: 80, DATA: 10240] loss: 0.0012176300646387973
2019-10-26 14:25:40.550 | INFO     | base_classes.trainer:train:123 - [EPOCH: 39, STEP: 160, DATA: 20480] loss: 0.0012656277292990125
2019-10-26 14:25:46.485 | INFO     | base_classes.trainer:train:123 - [EPOCH: 39, STEP: 240, DATA: 30720] loss: 0.0012372012555715629
2019-10-26 14:25:52.417 | INFO     | base_classes.trainer:train:123 - [EPOCH: 39, STEP: 320, DATA: 40960] loss: 0.0012339329565293155
2019-10-26 14:25:57.669 | INFO     | base_classes.trainer:train:127 - Epoch 39 took 28.98245882987976 seconds
2019-10-26 14:26:03.606 | INFO     | base_classes.trainer:train:123 - [EPOCH: 40, STEP: 80, DATA: 10240] loss: 0.00121533700148575
2019-10-26 14:26:09.699 | INFO     | base_classes.trainer:train:123 - [EPOCH: 40, STEP: 160, DATA: 20480] loss: 0.0012721104780212046
2019-10-26 14:26:15.729 | INFO     | base_classes.trainer:train:123 - [EPOCH: 40, STEP: 240, DATA: 30720] loss: 0.0012311335442063865
2019-10-26 14:26:21.755 | INFO     | base_classes.trainer:train:123 - [EPOCH: 40, STEP: 320, DATA: 40960] loss: 0.0012350201533990913
2019-10-26 14:26:27.084 | INFO     | base_classes.trainer:train:127 - Epoch 40 took 29.413935661315918 seconds
2019-10-26 14:26:33.107 | INFO     | base_classes.trainer:train:123 - [EPOCH: 41, STEP: 80, DATA: 10240] loss: 0.0012140591978095471
2019-10-26 14:26:39.142 | INFO     | base_classes.trainer:train:123 - [EPOCH: 41, STEP: 160, DATA: 20480] loss: 0.001254202709242236
2019-10-26 14:26:45.159 | INFO     | base_classes.trainer:train:123 - [EPOCH: 41, STEP: 240, DATA: 30720] loss: 0.0012407940288539977
2019-10-26 14:26:51.181 | INFO     | base_classes.trainer:train:123 - [EPOCH: 41, STEP: 320, DATA: 40960] loss: 0.001245873121661134
2019-10-26 14:26:56.508 | INFO     | base_classes.trainer:train:127 - Epoch 41 took 29.42356777191162 seconds
2019-10-26 14:26:56.525 | INFO     | base_classes.trainer:_save_model:158 - NN model weights saved successfully!
2019-10-26 14:27:02.548 | INFO     | base_classes.trainer:train:123 - [EPOCH: 42, STEP: 80, DATA: 10240] loss: 0.0012233818612003232
2019-10-26 14:27:08.573 | INFO     | base_classes.trainer:train:123 - [EPOCH: 42, STEP: 160, DATA: 20480] loss: 0.001260495670430828
2019-10-26 14:27:14.594 | INFO     | base_classes.trainer:train:123 - [EPOCH: 42, STEP: 240, DATA: 30720] loss: 0.0012244030949659646
2019-10-26 14:27:20.619 | INFO     | base_classes.trainer:train:123 - [EPOCH: 42, STEP: 320, DATA: 40960] loss: 0.0012308195597142912
2019-10-26 14:27:25.950 | INFO     | base_classes.trainer:train:127 - Epoch 42 took 29.42405867576599 seconds
2019-10-26 14:27:31.983 | INFO     | base_classes.trainer:train:123 - [EPOCH: 43, STEP: 80, DATA: 10240] loss: 0.0012127516798500436
2019-10-26 14:27:38.008 | INFO     | base_classes.trainer:train:123 - [EPOCH: 43, STEP: 160, DATA: 20480] loss: 0.001260428211389808
2019-10-26 14:27:44.036 | INFO     | base_classes.trainer:train:123 - [EPOCH: 43, STEP: 240, DATA: 30720] loss: 0.001232478844030993
2019-10-26 14:27:50.058 | INFO     | base_classes.trainer:train:123 - [EPOCH: 43, STEP: 320, DATA: 40960] loss: 0.00123759940470336
2019-10-26 14:27:55.383 | INFO     | base_classes.trainer:train:127 - Epoch 43 took 29.43108367919922 seconds
2019-10-26 14:28:01.412 | INFO     | base_classes.trainer:train:123 - [EPOCH: 44, STEP: 80, DATA: 10240] loss: 0.0012190194967843127
2019-10-26 14:28:07.441 | INFO     | base_classes.trainer:train:123 - [EPOCH: 44, STEP: 160, DATA: 20480] loss: 0.0012439594502211548
2019-10-26 14:28:13.468 | INFO     | base_classes.trainer:train:123 - [EPOCH: 44, STEP: 240, DATA: 30720] loss: 0.001216051244409755
2019-10-26 14:28:19.485 | INFO     | base_classes.trainer:train:123 - [EPOCH: 44, STEP: 320, DATA: 40960] loss: 0.001236953267653007
2019-10-26 14:28:24.817 | INFO     | base_classes.trainer:train:127 - Epoch 44 took 29.43293023109436 seconds
2019-10-26 14:28:30.849 | INFO     | base_classes.trainer:train:123 - [EPOCH: 45, STEP: 80, DATA: 10240] loss: 0.0012104239445761777
2019-10-26 14:28:36.881 | INFO     | base_classes.trainer:train:123 - [EPOCH: 45, STEP: 160, DATA: 20480] loss: 0.0012735402415273711
2019-10-26 14:28:42.913 | INFO     | base_classes.trainer:train:123 - [EPOCH: 45, STEP: 240, DATA: 30720] loss: 0.0012228995619807392
2019-10-26 14:28:48.946 | INFO     | base_classes.trainer:train:123 - [EPOCH: 45, STEP: 320, DATA: 40960] loss: 0.0012330502868280746
2019-10-26 14:28:54.269 | INFO     | base_classes.trainer:train:127 - Epoch 45 took 29.45090365409851 seconds
2019-10-26 14:28:54.287 | INFO     | base_classes.trainer:_save_model:158 - NN model weights saved successfully!
2019-10-26 14:28:54.288 | INFO     | base_classes.trainer:train:139 - Finished Training
2019-10-26 14:28:54.291 | INFO     | __main__:main:29 - Finished Generating
