2019-10-27 19:59:24.593 | DEBUG    | __main__:main:18 - Training version: V133
2019-10-27 19:59:24.594 | INFO     | __main__:deploy_training:33 - TRAINING
2019-10-27 19:59:24.595 | INFO     | __main__:deploy_training:34 - Choosing version V133
2019-10-27 19:59:24.596 | INFO     | __main__:deploy_training:38 - Saving models to directory model_states/V133
2019-10-27 19:59:24.597 | INFO     | base_classes.setup_creator:create_dataset:39 - All dataset features collected properly!
2019-10-27 19:59:24.598 | INFO     | base_classes.data_collector:collect_images:24 - List of loaded files: []
2019-10-27 19:59:24.600 | INFO     | base_classes.data_collector:collect_images:25 - 0 images loaded from: .!
2019-10-27 19:59:24.600 | DEBUG    | base_classes.data_collector:collect_images:27 - . is empty!
2019-10-27 19:59:24.601 | INFO     | base_classes.dataset_classes:__init__:86 - Loading train set
2019-10-27 19:59:45.015 | INFO     | base_classes.dataset_classes:__init__:124 - Dataset prepared
2019-10-27 19:59:46.074 | INFO     | base_classes.trainer:__init__:33 - cuda:0
2019-10-27 19:59:47.409 | DEBUG    | base_classes.trainer:__init__:43 - Trainer loss function: MSELoss()
2019-10-27 19:59:47.411 | DEBUG    | base_classes.trainer:__init__:47 - Trainer optimizer: Adam (
Parameter Group 0
    amsgrad: False
    betas: (0.9, 0.999)
    eps: 1e-08
    lr: 0.1
    weight_decay: 1e-10
)
2019-10-27 19:59:47.412 | DEBUG    | base_classes.trainer:__init__:56 - Cannot initialize scheduler: 'name'
2019-10-27 19:59:47.413 | DEBUG    | base_classes.trainer:__init__:82 - model_states/V133/fcn_modelV133_epoch_final.pth: given retraining model not found! Network will be initialized with random weights.
2019-10-27 19:59:47.413 | DEBUG    | base_classes.trainer:__init__:89 - model_states/V133/fcn_modelV133_epoch_final.pth: given retraining optimizer not found! It will be initialized with random weights.
2019-10-27 19:59:54.083 | INFO     | base_classes.trainer:train:130 - [EPOCH: 1, STEP: 80, DATA: 10240] loss: 1.0121766544878483
2019-10-27 20:00:00.312 | INFO     | base_classes.trainer:train:130 - [EPOCH: 1, STEP: 160, DATA: 20480] loss: 0.979499739408493
2019-10-27 20:00:06.325 | INFO     | base_classes.trainer:train:130 - [EPOCH: 1, STEP: 240, DATA: 30720] loss: 0.9771030090749264
2019-10-27 20:00:12.419 | INFO     | base_classes.trainer:train:130 - [EPOCH: 1, STEP: 320, DATA: 40960] loss: 0.9650414749979973
2019-10-27 20:00:17.843 | INFO     | base_classes.trainer:train:135 - Epoch 1 took 30.426670789718628 seconds
2019-10-27 20:00:17.858 | INFO     | base_classes.trainer:_save_model:162 - NN model weights saved successfully!
2019-10-27 20:00:17.873 | INFO     | base_classes.trainer:_save_model:162 - NN model weights saved successfully!
2019-10-27 20:00:17.874 | INFO     | base_classes.trainer:train:147 - Finished Training
2019-10-27 20:00:23.917 | INFO     | base_classes.trainer:train:130 - [EPOCH: 2, STEP: 80, DATA: 10240] loss: 0.9420299708843232
2019-10-27 20:00:29.919 | INFO     | base_classes.trainer:train:130 - [EPOCH: 2, STEP: 160, DATA: 20480] loss: 0.9563717506825924
2019-10-27 20:00:35.963 | INFO     | base_classes.trainer:train:130 - [EPOCH: 2, STEP: 240, DATA: 30720] loss: 0.9534628063440322
2019-10-27 20:00:42.120 | INFO     | base_classes.trainer:train:130 - [EPOCH: 2, STEP: 320, DATA: 40960] loss: 0.9455448515713215
2019-10-27 20:00:47.433 | INFO     | base_classes.trainer:train:135 - Epoch 2 took 29.5568687915802 seconds
2019-10-27 20:00:47.448 | INFO     | base_classes.trainer:_save_model:162 - NN model weights saved successfully!
2019-10-27 20:00:47.449 | INFO     | base_classes.trainer:train:147 - Finished Training
2019-10-27 20:00:53.460 | INFO     | base_classes.trainer:train:130 - [EPOCH: 3, STEP: 80, DATA: 10240] loss: 0.9280605211853981
2019-10-27 20:00:59.489 | INFO     | base_classes.trainer:train:130 - [EPOCH: 3, STEP: 160, DATA: 20480] loss: 0.9436040416359901
2019-10-27 20:01:05.665 | INFO     | base_classes.trainer:train:130 - [EPOCH: 3, STEP: 240, DATA: 30720] loss: 0.9415454596281052
2019-10-27 20:01:11.841 | INFO     | base_classes.trainer:train:130 - [EPOCH: 3, STEP: 320, DATA: 40960] loss: 0.9364067681133748
2019-10-27 20:01:17.263 | INFO     | base_classes.trainer:train:135 - Epoch 3 took 29.80639410018921 seconds
2019-10-27 20:01:17.280 | INFO     | base_classes.trainer:_save_model:162 - NN model weights saved successfully!
2019-10-27 20:01:17.281 | INFO     | base_classes.trainer:train:147 - Finished Training
2019-10-27 20:01:23.452 | INFO     | base_classes.trainer:train:130 - [EPOCH: 4, STEP: 80, DATA: 10240] loss: 0.9208576738834381
2019-10-27 20:01:29.601 | INFO     | base_classes.trainer:train:130 - [EPOCH: 4, STEP: 160, DATA: 20480] loss: 0.9349822998046875
2019-10-27 20:01:35.662 | INFO     | base_classes.trainer:train:130 - [EPOCH: 4, STEP: 240, DATA: 30720] loss: 0.9338721036911011
2019-10-27 20:01:41.721 | INFO     | base_classes.trainer:train:130 - [EPOCH: 4, STEP: 320, DATA: 40960] loss: 0.9284112252295017
2019-10-27 20:01:47.079 | INFO     | base_classes.trainer:train:135 - Epoch 4 took 29.795329809188843 seconds
2019-10-27 20:01:47.094 | INFO     | base_classes.trainer:_save_model:162 - NN model weights saved successfully!
2019-10-27 20:01:47.095 | INFO     | base_classes.trainer:train:147 - Finished Training
2019-10-27 20:01:53.076 | INFO     | base_classes.trainer:train:130 - [EPOCH: 5, STEP: 80, DATA: 10240] loss: 0.915620256960392
2019-10-27 20:01:59.050 | INFO     | base_classes.trainer:train:130 - [EPOCH: 5, STEP: 160, DATA: 20480] loss: 0.9315643288195133
2019-10-27 20:02:05.051 | INFO     | base_classes.trainer:train:130 - [EPOCH: 5, STEP: 240, DATA: 30720] loss: 0.9330382362008095
2019-10-27 20:02:11.172 | INFO     | base_classes.trainer:train:130 - [EPOCH: 5, STEP: 320, DATA: 40960] loss: 0.9227021589875222
2019-10-27 20:02:16.547 | INFO     | base_classes.trainer:train:135 - Epoch 5 took 29.44985818862915 seconds
2019-10-27 20:02:16.563 | INFO     | base_classes.trainer:_save_model:162 - NN model weights saved successfully!
2019-10-27 20:02:16.564 | INFO     | base_classes.trainer:train:147 - Finished Training
2019-10-27 20:02:22.593 | INFO     | base_classes.trainer:train:130 - [EPOCH: 6, STEP: 80, DATA: 10240] loss: 0.9170188039541245
2019-10-27 20:02:28.603 | INFO     | base_classes.trainer:train:130 - [EPOCH: 6, STEP: 160, DATA: 20480] loss: 0.9332724459469318
2019-10-27 20:02:34.632 | INFO     | base_classes.trainer:train:130 - [EPOCH: 6, STEP: 240, DATA: 30720] loss: 0.9277603052556515
2019-10-27 20:02:40.786 | INFO     | base_classes.trainer:train:130 - [EPOCH: 6, STEP: 320, DATA: 40960] loss: 0.9171660378575325
2019-10-27 20:02:46.217 | INFO     | base_classes.trainer:train:135 - Epoch 6 took 29.650182008743286 seconds
2019-10-27 20:02:46.233 | INFO     | base_classes.trainer:_save_model:162 - NN model weights saved successfully!
2019-10-27 20:02:46.234 | INFO     | base_classes.trainer:train:147 - Finished Training
2019-10-27 20:02:52.281 | INFO     | base_classes.trainer:train:130 - [EPOCH: 7, STEP: 80, DATA: 10240] loss: 0.9055011533200741
2019-10-27 20:02:58.287 | INFO     | base_classes.trainer:train:130 - [EPOCH: 7, STEP: 160, DATA: 20480] loss: 0.9184417985379696
2019-10-27 20:03:04.439 | INFO     | base_classes.trainer:train:130 - [EPOCH: 7, STEP: 240, DATA: 30720] loss: 0.9182181879878044
2019-10-27 20:03:10.502 | INFO     | base_classes.trainer:train:130 - [EPOCH: 7, STEP: 320, DATA: 40960] loss: 0.9080360427498817
2019-10-27 20:03:15.945 | INFO     | base_classes.trainer:train:135 - Epoch 7 took 29.70857882499695 seconds
2019-10-27 20:03:15.963 | INFO     | base_classes.trainer:_save_model:162 - NN model weights saved successfully!
2019-10-27 20:03:15.964 | INFO     | base_classes.trainer:train:147 - Finished Training
2019-10-27 20:03:22.319 | INFO     | base_classes.trainer:train:130 - [EPOCH: 8, STEP: 80, DATA: 10240] loss: 0.9001370243728161
2019-10-27 20:03:28.410 | INFO     | base_classes.trainer:train:130 - [EPOCH: 8, STEP: 160, DATA: 20480] loss: 0.9126023910939693
2019-10-27 20:03:34.363 | INFO     | base_classes.trainer:train:130 - [EPOCH: 8, STEP: 240, DATA: 30720] loss: 0.9092773430049419
2019-10-27 20:03:40.320 | INFO     | base_classes.trainer:train:130 - [EPOCH: 8, STEP: 320, DATA: 40960] loss: 0.9031346656382084
2019-10-27 20:03:45.576 | INFO     | base_classes.trainer:train:135 - Epoch 8 took 29.61002779006958 seconds
2019-10-27 20:03:45.592 | INFO     | base_classes.trainer:_save_model:162 - NN model weights saved successfully!
2019-10-27 20:03:45.594 | INFO     | base_classes.trainer:train:147 - Finished Training
2019-10-27 20:03:51.634 | INFO     | base_classes.trainer:train:130 - [EPOCH: 9, STEP: 80, DATA: 10240] loss: 0.8980472981929779
2019-10-27 20:03:57.609 | INFO     | base_classes.trainer:train:130 - [EPOCH: 9, STEP: 160, DATA: 20480] loss: 0.9061476230621338
2019-10-27 20:04:03.673 | INFO     | base_classes.trainer:train:130 - [EPOCH: 9, STEP: 240, DATA: 30720] loss: 0.9074718825519085
2019-10-27 20:04:09.750 | INFO     | base_classes.trainer:train:130 - [EPOCH: 9, STEP: 320, DATA: 40960] loss: 0.8955830559134483
2019-10-27 20:04:15.208 | INFO     | base_classes.trainer:train:135 - Epoch 9 took 29.611441612243652 seconds
2019-10-27 20:04:15.223 | INFO     | base_classes.trainer:_save_model:162 - NN model weights saved successfully!
2019-10-27 20:04:15.224 | INFO     | base_classes.trainer:train:147 - Finished Training
2019-10-27 20:04:21.372 | INFO     | base_classes.trainer:train:130 - [EPOCH: 10, STEP: 80, DATA: 10240] loss: 0.8904210321605206
2019-10-27 20:04:27.437 | INFO     | base_classes.trainer:train:130 - [EPOCH: 10, STEP: 160, DATA: 20480] loss: 0.9005740888416767
2019-10-27 20:04:33.494 | INFO     | base_classes.trainer:train:130 - [EPOCH: 10, STEP: 240, DATA: 30720] loss: 0.900918035954237
2019-10-27 20:04:39.527 | INFO     | base_classes.trainer:train:130 - [EPOCH: 10, STEP: 320, DATA: 40960] loss: 0.8935559526085853
2019-10-27 20:04:44.945 | INFO     | base_classes.trainer:train:135 - Epoch 10 took 29.718294620513916 seconds
2019-10-27 20:04:44.960 | INFO     | base_classes.trainer:_save_model:162 - NN model weights saved successfully!
2019-10-27 20:04:44.961 | INFO     | base_classes.trainer:train:147 - Finished Training
2019-10-27 20:04:51.018 | INFO     | base_classes.trainer:train:130 - [EPOCH: 11, STEP: 80, DATA: 10240] loss: 0.8931927055120468
2019-10-27 20:04:57.201 | INFO     | base_classes.trainer:train:130 - [EPOCH: 11, STEP: 160, DATA: 20480] loss: 0.9006145261228085
2019-10-27 20:05:03.375 | INFO     | base_classes.trainer:train:130 - [EPOCH: 11, STEP: 240, DATA: 30720] loss: 0.8987462185323238
2019-10-27 20:05:09.492 | INFO     | base_classes.trainer:train:130 - [EPOCH: 11, STEP: 320, DATA: 40960] loss: 0.8918944709002972
2019-10-27 20:05:14.816 | INFO     | base_classes.trainer:train:135 - Epoch 11 took 29.846787691116333 seconds
2019-10-27 20:05:14.832 | INFO     | base_classes.trainer:_save_model:162 - NN model weights saved successfully!
2019-10-27 20:05:14.849 | INFO     | base_classes.trainer:_save_model:162 - NN model weights saved successfully!
2019-10-27 20:05:14.849 | INFO     | base_classes.trainer:train:147 - Finished Training
2019-10-27 20:05:20.896 | INFO     | base_classes.trainer:train:130 - [EPOCH: 12, STEP: 80, DATA: 10240] loss: 0.8843309350311757
2019-10-27 20:05:27.066 | INFO     | base_classes.trainer:train:130 - [EPOCH: 12, STEP: 160, DATA: 20480] loss: 0.89666298776865
2019-10-27 20:05:33.092 | INFO     | base_classes.trainer:train:130 - [EPOCH: 12, STEP: 240, DATA: 30720] loss: 0.8923436753451824
2019-10-27 20:05:39.152 | INFO     | base_classes.trainer:train:130 - [EPOCH: 12, STEP: 320, DATA: 40960] loss: 0.886414147168398
2019-10-27 20:05:44.496 | INFO     | base_classes.trainer:train:135 - Epoch 12 took 29.643258333206177 seconds
2019-10-27 20:05:44.512 | INFO     | base_classes.trainer:_save_model:162 - NN model weights saved successfully!
2019-10-27 20:05:44.512 | INFO     | base_classes.trainer:train:147 - Finished Training
2019-10-27 20:05:50.540 | INFO     | base_classes.trainer:train:130 - [EPOCH: 13, STEP: 80, DATA: 10240] loss: 0.8805066920816899
2019-10-27 20:05:56.708 | INFO     | base_classes.trainer:train:130 - [EPOCH: 13, STEP: 160, DATA: 20480] loss: 0.8921553447842598
2019-10-27 20:06:02.948 | INFO     | base_classes.trainer:train:130 - [EPOCH: 13, STEP: 240, DATA: 30720] loss: 0.890207564085722
2019-10-27 20:06:09.070 | INFO     | base_classes.trainer:train:130 - [EPOCH: 13, STEP: 320, DATA: 40960] loss: 0.8844023376703263
2019-10-27 20:06:14.431 | INFO     | base_classes.trainer:train:135 - Epoch 13 took 29.916089057922363 seconds
2019-10-27 20:06:14.447 | INFO     | base_classes.trainer:_save_model:162 - NN model weights saved successfully!
2019-10-27 20:06:14.448 | INFO     | base_classes.trainer:train:147 - Finished Training
2019-10-27 20:06:20.489 | INFO     | base_classes.trainer:train:130 - [EPOCH: 14, STEP: 80, DATA: 10240] loss: 0.8781230807304382
2019-10-27 20:06:26.569 | INFO     | base_classes.trainer:train:130 - [EPOCH: 14, STEP: 160, DATA: 20480] loss: 0.8922721214592457
2019-10-27 20:06:32.665 | INFO     | base_classes.trainer:train:130 - [EPOCH: 14, STEP: 240, DATA: 30720] loss: 0.8896556429564952
2019-10-27 20:06:38.704 | INFO     | base_classes.trainer:train:130 - [EPOCH: 14, STEP: 320, DATA: 40960] loss: 0.880946671962738
2019-10-27 20:06:43.964 | INFO     | base_classes.trainer:train:135 - Epoch 14 took 29.514342784881592 seconds
2019-10-27 20:06:43.979 | INFO     | base_classes.trainer:_save_model:162 - NN model weights saved successfully!
2019-10-27 20:06:43.980 | INFO     | base_classes.trainer:train:147 - Finished Training
2019-10-27 20:06:50.019 | INFO     | base_classes.trainer:train:130 - [EPOCH: 15, STEP: 80, DATA: 10240] loss: 0.8790251292288304
2019-10-27 20:06:56.005 | INFO     | base_classes.trainer:train:130 - [EPOCH: 15, STEP: 160, DATA: 20480] loss: 0.8897170476615429
2019-10-27 20:07:02.117 | INFO     | base_classes.trainer:train:130 - [EPOCH: 15, STEP: 240, DATA: 30720] loss: 0.8914942987263202
2019-10-27 20:07:08.076 | INFO     | base_classes.trainer:train:130 - [EPOCH: 15, STEP: 320, DATA: 40960] loss: 0.8763907805085183
2019-10-27 20:07:13.392 | INFO     | base_classes.trainer:train:135 - Epoch 15 took 29.40911340713501 seconds
2019-10-27 20:07:13.407 | INFO     | base_classes.trainer:_save_model:162 - NN model weights saved successfully!
2019-10-27 20:07:13.408 | INFO     | base_classes.trainer:train:147 - Finished Training
2019-10-27 20:07:19.393 | INFO     | base_classes.trainer:train:130 - [EPOCH: 16, STEP: 80, DATA: 10240] loss: 0.8747159332036972
2019-10-27 20:07:25.411 | INFO     | base_classes.trainer:train:130 - [EPOCH: 16, STEP: 160, DATA: 20480] loss: 0.8852511815726757
2019-10-27 20:07:31.402 | INFO     | base_classes.trainer:train:130 - [EPOCH: 16, STEP: 240, DATA: 30720] loss: 0.8865337073802948
2019-10-27 20:07:37.424 | INFO     | base_classes.trainer:train:130 - [EPOCH: 16, STEP: 320, DATA: 40960] loss: 0.8769985541701317
2019-10-27 20:07:42.718 | INFO     | base_classes.trainer:train:135 - Epoch 16 took 29.306600093841553 seconds
2019-10-27 20:07:42.733 | INFO     | base_classes.trainer:_save_model:162 - NN model weights saved successfully!
2019-10-27 20:07:42.734 | INFO     | base_classes.trainer:train:147 - Finished Training
2019-10-27 20:07:48.815 | INFO     | base_classes.trainer:train:130 - [EPOCH: 17, STEP: 80, DATA: 10240] loss: 0.8729459911584854
2019-10-27 20:07:54.809 | INFO     | base_classes.trainer:train:130 - [EPOCH: 17, STEP: 160, DATA: 20480] loss: 0.8844008043408393
2019-10-27 20:08:00.817 | INFO     | base_classes.trainer:train:130 - [EPOCH: 17, STEP: 240, DATA: 30720] loss: 0.8827090248465538
2019-10-27 20:08:06.787 | INFO     | base_classes.trainer:train:130 - [EPOCH: 17, STEP: 320, DATA: 40960] loss: 0.8761020168662071
2019-10-27 20:08:12.065 | INFO     | base_classes.trainer:train:135 - Epoch 17 took 29.328002214431763 seconds
2019-10-27 20:08:12.080 | INFO     | base_classes.trainer:_save_model:162 - NN model weights saved successfully!
2019-10-27 20:08:12.081 | INFO     | base_classes.trainer:train:147 - Finished Training
2019-10-27 20:08:18.039 | INFO     | base_classes.trainer:train:130 - [EPOCH: 18, STEP: 80, DATA: 10240] loss: 0.8741332374513149
2019-10-27 20:08:24.040 | INFO     | base_classes.trainer:train:130 - [EPOCH: 18, STEP: 160, DATA: 20480] loss: 0.8896761067211628
2019-10-27 20:08:30.074 | INFO     | base_classes.trainer:train:130 - [EPOCH: 18, STEP: 240, DATA: 30720] loss: 0.8896808087825775
2019-10-27 20:08:36.123 | INFO     | base_classes.trainer:train:130 - [EPOCH: 18, STEP: 320, DATA: 40960] loss: 0.8730859875679016
2019-10-27 20:08:41.427 | INFO     | base_classes.trainer:train:135 - Epoch 18 took 29.3428053855896 seconds
2019-10-27 20:08:41.442 | INFO     | base_classes.trainer:_save_model:162 - NN model weights saved successfully!
2019-10-27 20:08:41.443 | INFO     | base_classes.trainer:train:147 - Finished Training
2019-10-27 20:08:47.426 | INFO     | base_classes.trainer:train:130 - [EPOCH: 19, STEP: 80, DATA: 10240] loss: 0.8681268602609634
2019-10-27 20:08:53.406 | INFO     | base_classes.trainer:train:130 - [EPOCH: 19, STEP: 160, DATA: 20480] loss: 0.8758249618113041
2019-10-27 20:08:59.525 | INFO     | base_classes.trainer:train:130 - [EPOCH: 19, STEP: 240, DATA: 30720] loss: 0.8784322038292884
2019-10-27 20:09:05.576 | INFO     | base_classes.trainer:train:130 - [EPOCH: 19, STEP: 320, DATA: 40960] loss: 0.8711187444627285
2019-10-27 20:09:10.875 | INFO     | base_classes.trainer:train:135 - Epoch 19 took 29.429282665252686 seconds
2019-10-27 20:09:10.891 | INFO     | base_classes.trainer:_save_model:162 - NN model weights saved successfully!
2019-10-27 20:09:10.892 | INFO     | base_classes.trainer:train:147 - Finished Training
2019-10-27 20:09:16.963 | INFO     | base_classes.trainer:train:130 - [EPOCH: 20, STEP: 80, DATA: 10240] loss: 0.8667058803141117
2019-10-27 20:09:22.975 | INFO     | base_classes.trainer:train:130 - [EPOCH: 20, STEP: 160, DATA: 20480] loss: 0.8796396419405937
2019-10-27 20:09:28.989 | INFO     | base_classes.trainer:train:130 - [EPOCH: 20, STEP: 240, DATA: 30720] loss: 0.8765505969524383
2019-10-27 20:09:35.045 | INFO     | base_classes.trainer:train:130 - [EPOCH: 20, STEP: 320, DATA: 40960] loss: 0.8674538746476174
2019-10-27 20:09:40.422 | INFO     | base_classes.trainer:train:135 - Epoch 20 took 29.527244567871094 seconds
2019-10-27 20:09:40.438 | INFO     | base_classes.trainer:_save_model:162 - NN model weights saved successfully!
2019-10-27 20:09:40.439 | INFO     | base_classes.trainer:train:147 - Finished Training
2019-10-27 20:09:46.581 | INFO     | base_classes.trainer:train:130 - [EPOCH: 21, STEP: 80, DATA: 10240] loss: 0.8674413703382016
2019-10-27 20:09:52.606 | INFO     | base_classes.trainer:train:130 - [EPOCH: 21, STEP: 160, DATA: 20480] loss: 0.8769811056554317
2019-10-27 20:09:58.728 | INFO     | base_classes.trainer:train:130 - [EPOCH: 21, STEP: 240, DATA: 30720] loss: 0.8709260314702988
2019-10-27 20:10:04.800 | INFO     | base_classes.trainer:train:130 - [EPOCH: 21, STEP: 320, DATA: 40960] loss: 0.8668801084160804
2019-10-27 20:10:10.169 | INFO     | base_classes.trainer:train:135 - Epoch 21 took 29.72705578804016 seconds
2019-10-27 20:10:10.186 | INFO     | base_classes.trainer:_save_model:162 - NN model weights saved successfully!
2019-10-27 20:10:10.201 | INFO     | base_classes.trainer:_save_model:162 - NN model weights saved successfully!
2019-10-27 20:10:10.202 | INFO     | base_classes.trainer:train:147 - Finished Training
2019-10-27 20:10:16.258 | INFO     | base_classes.trainer:train:130 - [EPOCH: 22, STEP: 80, DATA: 10240] loss: 0.8635119907557964
2019-10-27 20:10:22.294 | INFO     | base_classes.trainer:train:130 - [EPOCH: 22, STEP: 160, DATA: 20480] loss: 0.8760698452591896
2019-10-27 20:10:28.253 | INFO     | base_classes.trainer:train:130 - [EPOCH: 22, STEP: 240, DATA: 30720] loss: 0.875990679860115
2019-10-27 20:10:34.383 | INFO     | base_classes.trainer:train:130 - [EPOCH: 22, STEP: 320, DATA: 40960] loss: 0.8641522452235222
2019-10-27 20:10:39.858 | INFO     | base_classes.trainer:train:135 - Epoch 22 took 29.653533220291138 seconds
2019-10-27 20:10:39.875 | INFO     | base_classes.trainer:_save_model:162 - NN model weights saved successfully!
2019-10-27 20:10:39.876 | INFO     | base_classes.trainer:train:147 - Finished Training
2019-10-27 20:10:45.939 | INFO     | base_classes.trainer:train:130 - [EPOCH: 23, STEP: 80, DATA: 10240] loss: 0.8649172134697437
2019-10-27 20:10:52.007 | INFO     | base_classes.trainer:train:130 - [EPOCH: 23, STEP: 160, DATA: 20480] loss: 0.8730835787951946
2019-10-27 20:10:58.142 | INFO     | base_classes.trainer:train:130 - [EPOCH: 23, STEP: 240, DATA: 30720] loss: 0.8751327514648437
2019-10-27 20:11:04.126 | INFO     | base_classes.trainer:train:130 - [EPOCH: 23, STEP: 320, DATA: 40960] loss: 0.8650501079857349
2019-10-27 20:11:09.432 | INFO     | base_classes.trainer:train:135 - Epoch 23 took 29.554097175598145 seconds
2019-10-27 20:11:09.449 | INFO     | base_classes.trainer:_save_model:162 - NN model weights saved successfully!
2019-10-27 20:11:09.450 | INFO     | base_classes.trainer:train:147 - Finished Training
2019-10-27 20:11:15.572 | INFO     | base_classes.trainer:train:130 - [EPOCH: 24, STEP: 80, DATA: 10240] loss: 0.864883778244257
2019-10-27 20:11:21.605 | INFO     | base_classes.trainer:train:130 - [EPOCH: 24, STEP: 160, DATA: 20480] loss: 0.8735627964138984
2019-10-27 20:11:27.645 | INFO     | base_classes.trainer:train:130 - [EPOCH: 24, STEP: 240, DATA: 30720] loss: 0.8759532310068607
2019-10-27 20:11:33.671 | INFO     | base_classes.trainer:train:130 - [EPOCH: 24, STEP: 320, DATA: 40960] loss: 0.863299785554409
2019-10-27 20:11:38.985 | INFO     | base_classes.trainer:train:135 - Epoch 24 took 29.531632900238037 seconds
2019-10-27 20:11:39.002 | INFO     | base_classes.trainer:_save_model:162 - NN model weights saved successfully!
2019-10-27 20:11:39.002 | INFO     | base_classes.trainer:train:147 - Finished Training
2019-10-27 20:11:44.983 | INFO     | base_classes.trainer:train:130 - [EPOCH: 25, STEP: 80, DATA: 10240] loss: 0.8617481701076031
2019-10-27 20:11:51.097 | INFO     | base_classes.trainer:train:130 - [EPOCH: 25, STEP: 160, DATA: 20480] loss: 0.8781874641776085
2019-10-27 20:11:57.336 | INFO     | base_classes.trainer:train:130 - [EPOCH: 25, STEP: 240, DATA: 30720] loss: 0.8848780684173108
2019-10-27 20:12:03.610 | INFO     | base_classes.trainer:train:130 - [EPOCH: 25, STEP: 320, DATA: 40960] loss: 0.865767378360033
2019-10-27 20:12:08.980 | INFO     | base_classes.trainer:train:135 - Epoch 25 took 29.975104570388794 seconds
2019-10-27 20:12:08.999 | INFO     | base_classes.trainer:_save_model:162 - NN model weights saved successfully!
2019-10-27 20:12:09.001 | INFO     | base_classes.trainer:train:147 - Finished Training
2019-10-27 20:12:15.098 | INFO     | base_classes.trainer:train:130 - [EPOCH: 26, STEP: 80, DATA: 10240] loss: 0.859740425646305
2019-10-27 20:12:21.203 | INFO     | base_classes.trainer:train:130 - [EPOCH: 26, STEP: 160, DATA: 20480] loss: 0.8698492266237736
2019-10-27 20:12:27.543 | INFO     | base_classes.trainer:train:130 - [EPOCH: 26, STEP: 240, DATA: 30720] loss: 0.875477984547615
2019-10-27 20:12:33.951 | INFO     | base_classes.trainer:train:130 - [EPOCH: 26, STEP: 320, DATA: 40960] loss: 0.8628726691007614
2019-10-27 20:12:39.486 | INFO     | base_classes.trainer:train:135 - Epoch 26 took 30.483207941055298 seconds
2019-10-27 20:12:39.500 | INFO     | base_classes.trainer:_save_model:162 - NN model weights saved successfully!
2019-10-27 20:12:39.502 | INFO     | base_classes.trainer:train:147 - Finished Training
2019-10-27 20:12:45.624 | INFO     | base_classes.trainer:train:130 - [EPOCH: 27, STEP: 80, DATA: 10240] loss: 0.858412592113018
2019-10-27 20:12:51.609 | INFO     | base_classes.trainer:train:130 - [EPOCH: 27, STEP: 160, DATA: 20480] loss: 0.868490070104599
2019-10-27 20:12:57.975 | INFO     | base_classes.trainer:train:130 - [EPOCH: 27, STEP: 240, DATA: 30720] loss: 0.8678752854466438
2019-10-27 20:13:04.307 | INFO     | base_classes.trainer:train:130 - [EPOCH: 27, STEP: 320, DATA: 40960] loss: 0.8602025270462036
2019-10-27 20:13:09.808 | INFO     | base_classes.trainer:train:135 - Epoch 27 took 30.304229974746704 seconds
2019-10-27 20:13:09.824 | INFO     | base_classes.trainer:_save_model:162 - NN model weights saved successfully!
2019-10-27 20:13:09.825 | INFO     | base_classes.trainer:train:147 - Finished Training
2019-10-27 20:13:15.847 | INFO     | base_classes.trainer:train:130 - [EPOCH: 28, STEP: 80, DATA: 10240] loss: 0.8567083545029164
2019-10-27 20:13:21.980 | INFO     | base_classes.trainer:train:130 - [EPOCH: 28, STEP: 160, DATA: 20480] loss: 0.8690576836466789
2019-10-27 20:13:28.190 | INFO     | base_classes.trainer:train:130 - [EPOCH: 28, STEP: 240, DATA: 30720] loss: 0.8779233016073704
2019-10-27 20:13:34.515 | INFO     | base_classes.trainer:train:130 - [EPOCH: 28, STEP: 320, DATA: 40960] loss: 0.8580411992967129
2019-10-27 20:13:39.956 | INFO     | base_classes.trainer:train:135 - Epoch 28 took 30.128464221954346 seconds
2019-10-27 20:13:39.971 | INFO     | base_classes.trainer:_save_model:162 - NN model weights saved successfully!
2019-10-27 20:13:39.972 | INFO     | base_classes.trainer:train:147 - Finished Training
2019-10-27 20:13:46.132 | INFO     | base_classes.trainer:train:130 - [EPOCH: 29, STEP: 80, DATA: 10240] loss: 0.8575691007077694
2019-10-27 20:13:52.260 | INFO     | base_classes.trainer:train:130 - [EPOCH: 29, STEP: 160, DATA: 20480] loss: 0.8681881174445152
2019-10-27 20:13:58.493 | INFO     | base_classes.trainer:train:130 - [EPOCH: 29, STEP: 240, DATA: 30720] loss: 0.8762174524366856
2019-10-27 20:14:04.789 | INFO     | base_classes.trainer:train:130 - [EPOCH: 29, STEP: 320, DATA: 40960] loss: 0.8578549280762673
2019-10-27 20:14:10.061 | INFO     | base_classes.trainer:train:135 - Epoch 29 took 30.086491346359253 seconds
2019-10-27 20:14:10.076 | INFO     | base_classes.trainer:_save_model:162 - NN model weights saved successfully!
2019-10-27 20:14:10.077 | INFO     | base_classes.trainer:train:147 - Finished Training
2019-10-27 20:14:16.094 | INFO     | base_classes.trainer:train:130 - [EPOCH: 30, STEP: 80, DATA: 10240] loss: 0.8549955286085605
2019-10-27 20:14:22.236 | INFO     | base_classes.trainer:train:130 - [EPOCH: 30, STEP: 160, DATA: 20480] loss: 0.8660326726734638
2019-10-27 20:14:28.349 | INFO     | base_classes.trainer:train:130 - [EPOCH: 30, STEP: 240, DATA: 30720] loss: 0.8611088059842587
2019-10-27 20:14:34.628 | INFO     | base_classes.trainer:train:130 - [EPOCH: 30, STEP: 320, DATA: 40960] loss: 0.8571835957467556
2019-10-27 20:14:39.975 | INFO     | base_classes.trainer:train:135 - Epoch 30 took 29.895633935928345 seconds
2019-10-27 20:14:39.991 | INFO     | base_classes.trainer:_save_model:162 - NN model weights saved successfully!
2019-10-27 20:14:39.992 | INFO     | base_classes.trainer:train:147 - Finished Training
2019-10-27 20:14:46.168 | INFO     | base_classes.trainer:train:130 - [EPOCH: 31, STEP: 80, DATA: 10240] loss: 0.8533471129834652
2019-10-27 20:14:52.215 | INFO     | base_classes.trainer:train:130 - [EPOCH: 31, STEP: 160, DATA: 20480] loss: 0.8651765957474709
2019-10-27 20:14:58.397 | INFO     | base_classes.trainer:train:130 - [EPOCH: 31, STEP: 240, DATA: 30720] loss: 0.8599526219069957
2019-10-27 20:15:04.464 | INFO     | base_classes.trainer:train:130 - [EPOCH: 31, STEP: 320, DATA: 40960] loss: 0.8553923092782497
2019-10-27 20:15:09.914 | INFO     | base_classes.trainer:train:135 - Epoch 31 took 29.91934633255005 seconds
2019-10-27 20:15:09.931 | INFO     | base_classes.trainer:_save_model:162 - NN model weights saved successfully!
2019-10-27 20:15:09.948 | INFO     | base_classes.trainer:_save_model:162 - NN model weights saved successfully!
2019-10-27 20:15:09.949 | INFO     | base_classes.trainer:train:147 - Finished Training
2019-10-27 20:15:16.049 | INFO     | base_classes.trainer:train:130 - [EPOCH: 32, STEP: 80, DATA: 10240] loss: 0.8521323323249816
2019-10-27 20:15:22.164 | INFO     | base_classes.trainer:train:130 - [EPOCH: 32, STEP: 160, DATA: 20480] loss: 0.8632518008351326
2019-10-27 20:15:28.332 | INFO     | base_classes.trainer:train:130 - [EPOCH: 32, STEP: 240, DATA: 30720] loss: 0.8678529001772404
2019-10-27 20:15:34.426 | INFO     | base_classes.trainer:train:130 - [EPOCH: 32, STEP: 320, DATA: 40960] loss: 0.853514026850462
2019-10-27 20:15:39.752 | INFO     | base_classes.trainer:train:135 - Epoch 32 took 29.80034375190735 seconds
2019-10-27 20:15:39.768 | INFO     | base_classes.trainer:_save_model:162 - NN model weights saved successfully!
2019-10-27 20:15:39.769 | INFO     | base_classes.trainer:train:147 - Finished Training
2019-10-27 20:15:45.732 | INFO     | base_classes.trainer:train:130 - [EPOCH: 33, STEP: 80, DATA: 10240] loss: 0.8518842816352844
2019-10-27 20:15:51.768 | INFO     | base_classes.trainer:train:130 - [EPOCH: 33, STEP: 160, DATA: 20480] loss: 0.8627563111484051
2019-10-27 20:15:57.860 | INFO     | base_classes.trainer:train:130 - [EPOCH: 33, STEP: 240, DATA: 30720] loss: 0.8616152450442314
2019-10-27 20:16:03.833 | INFO     | base_classes.trainer:train:130 - [EPOCH: 33, STEP: 320, DATA: 40960] loss: 0.8549667090177536
2019-10-27 20:16:09.143 | INFO     | base_classes.trainer:train:135 - Epoch 33 took 29.370818614959717 seconds
2019-10-27 20:16:09.163 | INFO     | base_classes.trainer:_save_model:162 - NN model weights saved successfully!
2019-10-27 20:16:09.164 | INFO     | base_classes.trainer:train:147 - Finished Training
2019-10-27 20:16:15.257 | INFO     | base_classes.trainer:train:130 - [EPOCH: 34, STEP: 80, DATA: 10240] loss: 0.8533146984875202
2019-10-27 20:16:21.397 | INFO     | base_classes.trainer:train:130 - [EPOCH: 34, STEP: 160, DATA: 20480] loss: 0.8668565139174461
2019-10-27 20:16:27.397 | INFO     | base_classes.trainer:train:130 - [EPOCH: 34, STEP: 240, DATA: 30720] loss: 0.8591750979423523
2019-10-27 20:16:33.361 | INFO     | base_classes.trainer:train:130 - [EPOCH: 34, STEP: 320, DATA: 40960] loss: 0.8512767210602761
2019-10-27 20:16:38.646 | INFO     | base_classes.trainer:train:135 - Epoch 34 took 29.478796243667603 seconds
2019-10-27 20:16:38.661 | INFO     | base_classes.trainer:_save_model:162 - NN model weights saved successfully!
2019-10-27 20:16:38.662 | INFO     | base_classes.trainer:train:147 - Finished Training
2019-10-27 20:16:44.641 | INFO     | base_classes.trainer:train:130 - [EPOCH: 35, STEP: 80, DATA: 10240] loss: 0.9381561741232872
2019-10-27 20:16:50.711 | INFO     | base_classes.trainer:train:130 - [EPOCH: 35, STEP: 160, DATA: 20480] loss: 0.9953473418951034
2019-10-27 20:16:56.656 | INFO     | base_classes.trainer:train:130 - [EPOCH: 35, STEP: 240, DATA: 30720] loss: 0.9578697726130485
2019-10-27 20:17:02.646 | INFO     | base_classes.trainer:train:130 - [EPOCH: 35, STEP: 320, DATA: 40960] loss: 0.8824213340878486
2019-10-27 20:17:07.922 | INFO     | base_classes.trainer:train:135 - Epoch 35 took 29.25623321533203 seconds
2019-10-27 20:17:07.937 | INFO     | base_classes.trainer:_save_model:162 - NN model weights saved successfully!
2019-10-27 20:17:07.938 | INFO     | base_classes.trainer:train:147 - Finished Training
2019-10-27 20:17:13.966 | INFO     | base_classes.trainer:train:130 - [EPOCH: 36, STEP: 80, DATA: 10240] loss: 0.863516004383564
2019-10-27 20:17:20.026 | INFO     | base_classes.trainer:train:130 - [EPOCH: 36, STEP: 160, DATA: 20480] loss: 0.868315190076828
2019-10-27 20:17:25.976 | INFO     | base_classes.trainer:train:130 - [EPOCH: 36, STEP: 240, DATA: 30720] loss: 0.8652018532156944
2019-10-27 20:17:31.932 | INFO     | base_classes.trainer:train:130 - [EPOCH: 36, STEP: 320, DATA: 40960] loss: 0.8568200699985027
2019-10-27 20:17:37.287 | INFO     | base_classes.trainer:train:135 - Epoch 36 took 29.34673500061035 seconds
2019-10-27 20:17:37.313 | INFO     | base_classes.trainer:_save_model:162 - NN model weights saved successfully!
2019-10-27 20:17:37.313 | INFO     | base_classes.trainer:train:147 - Finished Training
2019-10-27 20:17:43.429 | INFO     | base_classes.trainer:train:130 - [EPOCH: 37, STEP: 80, DATA: 10240] loss: 0.8553702838718891
2019-10-27 20:17:49.580 | INFO     | base_classes.trainer:train:130 - [EPOCH: 37, STEP: 160, DATA: 20480] loss: 0.8619298003613949
2019-10-27 20:17:55.627 | INFO     | base_classes.trainer:train:130 - [EPOCH: 37, STEP: 240, DATA: 30720] loss: 0.8577458843588829
2019-10-27 20:18:01.694 | INFO     | base_classes.trainer:train:130 - [EPOCH: 37, STEP: 320, DATA: 40960] loss: 0.8540693305432796
2019-10-27 20:18:07.002 | INFO     | base_classes.trainer:train:135 - Epoch 37 took 29.6841139793396 seconds
2019-10-27 20:18:07.018 | INFO     | base_classes.trainer:_save_model:162 - NN model weights saved successfully!
2019-10-27 20:18:07.019 | INFO     | base_classes.trainer:train:147 - Finished Training
2019-10-27 20:18:13.015 | INFO     | base_classes.trainer:train:130 - [EPOCH: 38, STEP: 80, DATA: 10240] loss: 0.8519545711576939
2019-10-27 20:18:19.016 | INFO     | base_classes.trainer:train:130 - [EPOCH: 38, STEP: 160, DATA: 20480] loss: 0.8616713136434555
2019-10-27 20:18:25.085 | INFO     | base_classes.trainer:train:130 - [EPOCH: 38, STEP: 240, DATA: 30720] loss: 0.8645039536058903
2019-10-27 20:18:31.126 | INFO     | base_classes.trainer:train:130 - [EPOCH: 38, STEP: 320, DATA: 40960] loss: 0.8516659267246723
2019-10-27 20:18:36.420 | INFO     | base_classes.trainer:train:135 - Epoch 38 took 29.39875888824463 seconds
2019-10-27 20:18:36.436 | INFO     | base_classes.trainer:_save_model:162 - NN model weights saved successfully!
2019-10-27 20:18:36.437 | INFO     | base_classes.trainer:train:147 - Finished Training
2019-10-27 20:18:42.555 | INFO     | base_classes.trainer:train:130 - [EPOCH: 39, STEP: 80, DATA: 10240] loss: 0.8493002340197563
2019-10-27 20:18:48.765 | INFO     | base_classes.trainer:train:130 - [EPOCH: 39, STEP: 160, DATA: 20480] loss: 0.8575938284397125
2019-10-27 20:18:54.774 | INFO     | base_classes.trainer:train:130 - [EPOCH: 39, STEP: 240, DATA: 30720] loss: 0.858705499023199
2019-10-27 20:19:00.878 | INFO     | base_classes.trainer:train:130 - [EPOCH: 39, STEP: 320, DATA: 40960] loss: 0.8513041652739048
2019-10-27 20:19:06.364 | INFO     | base_classes.trainer:train:135 - Epoch 39 took 29.92398238182068 seconds
2019-10-27 20:19:06.379 | INFO     | base_classes.trainer:_save_model:162 - NN model weights saved successfully!
2019-10-27 20:19:06.380 | INFO     | base_classes.trainer:train:147 - Finished Training
2019-10-27 20:19:12.518 | INFO     | base_classes.trainer:train:130 - [EPOCH: 40, STEP: 80, DATA: 10240] loss: 0.8464903458952904
2019-10-27 20:19:18.654 | INFO     | base_classes.trainer:train:130 - [EPOCH: 40, STEP: 160, DATA: 20480] loss: 0.8541572213172912
2019-10-27 20:19:24.674 | INFO     | base_classes.trainer:train:130 - [EPOCH: 40, STEP: 240, DATA: 30720] loss: 0.8629241392016411
2019-10-27 20:19:30.669 | INFO     | base_classes.trainer:train:130 - [EPOCH: 40, STEP: 320, DATA: 40960] loss: 0.8505291551351547
2019-10-27 20:19:36.045 | INFO     | base_classes.trainer:train:135 - Epoch 40 took 29.661515951156616 seconds
2019-10-27 20:19:36.061 | INFO     | base_classes.trainer:_save_model:162 - NN model weights saved successfully!
2019-10-27 20:19:36.062 | INFO     | base_classes.trainer:train:147 - Finished Training
2019-10-27 20:19:42.322 | INFO     | base_classes.trainer:train:130 - [EPOCH: 41, STEP: 80, DATA: 10240] loss: 0.8469611138105393
2019-10-27 20:19:48.548 | INFO     | base_classes.trainer:train:130 - [EPOCH: 41, STEP: 160, DATA: 20480] loss: 0.852729220688343
2019-10-27 20:19:54.564 | INFO     | base_classes.trainer:train:130 - [EPOCH: 41, STEP: 240, DATA: 30720] loss: 0.8534220658242703
2019-10-27 20:20:00.536 | INFO     | base_classes.trainer:train:130 - [EPOCH: 41, STEP: 320, DATA: 40960] loss: 0.847444162517786
2019-10-27 20:20:05.825 | INFO     | base_classes.trainer:train:135 - Epoch 41 took 29.759620428085327 seconds
2019-10-27 20:20:05.840 | INFO     | base_classes.trainer:_save_model:162 - NN model weights saved successfully!
2019-10-27 20:20:05.856 | INFO     | base_classes.trainer:_save_model:162 - NN model weights saved successfully!
2019-10-27 20:20:05.857 | INFO     | base_classes.trainer:train:147 - Finished Training
2019-10-27 20:20:11.832 | INFO     | base_classes.trainer:train:130 - [EPOCH: 42, STEP: 80, DATA: 10240] loss: 0.8456425160169602
2019-10-27 20:20:17.829 | INFO     | base_classes.trainer:train:130 - [EPOCH: 42, STEP: 160, DATA: 20480] loss: 0.8660875014960766
2019-10-27 20:20:23.825 | INFO     | base_classes.trainer:train:130 - [EPOCH: 42, STEP: 240, DATA: 30720] loss: 0.9222969174385071
2019-10-27 20:20:29.844 | INFO     | base_classes.trainer:train:130 - [EPOCH: 42, STEP: 320, DATA: 40960] loss: 0.916046928614378
2019-10-27 20:20:35.145 | INFO     | base_classes.trainer:train:135 - Epoch 42 took 29.285970211029053 seconds
2019-10-27 20:20:35.161 | INFO     | base_classes.trainer:_save_model:162 - NN model weights saved successfully!
2019-10-27 20:20:35.162 | INFO     | base_classes.trainer:train:147 - Finished Training
2019-10-27 20:20:41.138 | INFO     | base_classes.trainer:train:130 - [EPOCH: 43, STEP: 80, DATA: 10240] loss: 0.9501385278999805
2019-10-27 20:20:47.143 | INFO     | base_classes.trainer:train:130 - [EPOCH: 43, STEP: 160, DATA: 20480] loss: 1.017177303135395
2019-10-27 20:20:53.174 | INFO     | base_classes.trainer:train:130 - [EPOCH: 43, STEP: 240, DATA: 30720] loss: 0.9204350270330905
2019-10-27 20:20:59.164 | INFO     | base_classes.trainer:train:130 - [EPOCH: 43, STEP: 320, DATA: 40960] loss: 0.9085044808685779
2019-10-27 20:21:04.483 | INFO     | base_classes.trainer:train:135 - Epoch 43 took 29.317750930786133 seconds
2019-10-27 20:21:04.499 | INFO     | base_classes.trainer:_save_model:162 - NN model weights saved successfully!
2019-10-27 20:21:04.500 | INFO     | base_classes.trainer:train:147 - Finished Training
2019-10-27 20:21:10.515 | INFO     | base_classes.trainer:train:130 - [EPOCH: 44, STEP: 80, DATA: 10240] loss: 1.245905164629221
2019-10-27 20:21:16.503 | INFO     | base_classes.trainer:train:130 - [EPOCH: 44, STEP: 160, DATA: 20480] loss: 1.4363459169864654
2019-10-27 20:21:22.517 | INFO     | base_classes.trainer:train:130 - [EPOCH: 44, STEP: 240, DATA: 30720] loss: 1.079744441062212
2019-10-27 20:21:28.532 | INFO     | base_classes.trainer:train:130 - [EPOCH: 44, STEP: 320, DATA: 40960] loss: 1.0147819429636002
2019-10-27 20:21:33.868 | INFO     | base_classes.trainer:train:135 - Epoch 44 took 29.365701913833618 seconds
2019-10-27 20:21:33.883 | INFO     | base_classes.trainer:_save_model:162 - NN model weights saved successfully!
2019-10-27 20:21:33.884 | INFO     | base_classes.trainer:train:147 - Finished Training
2019-10-27 20:21:39.835 | INFO     | base_classes.trainer:train:130 - [EPOCH: 45, STEP: 80, DATA: 10240] loss: 0.9906665347516537
2019-10-27 20:21:45.828 | INFO     | base_classes.trainer:train:130 - [EPOCH: 45, STEP: 160, DATA: 20480] loss: 1.0091227240860463
2019-10-27 20:21:51.802 | INFO     | base_classes.trainer:train:130 - [EPOCH: 45, STEP: 240, DATA: 30720] loss: 1.0089530028402804
2019-10-27 20:21:57.764 | INFO     | base_classes.trainer:train:130 - [EPOCH: 45, STEP: 320, DATA: 40960] loss: 1.001932355761528
2019-10-27 20:22:03.068 | INFO     | base_classes.trainer:train:135 - Epoch 45 took 29.181535720825195 seconds
2019-10-27 20:22:03.083 | INFO     | base_classes.trainer:_save_model:162 - NN model weights saved successfully!
2019-10-27 20:22:03.083 | INFO     | base_classes.trainer:train:147 - Finished Training
2019-10-27 20:22:09.069 | INFO     | base_classes.trainer:train:130 - [EPOCH: 46, STEP: 80, DATA: 10240] loss: 0.9825236231088639
2019-10-27 20:22:15.067 | INFO     | base_classes.trainer:train:130 - [EPOCH: 46, STEP: 160, DATA: 20480] loss: 0.9983550734817982
2019-10-27 20:22:21.059 | INFO     | base_classes.trainer:train:130 - [EPOCH: 46, STEP: 240, DATA: 30720] loss: 0.9962902918457985
2019-10-27 20:22:27.043 | INFO     | base_classes.trainer:train:130 - [EPOCH: 46, STEP: 320, DATA: 40960] loss: 0.9950756594538689
2019-10-27 20:22:32.353 | INFO     | base_classes.trainer:train:135 - Epoch 46 took 29.266690254211426 seconds
2019-10-27 20:22:32.368 | INFO     | base_classes.trainer:_save_model:162 - NN model weights saved successfully!
2019-10-27 20:22:32.369 | INFO     | base_classes.trainer:train:147 - Finished Training
2019-10-27 20:22:38.368 | INFO     | base_classes.trainer:train:130 - [EPOCH: 47, STEP: 80, DATA: 10240] loss: 0.9766020767390728
2019-10-27 20:22:44.353 | INFO     | base_classes.trainer:train:130 - [EPOCH: 47, STEP: 160, DATA: 20480] loss: 0.991161347925663
2019-10-27 20:22:50.389 | INFO     | base_classes.trainer:train:130 - [EPOCH: 47, STEP: 240, DATA: 30720] loss: 0.9936600185930728
2019-10-27 20:22:56.604 | INFO     | base_classes.trainer:train:130 - [EPOCH: 47, STEP: 320, DATA: 40960] loss: 1.0092411622405053
2019-10-27 20:23:02.078 | INFO     | base_classes.trainer:train:135 - Epoch 47 took 29.706111669540405 seconds
2019-10-27 20:23:02.093 | INFO     | base_classes.trainer:_save_model:162 - NN model weights saved successfully!
2019-10-27 20:23:02.094 | INFO     | base_classes.trainer:train:147 - Finished Training
2019-10-27 20:23:08.241 | INFO     | base_classes.trainer:train:130 - [EPOCH: 48, STEP: 80, DATA: 10240] loss: 0.9849484466016293
2019-10-27 20:23:14.270 | INFO     | base_classes.trainer:train:130 - [EPOCH: 48, STEP: 160, DATA: 20480] loss: 0.9924611680209636
2019-10-27 20:23:20.315 | INFO     | base_classes.trainer:train:130 - [EPOCH: 48, STEP: 240, DATA: 30720] loss: 0.9938638813793659
2019-10-27 20:23:26.479 | INFO     | base_classes.trainer:train:130 - [EPOCH: 48, STEP: 320, DATA: 40960] loss: 0.9919549062848091
2019-10-27 20:23:31.792 | INFO     | base_classes.trainer:train:135 - Epoch 48 took 29.69544243812561 seconds
2019-10-27 20:23:31.807 | INFO     | base_classes.trainer:_save_model:162 - NN model weights saved successfully!
2019-10-27 20:23:31.808 | INFO     | base_classes.trainer:train:147 - Finished Training
2019-10-27 20:23:37.833 | INFO     | base_classes.trainer:train:130 - [EPOCH: 49, STEP: 80, DATA: 10240] loss: 0.9723828203976155
2019-10-27 20:23:43.838 | INFO     | base_classes.trainer:train:130 - [EPOCH: 49, STEP: 160, DATA: 20480] loss: 0.9900985054671765
2019-10-27 20:23:49.794 | INFO     | base_classes.trainer:train:130 - [EPOCH: 49, STEP: 240, DATA: 30720] loss: 1.0008916154503822
2019-10-27 20:23:55.737 | INFO     | base_classes.trainer:train:130 - [EPOCH: 49, STEP: 320, DATA: 40960] loss: 0.9922208227217197
2019-10-27 20:24:01.011 | INFO     | base_classes.trainer:train:135 - Epoch 49 took 29.198614358901978 seconds
2019-10-27 20:24:01.026 | INFO     | base_classes.trainer:_save_model:162 - NN model weights saved successfully!
2019-10-27 20:24:01.027 | INFO     | base_classes.trainer:train:147 - Finished Training
2019-10-27 20:24:07.024 | INFO     | base_classes.trainer:train:130 - [EPOCH: 50, STEP: 80, DATA: 10240] loss: 0.9698119752109051
2019-10-27 20:24:13.032 | INFO     | base_classes.trainer:train:130 - [EPOCH: 50, STEP: 160, DATA: 20480] loss: 0.990782855451107
2019-10-27 20:24:19.062 | INFO     | base_classes.trainer:train:130 - [EPOCH: 50, STEP: 240, DATA: 30720] loss: 0.998353885859251
2019-10-27 20:24:25.079 | INFO     | base_classes.trainer:train:130 - [EPOCH: 50, STEP: 320, DATA: 40960] loss: 0.9870137698948384
2019-10-27 20:24:30.518 | INFO     | base_classes.trainer:train:135 - Epoch 50 took 29.488648414611816 seconds
2019-10-27 20:24:30.535 | INFO     | base_classes.trainer:_save_model:162 - NN model weights saved successfully!
2019-10-27 20:24:30.536 | INFO     | base_classes.trainer:train:147 - Finished Training
2019-10-27 20:24:36.539 | INFO     | base_classes.trainer:train:130 - [EPOCH: 51, STEP: 80, DATA: 10240] loss: 0.9662779822945595
2019-10-27 20:24:42.566 | INFO     | base_classes.trainer:train:130 - [EPOCH: 51, STEP: 160, DATA: 20480] loss: 0.9851789303123951
2019-10-27 20:24:48.558 | INFO     | base_classes.trainer:train:130 - [EPOCH: 51, STEP: 240, DATA: 30720] loss: 0.9968090645968914
2019-10-27 20:24:54.534 | INFO     | base_classes.trainer:train:130 - [EPOCH: 51, STEP: 320, DATA: 40960] loss: 0.979309868812561
2019-10-27 20:24:59.795 | INFO     | base_classes.trainer:train:135 - Epoch 51 took 29.257304668426514 seconds
2019-10-27 20:24:59.812 | INFO     | base_classes.trainer:_save_model:162 - NN model weights saved successfully!
2019-10-27 20:24:59.827 | INFO     | base_classes.trainer:_save_model:162 - NN model weights saved successfully!
2019-10-27 20:24:59.828 | INFO     | base_classes.trainer:train:147 - Finished Training
2019-10-27 20:25:05.785 | INFO     | base_classes.trainer:train:130 - [EPOCH: 52, STEP: 80, DATA: 10240] loss: 0.9647181086242199
2019-10-27 20:25:11.888 | INFO     | base_classes.trainer:train:130 - [EPOCH: 52, STEP: 160, DATA: 20480] loss: 0.98400833979249
2019-10-27 20:25:17.910 | INFO     | base_classes.trainer:train:130 - [EPOCH: 52, STEP: 240, DATA: 30720] loss: 0.9889382630586624
2019-10-27 20:25:23.861 | INFO     | base_classes.trainer:train:130 - [EPOCH: 52, STEP: 320, DATA: 40960] loss: 0.9759405076503753
2019-10-27 20:25:29.135 | INFO     | base_classes.trainer:train:135 - Epoch 52 took 29.304673433303833 seconds
2019-10-27 20:25:29.150 | INFO     | base_classes.trainer:_save_model:162 - NN model weights saved successfully!
2019-10-27 20:25:29.151 | INFO     | base_classes.trainer:train:147 - Finished Training
2019-10-27 20:25:35.107 | INFO     | base_classes.trainer:train:130 - [EPOCH: 53, STEP: 80, DATA: 10240] loss: 0.9625732459127903
2019-10-27 20:25:41.085 | INFO     | base_classes.trainer:train:130 - [EPOCH: 53, STEP: 160, DATA: 20480] loss: 0.9807237938046456
2019-10-27 20:25:47.065 | INFO     | base_classes.trainer:train:130 - [EPOCH: 53, STEP: 240, DATA: 30720] loss: 0.9840718418359756
2019-10-27 20:25:53.021 | INFO     | base_classes.trainer:train:130 - [EPOCH: 53, STEP: 320, DATA: 40960] loss: 0.9712399996817112
2019-10-27 20:25:58.308 | INFO     | base_classes.trainer:train:135 - Epoch 53 took 29.15565538406372 seconds
2019-10-27 20:25:58.323 | INFO     | base_classes.trainer:_save_model:162 - NN model weights saved successfully!
2019-10-27 20:25:58.324 | INFO     | base_classes.trainer:train:147 - Finished Training
2019-10-27 20:26:04.365 | INFO     | base_classes.trainer:train:130 - [EPOCH: 54, STEP: 80, DATA: 10240] loss: 0.9602559864521026
2019-10-27 20:26:10.620 | INFO     | base_classes.trainer:train:130 - [EPOCH: 54, STEP: 160, DATA: 20480] loss: 0.9760801680386066
2019-10-27 20:26:16.795 | INFO     | base_classes.trainer:train:130 - [EPOCH: 54, STEP: 240, DATA: 30720] loss: 0.9805910006165505
2019-10-27 20:26:22.817 | INFO     | base_classes.trainer:train:130 - [EPOCH: 54, STEP: 320, DATA: 40960] loss: 1.0019185841083527
2019-10-27 20:26:28.107 | INFO     | base_classes.trainer:train:135 - Epoch 54 took 29.78085684776306 seconds
2019-10-27 20:26:28.123 | INFO     | base_classes.trainer:_save_model:162 - NN model weights saved successfully!
2019-10-27 20:26:28.124 | INFO     | base_classes.trainer:train:147 - Finished Training
2019-10-27 20:26:34.097 | INFO     | base_classes.trainer:train:130 - [EPOCH: 55, STEP: 80, DATA: 10240] loss: 0.967494311183691
2019-10-27 20:26:40.061 | INFO     | base_classes.trainer:train:130 - [EPOCH: 55, STEP: 160, DATA: 20480] loss: 0.9841405659914017
2019-10-27 20:26:46.087 | INFO     | base_classes.trainer:train:130 - [EPOCH: 55, STEP: 240, DATA: 30720] loss: 0.983088093996048
2019-10-27 20:26:52.184 | INFO     | base_classes.trainer:train:130 - [EPOCH: 55, STEP: 320, DATA: 40960] loss: 0.9704098157584667
2019-10-27 20:26:57.541 | INFO     | base_classes.trainer:train:135 - Epoch 55 took 29.41393780708313 seconds
2019-10-27 20:26:57.556 | INFO     | base_classes.trainer:_save_model:162 - NN model weights saved successfully!
2019-10-27 20:26:57.557 | INFO     | base_classes.trainer:train:147 - Finished Training
2019-10-27 20:27:03.539 | INFO     | base_classes.trainer:train:130 - [EPOCH: 56, STEP: 80, DATA: 10240] loss: 0.9611923426389695
2019-10-27 20:27:09.603 | INFO     | base_classes.trainer:train:130 - [EPOCH: 56, STEP: 160, DATA: 20480] loss: 8.096005900204181
2019-10-27 20:27:15.741 | INFO     | base_classes.trainer:train:130 - [EPOCH: 56, STEP: 240, DATA: 30720] loss: 49.10602533444762
2019-10-27 20:27:21.877 | INFO     | base_classes.trainer:train:130 - [EPOCH: 56, STEP: 320, DATA: 40960] loss: 1.0640947103500367
2019-10-27 20:27:27.300 | INFO     | base_classes.trainer:train:135 - Epoch 56 took 29.740245819091797 seconds
2019-10-27 20:27:27.316 | INFO     | base_classes.trainer:_save_model:162 - NN model weights saved successfully!
2019-10-27 20:27:27.317 | INFO     | base_classes.trainer:train:147 - Finished Training
2019-10-27 20:27:33.495 | INFO     | base_classes.trainer:train:130 - [EPOCH: 57, STEP: 80, DATA: 10240] loss: 1.014697653800249
2019-10-27 20:27:39.680 | INFO     | base_classes.trainer:train:130 - [EPOCH: 57, STEP: 160, DATA: 20480] loss: 1.0647646956145764
2019-10-27 20:27:45.877 | INFO     | base_classes.trainer:train:130 - [EPOCH: 57, STEP: 240, DATA: 30720] loss: 1.0396368697285652
2019-10-27 20:27:52.062 | INFO     | base_classes.trainer:train:130 - [EPOCH: 57, STEP: 320, DATA: 40960] loss: 1.029725544154644
2019-10-27 20:27:57.460 | INFO     | base_classes.trainer:train:135 - Epoch 57 took 30.138861894607544 seconds
2019-10-27 20:27:57.478 | INFO     | base_classes.trainer:_save_model:162 - NN model weights saved successfully!
2019-10-27 20:27:57.480 | INFO     | base_classes.trainer:train:147 - Finished Training
2019-10-27 20:28:03.574 | INFO     | base_classes.trainer:train:130 - [EPOCH: 58, STEP: 80, DATA: 10240] loss: 1.0096311032772065
2019-10-27 20:28:09.635 | INFO     | base_classes.trainer:train:130 - [EPOCH: 58, STEP: 160, DATA: 20480] loss: 1.031029137223959
2019-10-27 20:28:15.646 | INFO     | base_classes.trainer:train:130 - [EPOCH: 58, STEP: 240, DATA: 30720] loss: 1.0440746411681174
2019-10-27 20:28:21.790 | INFO     | base_classes.trainer:train:130 - [EPOCH: 58, STEP: 320, DATA: 40960] loss: 1.0211674883961677
2019-10-27 20:28:27.191 | INFO     | base_classes.trainer:train:135 - Epoch 58 took 29.707679748535156 seconds
2019-10-27 20:28:27.206 | INFO     | base_classes.trainer:_save_model:162 - NN model weights saved successfully!
2019-10-27 20:28:27.207 | INFO     | base_classes.trainer:train:147 - Finished Training
2019-10-27 20:28:33.231 | INFO     | base_classes.trainer:train:130 - [EPOCH: 59, STEP: 80, DATA: 10240] loss: 1.0041556812822818
2019-10-27 20:28:39.205 | INFO     | base_classes.trainer:train:130 - [EPOCH: 59, STEP: 160, DATA: 20480] loss: 1.0297009281814098
2019-10-27 20:28:45.231 | INFO     | base_classes.trainer:train:130 - [EPOCH: 59, STEP: 240, DATA: 30720] loss: 1.0349869713187219
2019-10-27 20:28:51.218 | INFO     | base_classes.trainer:train:130 - [EPOCH: 59, STEP: 320, DATA: 40960] loss: 1.0213384278118611
2019-10-27 20:28:56.530 | INFO     | base_classes.trainer:train:135 - Epoch 59 took 29.319910287857056 seconds
2019-10-27 20:28:56.544 | INFO     | base_classes.trainer:_save_model:162 - NN model weights saved successfully!
2019-10-27 20:28:56.545 | INFO     | base_classes.trainer:train:147 - Finished Training
2019-10-27 20:29:02.548 | INFO     | base_classes.trainer:train:130 - [EPOCH: 60, STEP: 80, DATA: 10240] loss: 1.0026772275567055
2019-10-27 20:29:08.527 | INFO     | base_classes.trainer:train:130 - [EPOCH: 60, STEP: 160, DATA: 20480] loss: 1.0206434406340121
2019-10-27 20:29:14.535 | INFO     | base_classes.trainer:train:130 - [EPOCH: 60, STEP: 240, DATA: 30720] loss: 1.0264800027012826
2019-10-27 20:29:20.558 | INFO     | base_classes.trainer:train:130 - [EPOCH: 60, STEP: 320, DATA: 40960] loss: 1.0091063484549523
2019-10-27 20:29:25.874 | INFO     | base_classes.trainer:train:135 - Epoch 60 took 29.326404094696045 seconds
2019-10-27 20:29:25.889 | INFO     | base_classes.trainer:_save_model:162 - NN model weights saved successfully!
2019-10-27 20:29:25.890 | INFO     | base_classes.trainer:train:147 - Finished Training
2019-10-27 20:29:25.893 | INFO     | __main__:main:29 - Finished Generating
