2019-11-12 18:43:05.666 | DEBUG    | __main__:main:18 - Training version: V173
2019-11-12 18:43:05.668 | INFO     | __main__:deploy_training:33 - TRAINING
2019-11-12 18:43:05.669 | INFO     | __main__:deploy_training:34 - Choosing version V173
2019-11-12 18:43:05.670 | INFO     | __main__:deploy_training:38 - Saving models to directory model_states/V173
2019-11-12 18:43:05.671 | INFO     | base_classes.setup_creator:create_dataset:39 - All dataset features collected properly!
2019-11-12 18:43:05.673 | INFO     | base_classes.data_collector:collect_images:24 - List of loaded files: []
2019-11-12 18:43:05.674 | INFO     | base_classes.data_collector:collect_images:25 - 0 images loaded from: .!
2019-11-12 18:43:05.675 | DEBUG    | base_classes.data_collector:collect_images:27 - . is empty!
2019-11-12 18:43:05.676 | INFO     | base_classes.dataset_classes:__init__:86 - Loading train set
2019-11-12 18:43:26.550 | INFO     | base_classes.dataset_classes:__init__:124 - Dataset prepared
2019-11-12 18:43:27.660 | INFO     | base_classes.trainer:__init__:33 - cuda:0
2019-11-12 18:43:28.922 | DEBUG    | base_classes.trainer:__init__:43 - Trainer loss function: MSELoss()
2019-11-12 18:43:28.923 | DEBUG    | base_classes.trainer:__init__:47 - Trainer optimizer: Adam (
Parameter Group 0
    amsgrad: False
    betas: (0.9, 0.999)
    eps: 1e-08
    lr: 0.1
    weight_decay: 1e-10
)
2019-11-12 18:43:28.924 | DEBUG    | base_classes.trainer:__init__:56 - Cannot initialize scheduler: 'name'
2019-11-12 18:43:32.500 | INFO     | base_classes.trainer:train:130 - [EPOCH: 1, STEP: 40, DATA: 5120] loss: 1.0625163584947586
2019-11-12 18:43:35.542 | INFO     | base_classes.trainer:train:130 - [EPOCH: 1, STEP: 80, DATA: 10240] loss: 0.9627542644739151
2019-11-12 18:43:38.646 | INFO     | base_classes.trainer:train:130 - [EPOCH: 1, STEP: 120, DATA: 15360] loss: 1.0208525091409684
2019-11-12 18:43:41.807 | INFO     | base_classes.trainer:train:130 - [EPOCH: 1, STEP: 160, DATA: 20480] loss: 0.9339006468653679
2019-11-12 18:43:45.147 | INFO     | base_classes.trainer:train:130 - [EPOCH: 1, STEP: 200, DATA: 25600] loss: 0.9606820285320282
2019-11-12 18:43:48.274 | INFO     | base_classes.trainer:train:130 - [EPOCH: 1, STEP: 240, DATA: 30720] loss: 0.9977338388562202
2019-11-12 18:43:51.375 | INFO     | base_classes.trainer:train:130 - [EPOCH: 1, STEP: 280, DATA: 35840] loss: 0.9696563467383384
2019-11-12 18:43:54.542 | INFO     | base_classes.trainer:train:130 - [EPOCH: 1, STEP: 320, DATA: 40960] loss: 0.9650973737239837
2019-11-12 18:43:57.625 | INFO     | base_classes.trainer:train:130 - [EPOCH: 1, STEP: 360, DATA: 46080] loss: 0.9501882046461105
2019-11-12 18:43:59.969 | INFO     | base_classes.trainer:train:135 - Epoch 1 took 31.043819665908813 seconds
2019-11-12 18:43:59.984 | INFO     | base_classes.trainer:_save_model:162 - NN model weights saved successfully!
2019-11-12 18:44:00.000 | INFO     | base_classes.trainer:_save_model:162 - NN model weights saved successfully!
2019-11-12 18:44:00.000 | INFO     | base_classes.trainer:train:147 - Finished Training
2019-11-12 18:44:02.977 | INFO     | base_classes.trainer:train:130 - [EPOCH: 2, STEP: 40, DATA: 5120] loss: 0.9629334688186646
2019-11-12 18:44:05.966 | INFO     | base_classes.trainer:train:130 - [EPOCH: 2, STEP: 80, DATA: 10240] loss: 0.938957630097866
2019-11-12 18:44:08.962 | INFO     | base_classes.trainer:train:130 - [EPOCH: 2, STEP: 120, DATA: 15360] loss: 1.0086513996124267
2019-11-12 18:44:11.946 | INFO     | base_classes.trainer:train:130 - [EPOCH: 2, STEP: 160, DATA: 20480] loss: 0.9313513576984406
2019-11-12 18:44:14.929 | INFO     | base_classes.trainer:train:130 - [EPOCH: 2, STEP: 200, DATA: 25600] loss: 0.9544446647167206
2019-11-12 18:44:17.910 | INFO     | base_classes.trainer:train:130 - [EPOCH: 2, STEP: 240, DATA: 30720] loss: 0.9859020695090294
2019-11-12 18:44:20.893 | INFO     | base_classes.trainer:train:130 - [EPOCH: 2, STEP: 280, DATA: 35840] loss: 0.9602692872285843
2019-11-12 18:44:23.871 | INFO     | base_classes.trainer:train:130 - [EPOCH: 2, STEP: 320, DATA: 40960] loss: 0.9530147358775138
2019-11-12 18:44:26.849 | INFO     | base_classes.trainer:train:130 - [EPOCH: 2, STEP: 360, DATA: 46080] loss: 0.9521893203258515
2019-11-12 18:44:29.135 | INFO     | base_classes.trainer:train:135 - Epoch 2 took 29.132747173309326 seconds
2019-11-12 18:44:29.150 | INFO     | base_classes.trainer:_save_model:162 - NN model weights saved successfully!
2019-11-12 18:44:29.151 | INFO     | base_classes.trainer:train:147 - Finished Training
2019-11-12 18:44:32.135 | INFO     | base_classes.trainer:train:130 - [EPOCH: 3, STEP: 40, DATA: 5120] loss: 0.964156387746334
2019-11-12 18:44:35.130 | INFO     | base_classes.trainer:train:130 - [EPOCH: 3, STEP: 80, DATA: 10240] loss: 0.9316296607255936
2019-11-12 18:44:38.109 | INFO     | base_classes.trainer:train:130 - [EPOCH: 3, STEP: 120, DATA: 15360] loss: 0.9997117131948471
2019-11-12 18:44:41.101 | INFO     | base_classes.trainer:train:130 - [EPOCH: 3, STEP: 160, DATA: 20480] loss: 0.9160206407308579
2019-11-12 18:44:44.092 | INFO     | base_classes.trainer:train:130 - [EPOCH: 3, STEP: 200, DATA: 25600] loss: 0.9385341480374336
2019-11-12 18:44:47.069 | INFO     | base_classes.trainer:train:130 - [EPOCH: 3, STEP: 240, DATA: 30720] loss: 0.9709085047245025
2019-11-12 18:44:50.078 | INFO     | base_classes.trainer:train:130 - [EPOCH: 3, STEP: 280, DATA: 35840] loss: 0.9534399375319481
2019-11-12 18:44:53.079 | INFO     | base_classes.trainer:train:130 - [EPOCH: 3, STEP: 320, DATA: 40960] loss: 0.9432197958230972
2019-11-12 18:44:56.114 | INFO     | base_classes.trainer:train:130 - [EPOCH: 3, STEP: 360, DATA: 46080] loss: 0.9286997005343437
2019-11-12 18:44:58.428 | INFO     | base_classes.trainer:train:135 - Epoch 3 took 29.273377180099487 seconds
2019-11-12 18:44:58.444 | INFO     | base_classes.trainer:_save_model:162 - NN model weights saved successfully!
2019-11-12 18:44:58.444 | INFO     | base_classes.trainer:train:147 - Finished Training
2019-11-12 18:45:01.465 | INFO     | base_classes.trainer:train:130 - [EPOCH: 4, STEP: 40, DATA: 5120] loss: 0.9429587498307228
2019-11-12 18:45:04.460 | INFO     | base_classes.trainer:train:130 - [EPOCH: 4, STEP: 80, DATA: 10240] loss: 0.9185552895069122
2019-11-12 18:45:07.457 | INFO     | base_classes.trainer:train:130 - [EPOCH: 4, STEP: 120, DATA: 15360] loss: 0.9878180265426636
2019-11-12 18:45:10.439 | INFO     | base_classes.trainer:train:130 - [EPOCH: 4, STEP: 160, DATA: 20480] loss: 0.9013849899172783
2019-11-12 18:45:13.440 | INFO     | base_classes.trainer:train:130 - [EPOCH: 4, STEP: 200, DATA: 25600] loss: 0.9268792301416398
2019-11-12 18:45:16.445 | INFO     | base_classes.trainer:train:130 - [EPOCH: 4, STEP: 240, DATA: 30720] loss: 0.9616000130772591
2019-11-12 18:45:19.441 | INFO     | base_classes.trainer:train:130 - [EPOCH: 4, STEP: 280, DATA: 35840] loss: 0.9370236486196518
2019-11-12 18:45:22.455 | INFO     | base_classes.trainer:train:130 - [EPOCH: 4, STEP: 320, DATA: 40960] loss: 0.9303987562656403
2019-11-12 18:45:25.502 | INFO     | base_classes.trainer:train:130 - [EPOCH: 4, STEP: 360, DATA: 46080] loss: 0.9162498474121094
2019-11-12 18:45:27.809 | INFO     | base_classes.trainer:train:135 - Epoch 4 took 29.362234830856323 seconds
2019-11-12 18:45:27.827 | INFO     | base_classes.trainer:_save_model:162 - NN model weights saved successfully!
2019-11-12 18:45:27.828 | INFO     | base_classes.trainer:train:147 - Finished Training
2019-11-12 18:45:30.851 | INFO     | base_classes.trainer:train:130 - [EPOCH: 5, STEP: 40, DATA: 5120] loss: 0.936415334045887
2019-11-12 18:45:33.853 | INFO     | base_classes.trainer:train:130 - [EPOCH: 5, STEP: 80, DATA: 10240] loss: 0.9123413026332855
2019-11-12 18:45:36.871 | INFO     | base_classes.trainer:train:130 - [EPOCH: 5, STEP: 120, DATA: 15360] loss: 0.9840864300727844
2019-11-12 18:45:39.893 | INFO     | base_classes.trainer:train:130 - [EPOCH: 5, STEP: 160, DATA: 20480] loss: 0.9033838674426079
2019-11-12 18:45:42.888 | INFO     | base_classes.trainer:train:130 - [EPOCH: 5, STEP: 200, DATA: 25600] loss: 0.9218158572912216
2019-11-12 18:45:45.885 | INFO     | base_classes.trainer:train:130 - [EPOCH: 5, STEP: 240, DATA: 30720] loss: 0.9519168063998222
2019-11-12 18:45:48.885 | INFO     | base_classes.trainer:train:130 - [EPOCH: 5, STEP: 280, DATA: 35840] loss: 0.9260526046156883
2019-11-12 18:45:51.877 | INFO     | base_classes.trainer:train:130 - [EPOCH: 5, STEP: 320, DATA: 40960] loss: 0.9247202798724174
2019-11-12 18:45:54.877 | INFO     | base_classes.trainer:train:130 - [EPOCH: 5, STEP: 360, DATA: 46080] loss: 0.9151934221386909
2019-11-12 18:45:57.186 | INFO     | base_classes.trainer:train:135 - Epoch 5 took 29.355790853500366 seconds
2019-11-12 18:45:57.202 | INFO     | base_classes.trainer:_save_model:162 - NN model weights saved successfully!
2019-11-12 18:45:57.203 | INFO     | base_classes.trainer:train:147 - Finished Training
2019-11-12 18:46:00.209 | INFO     | base_classes.trainer:train:130 - [EPOCH: 6, STEP: 40, DATA: 5120] loss: 0.9327640563249588
2019-11-12 18:46:03.222 | INFO     | base_classes.trainer:train:130 - [EPOCH: 6, STEP: 80, DATA: 10240] loss: 0.9087191864848136
2019-11-12 18:46:06.216 | INFO     | base_classes.trainer:train:130 - [EPOCH: 6, STEP: 120, DATA: 15360] loss: 0.9786987453699112
2019-11-12 18:46:09.212 | INFO     | base_classes.trainer:train:130 - [EPOCH: 6, STEP: 160, DATA: 20480] loss: 0.9060043826699257
2019-11-12 18:46:12.265 | INFO     | base_classes.trainer:train:130 - [EPOCH: 6, STEP: 200, DATA: 25600] loss: 0.9196592077612877
2019-11-12 18:46:15.243 | INFO     | base_classes.trainer:train:130 - [EPOCH: 6, STEP: 240, DATA: 30720] loss: 0.9463568985462188
2019-11-12 18:46:18.220 | INFO     | base_classes.trainer:train:130 - [EPOCH: 6, STEP: 280, DATA: 35840] loss: 0.9283968776464462
2019-11-12 18:46:21.191 | INFO     | base_classes.trainer:train:130 - [EPOCH: 6, STEP: 320, DATA: 40960] loss: 0.9230815917253494
2019-11-12 18:46:24.166 | INFO     | base_classes.trainer:train:130 - [EPOCH: 6, STEP: 360, DATA: 46080] loss: 0.910879111289978
2019-11-12 18:46:26.445 | INFO     | base_classes.trainer:train:135 - Epoch 6 took 29.23886752128601 seconds
2019-11-12 18:46:26.461 | INFO     | base_classes.trainer:_save_model:162 - NN model weights saved successfully!
2019-11-12 18:46:26.462 | INFO     | base_classes.trainer:train:147 - Finished Training
2019-11-12 18:46:29.512 | INFO     | base_classes.trainer:train:130 - [EPOCH: 7, STEP: 40, DATA: 5120] loss: 0.9251707434654236
2019-11-12 18:46:32.513 | INFO     | base_classes.trainer:train:130 - [EPOCH: 7, STEP: 80, DATA: 10240] loss: 0.902993056178093
2019-11-12 18:46:35.507 | INFO     | base_classes.trainer:train:130 - [EPOCH: 7, STEP: 120, DATA: 15360] loss: 0.9699692755937577
2019-11-12 18:46:38.471 | INFO     | base_classes.trainer:train:130 - [EPOCH: 7, STEP: 160, DATA: 20480] loss: 0.895889975130558
2019-11-12 18:46:41.433 | INFO     | base_classes.trainer:train:130 - [EPOCH: 7, STEP: 200, DATA: 25600] loss: 0.910728108882904
2019-11-12 18:46:44.445 | INFO     | base_classes.trainer:train:130 - [EPOCH: 7, STEP: 240, DATA: 30720] loss: 0.9415566876530648
2019-11-12 18:46:47.467 | INFO     | base_classes.trainer:train:130 - [EPOCH: 7, STEP: 280, DATA: 35840] loss: 0.9220670208334922
2019-11-12 18:46:50.469 | INFO     | base_classes.trainer:train:130 - [EPOCH: 7, STEP: 320, DATA: 40960] loss: 0.9169870287179946
2019-11-12 18:46:53.462 | INFO     | base_classes.trainer:train:130 - [EPOCH: 7, STEP: 360, DATA: 46080] loss: 0.9068213805556298
2019-11-12 18:46:55.763 | INFO     | base_classes.trainer:train:135 - Epoch 7 took 29.298967838287354 seconds
2019-11-12 18:46:55.778 | INFO     | base_classes.trainer:_save_model:162 - NN model weights saved successfully!
2019-11-12 18:46:55.779 | INFO     | base_classes.trainer:train:147 - Finished Training
2019-11-12 18:46:58.773 | INFO     | base_classes.trainer:train:130 - [EPOCH: 8, STEP: 40, DATA: 5120] loss: 0.9202856943011284
2019-11-12 18:47:01.789 | INFO     | base_classes.trainer:train:130 - [EPOCH: 8, STEP: 80, DATA: 10240] loss: 0.9002190351486206
2019-11-12 18:47:04.782 | INFO     | base_classes.trainer:train:130 - [EPOCH: 8, STEP: 120, DATA: 15360] loss: 0.9622527107596397
2019-11-12 18:47:07.829 | INFO     | base_classes.trainer:train:130 - [EPOCH: 8, STEP: 160, DATA: 20480] loss: 0.888688811659813
2019-11-12 18:47:10.870 | INFO     | base_classes.trainer:train:130 - [EPOCH: 8, STEP: 200, DATA: 25600] loss: 0.9005958437919617
2019-11-12 18:47:13.865 | INFO     | base_classes.trainer:train:130 - [EPOCH: 8, STEP: 240, DATA: 30720] loss: 0.9399689882993698
2019-11-12 18:47:16.869 | INFO     | base_classes.trainer:train:130 - [EPOCH: 8, STEP: 280, DATA: 35840] loss: 0.9147242277860641
2019-11-12 18:47:19.849 | INFO     | base_classes.trainer:train:130 - [EPOCH: 8, STEP: 320, DATA: 40960] loss: 0.9116753280162812
2019-11-12 18:47:22.816 | INFO     | base_classes.trainer:train:130 - [EPOCH: 8, STEP: 360, DATA: 46080] loss: 0.9028113275766373
2019-11-12 18:47:25.093 | INFO     | base_classes.trainer:train:135 - Epoch 8 took 29.310632944107056 seconds
2019-11-12 18:47:25.110 | INFO     | base_classes.trainer:_save_model:162 - NN model weights saved successfully!
2019-11-12 18:47:25.110 | INFO     | base_classes.trainer:train:147 - Finished Training
2019-11-12 18:47:28.083 | INFO     | base_classes.trainer:train:130 - [EPOCH: 9, STEP: 40, DATA: 5120] loss: 0.9132619768381118
2019-11-12 18:47:31.104 | INFO     | base_classes.trainer:train:130 - [EPOCH: 9, STEP: 80, DATA: 10240] loss: 0.8921804890036583
2019-11-12 18:47:34.255 | INFO     | base_classes.trainer:train:130 - [EPOCH: 9, STEP: 120, DATA: 15360] loss: 0.9566269859671592
2019-11-12 18:47:37.252 | INFO     | base_classes.trainer:train:130 - [EPOCH: 9, STEP: 160, DATA: 20480] loss: 0.8866732969880105
2019-11-12 18:47:40.342 | INFO     | base_classes.trainer:train:130 - [EPOCH: 9, STEP: 200, DATA: 25600] loss: 0.900701217353344
2019-11-12 18:47:43.373 | INFO     | base_classes.trainer:train:130 - [EPOCH: 9, STEP: 240, DATA: 30720] loss: 0.93204056173563
2019-11-12 18:47:46.412 | INFO     | base_classes.trainer:train:130 - [EPOCH: 9, STEP: 280, DATA: 35840] loss: 0.9143951952457428
2019-11-12 18:47:49.402 | INFO     | base_classes.trainer:train:130 - [EPOCH: 9, STEP: 320, DATA: 40960] loss: 0.9072195813059807
2019-11-12 18:47:52.366 | INFO     | base_classes.trainer:train:130 - [EPOCH: 9, STEP: 360, DATA: 46080] loss: 0.9024988874793053
2019-11-12 18:47:54.639 | INFO     | base_classes.trainer:train:135 - Epoch 9 took 29.52589201927185 seconds
2019-11-12 18:47:54.654 | INFO     | base_classes.trainer:_save_model:162 - NN model weights saved successfully!
2019-11-12 18:47:54.655 | INFO     | base_classes.trainer:train:147 - Finished Training
2019-11-12 18:47:57.621 | INFO     | base_classes.trainer:train:130 - [EPOCH: 10, STEP: 40, DATA: 5120] loss: 0.9111291870474816
2019-11-12 18:48:00.587 | INFO     | base_classes.trainer:train:130 - [EPOCH: 10, STEP: 80, DATA: 10240] loss: 0.8882955580949783
2019-11-12 18:48:03.557 | INFO     | base_classes.trainer:train:130 - [EPOCH: 10, STEP: 120, DATA: 15360] loss: 0.9535744726657868
2019-11-12 18:48:06.519 | INFO     | base_classes.trainer:train:130 - [EPOCH: 10, STEP: 160, DATA: 20480] loss: 0.8838255167007446
2019-11-12 18:48:09.485 | INFO     | base_classes.trainer:train:130 - [EPOCH: 10, STEP: 200, DATA: 25600] loss: 0.899889600276947
2019-11-12 18:48:12.450 | INFO     | base_classes.trainer:train:130 - [EPOCH: 10, STEP: 240, DATA: 30720] loss: 0.9249135851860046
2019-11-12 18:48:15.416 | INFO     | base_classes.trainer:train:130 - [EPOCH: 10, STEP: 280, DATA: 35840] loss: 0.9048619657754898
2019-11-12 18:48:18.379 | INFO     | base_classes.trainer:train:130 - [EPOCH: 10, STEP: 320, DATA: 40960] loss: 0.8997376173734665
2019-11-12 18:48:21.345 | INFO     | base_classes.trainer:train:130 - [EPOCH: 10, STEP: 360, DATA: 46080] loss: 0.89523336738348
2019-11-12 18:48:23.622 | INFO     | base_classes.trainer:train:135 - Epoch 10 took 28.964294910430908 seconds
2019-11-12 18:48:23.638 | INFO     | base_classes.trainer:_save_model:162 - NN model weights saved successfully!
2019-11-12 18:48:23.639 | INFO     | base_classes.trainer:train:147 - Finished Training
2019-11-12 18:48:26.607 | INFO     | base_classes.trainer:train:130 - [EPOCH: 11, STEP: 40, DATA: 5120] loss: 0.9088177606463432
2019-11-12 18:48:29.575 | INFO     | base_classes.trainer:train:130 - [EPOCH: 11, STEP: 80, DATA: 10240] loss: 0.8849602073431015
2019-11-12 18:48:32.539 | INFO     | base_classes.trainer:train:130 - [EPOCH: 11, STEP: 120, DATA: 15360] loss: 0.9482287615537643
2019-11-12 18:48:35.506 | INFO     | base_classes.trainer:train:130 - [EPOCH: 11, STEP: 160, DATA: 20480] loss: 0.877117033302784
2019-11-12 18:48:38.480 | INFO     | base_classes.trainer:train:130 - [EPOCH: 11, STEP: 200, DATA: 25600] loss: 0.8951383128762245
2019-11-12 18:48:41.460 | INFO     | base_classes.trainer:train:130 - [EPOCH: 11, STEP: 240, DATA: 30720] loss: 0.9341617554426194
2019-11-12 18:48:44.451 | INFO     | base_classes.trainer:train:130 - [EPOCH: 11, STEP: 280, DATA: 35840] loss: 0.90372813642025
2019-11-12 18:48:47.443 | INFO     | base_classes.trainer:train:130 - [EPOCH: 11, STEP: 320, DATA: 40960] loss: 0.8977287292480469
2019-11-12 18:48:50.513 | INFO     | base_classes.trainer:train:130 - [EPOCH: 11, STEP: 360, DATA: 46080] loss: 0.8918218985199928
2019-11-12 18:48:52.823 | INFO     | base_classes.trainer:train:135 - Epoch 11 took 29.181625366210938 seconds
2019-11-12 18:48:52.839 | INFO     | base_classes.trainer:_save_model:162 - NN model weights saved successfully!
2019-11-12 18:48:52.853 | INFO     | base_classes.trainer:_save_model:162 - NN model weights saved successfully!
2019-11-12 18:48:52.854 | INFO     | base_classes.trainer:train:147 - Finished Training
2019-11-12 18:48:55.845 | INFO     | base_classes.trainer:train:130 - [EPOCH: 12, STEP: 40, DATA: 5120] loss: 0.9055971413850784
2019-11-12 18:48:58.834 | INFO     | base_classes.trainer:train:130 - [EPOCH: 12, STEP: 80, DATA: 10240] loss: 0.8841860339045524
2019-11-12 18:49:01.817 | INFO     | base_classes.trainer:train:130 - [EPOCH: 12, STEP: 120, DATA: 15360] loss: 0.9457271531224251
2019-11-12 18:49:04.819 | INFO     | base_classes.trainer:train:130 - [EPOCH: 12, STEP: 160, DATA: 20480] loss: 0.870620109140873
2019-11-12 18:49:07.802 | INFO     | base_classes.trainer:train:130 - [EPOCH: 12, STEP: 200, DATA: 25600] loss: 0.8894209712743759
2019-11-12 18:49:10.788 | INFO     | base_classes.trainer:train:130 - [EPOCH: 12, STEP: 240, DATA: 30720] loss: 0.9220365673303604
2019-11-12 18:49:13.777 | INFO     | base_classes.trainer:train:130 - [EPOCH: 12, STEP: 280, DATA: 35840] loss: 0.8999736160039902
2019-11-12 18:49:16.772 | INFO     | base_classes.trainer:train:130 - [EPOCH: 12, STEP: 320, DATA: 40960] loss: 0.899737985432148
2019-11-12 18:49:19.778 | INFO     | base_classes.trainer:train:130 - [EPOCH: 12, STEP: 360, DATA: 46080] loss: 0.8935226008296013
2019-11-12 18:49:22.083 | INFO     | base_classes.trainer:train:135 - Epoch 12 took 29.226542234420776 seconds
2019-11-12 18:49:22.098 | INFO     | base_classes.trainer:_save_model:162 - NN model weights saved successfully!
2019-11-12 18:49:22.098 | INFO     | base_classes.trainer:train:147 - Finished Training
2019-11-12 18:49:25.107 | INFO     | base_classes.trainer:train:130 - [EPOCH: 13, STEP: 40, DATA: 5120] loss: 0.9087612926959991
2019-11-12 18:49:28.094 | INFO     | base_classes.trainer:train:130 - [EPOCH: 13, STEP: 80, DATA: 10240] loss: 0.8863695323467254
2019-11-12 18:49:31.084 | INFO     | base_classes.trainer:train:130 - [EPOCH: 13, STEP: 120, DATA: 15360] loss: 0.9454415634274482
2019-11-12 18:49:34.075 | INFO     | base_classes.trainer:train:130 - [EPOCH: 13, STEP: 160, DATA: 20480] loss: 0.8737819492816925
2019-11-12 18:49:37.077 | INFO     | base_classes.trainer:train:130 - [EPOCH: 13, STEP: 200, DATA: 25600] loss: 0.8849055841565132
2019-11-12 18:49:40.080 | INFO     | base_classes.trainer:train:130 - [EPOCH: 13, STEP: 240, DATA: 30720] loss: 0.9155499875545502
2019-11-12 18:49:43.089 | INFO     | base_classes.trainer:train:130 - [EPOCH: 13, STEP: 280, DATA: 35840] loss: 0.9014742344617843
2019-11-12 18:49:46.083 | INFO     | base_classes.trainer:train:130 - [EPOCH: 13, STEP: 320, DATA: 40960] loss: 0.8945781290531158
2019-11-12 18:49:49.074 | INFO     | base_classes.trainer:train:130 - [EPOCH: 13, STEP: 360, DATA: 46080] loss: 0.8887999951839447
2019-11-12 18:49:51.382 | INFO     | base_classes.trainer:train:135 - Epoch 13 took 29.28158211708069 seconds
2019-11-12 18:49:51.396 | INFO     | base_classes.trainer:_save_model:162 - NN model weights saved successfully!
2019-11-12 18:49:51.397 | INFO     | base_classes.trainer:train:147 - Finished Training
2019-11-12 18:49:54.410 | INFO     | base_classes.trainer:train:130 - [EPOCH: 14, STEP: 40, DATA: 5120] loss: 0.8992313981056214
2019-11-12 18:49:57.405 | INFO     | base_classes.trainer:train:130 - [EPOCH: 14, STEP: 80, DATA: 10240] loss: 0.8774919509887695
2019-11-12 18:50:00.399 | INFO     | base_classes.trainer:train:130 - [EPOCH: 14, STEP: 120, DATA: 15360] loss: 0.9395462527871132
2019-11-12 18:50:03.395 | INFO     | base_classes.trainer:train:130 - [EPOCH: 14, STEP: 160, DATA: 20480] loss: 0.8679840847849846
2019-11-12 18:50:06.396 | INFO     | base_classes.trainer:train:130 - [EPOCH: 14, STEP: 200, DATA: 25600] loss: 0.8894628301262856
2019-11-12 18:50:09.399 | INFO     | base_classes.trainer:train:130 - [EPOCH: 14, STEP: 240, DATA: 30720] loss: 0.918178828060627
2019-11-12 18:50:12.389 | INFO     | base_classes.trainer:train:130 - [EPOCH: 14, STEP: 280, DATA: 35840] loss: 0.8954345270991325
2019-11-12 18:50:15.384 | INFO     | base_classes.trainer:train:130 - [EPOCH: 14, STEP: 320, DATA: 40960] loss: 0.8900581181049347
2019-11-12 18:50:18.379 | INFO     | base_classes.trainer:train:130 - [EPOCH: 14, STEP: 360, DATA: 46080] loss: 0.8872078374028206
2019-11-12 18:50:20.678 | INFO     | base_classes.trainer:train:135 - Epoch 14 took 29.277578592300415 seconds
2019-11-12 18:50:20.692 | INFO     | base_classes.trainer:_save_model:162 - NN model weights saved successfully!
2019-11-12 18:50:20.693 | INFO     | base_classes.trainer:train:147 - Finished Training
2019-11-12 18:50:23.693 | INFO     | base_classes.trainer:train:130 - [EPOCH: 15, STEP: 40, DATA: 5120] loss: 0.9044991672039032
2019-11-12 18:50:26.690 | INFO     | base_classes.trainer:train:130 - [EPOCH: 15, STEP: 80, DATA: 10240] loss: 0.8806375369429589
2019-11-12 18:50:29.699 | INFO     | base_classes.trainer:train:130 - [EPOCH: 15, STEP: 120, DATA: 15360] loss: 0.9442785009741783
2019-11-12 18:50:32.711 | INFO     | base_classes.trainer:train:130 - [EPOCH: 15, STEP: 160, DATA: 20480] loss: 0.8683272212743759
2019-11-12 18:50:35.701 | INFO     | base_classes.trainer:train:130 - [EPOCH: 15, STEP: 200, DATA: 25600] loss: 0.8846225500106811
2019-11-12 18:50:38.705 | INFO     | base_classes.trainer:train:130 - [EPOCH: 15, STEP: 240, DATA: 30720] loss: 0.9124444141983986
2019-11-12 18:50:41.685 | INFO     | base_classes.trainer:train:130 - [EPOCH: 15, STEP: 280, DATA: 35840] loss: 0.8937919586896896
2019-11-12 18:50:44.667 | INFO     | base_classes.trainer:train:130 - [EPOCH: 15, STEP: 320, DATA: 40960] loss: 0.8903889745473862
2019-11-12 18:50:47.656 | INFO     | base_classes.trainer:train:130 - [EPOCH: 15, STEP: 360, DATA: 46080] loss: 0.8849076747894287
2019-11-12 18:50:49.945 | INFO     | base_classes.trainer:train:135 - Epoch 15 took 29.249671459197998 seconds
2019-11-12 18:50:49.959 | INFO     | base_classes.trainer:_save_model:162 - NN model weights saved successfully!
2019-11-12 18:50:49.960 | INFO     | base_classes.trainer:train:147 - Finished Training
2019-11-12 18:50:52.945 | INFO     | base_classes.trainer:train:130 - [EPOCH: 16, STEP: 40, DATA: 5120] loss: 0.9000865891575813
2019-11-12 18:50:55.924 | INFO     | base_classes.trainer:train:130 - [EPOCH: 16, STEP: 80, DATA: 10240] loss: 0.8759562388062477
2019-11-12 18:50:58.908 | INFO     | base_classes.trainer:train:130 - [EPOCH: 16, STEP: 120, DATA: 15360] loss: 0.9370004221796989
2019-11-12 18:51:01.892 | INFO     | base_classes.trainer:train:130 - [EPOCH: 16, STEP: 160, DATA: 20480] loss: 0.8664285182952881
2019-11-12 18:51:04.873 | INFO     | base_classes.trainer:train:130 - [EPOCH: 16, STEP: 200, DATA: 25600] loss: 0.8882834255695343
2019-11-12 18:51:07.855 | INFO     | base_classes.trainer:train:130 - [EPOCH: 16, STEP: 240, DATA: 30720] loss: 0.9167356997728348
2019-11-12 18:51:10.838 | INFO     | base_classes.trainer:train:130 - [EPOCH: 16, STEP: 280, DATA: 35840] loss: 0.8902672246098519
2019-11-12 18:51:13.831 | INFO     | base_classes.trainer:train:130 - [EPOCH: 16, STEP: 320, DATA: 40960] loss: 0.8856387063860893
2019-11-12 18:51:16.810 | INFO     | base_classes.trainer:train:130 - [EPOCH: 16, STEP: 360, DATA: 46080] loss: 0.8813437208533287
2019-11-12 18:51:19.096 | INFO     | base_classes.trainer:train:135 - Epoch 16 took 29.132446765899658 seconds
2019-11-12 18:51:19.111 | INFO     | base_classes.trainer:_save_model:162 - NN model weights saved successfully!
2019-11-12 18:51:19.112 | INFO     | base_classes.trainer:train:147 - Finished Training
2019-11-12 18:51:22.152 | INFO     | base_classes.trainer:train:130 - [EPOCH: 17, STEP: 40, DATA: 5120] loss: 0.8974903896450996
2019-11-12 18:51:25.170 | INFO     | base_classes.trainer:train:130 - [EPOCH: 17, STEP: 80, DATA: 10240] loss: 0.8722075283527374
2019-11-12 18:51:28.202 | INFO     | base_classes.trainer:train:130 - [EPOCH: 17, STEP: 120, DATA: 15360] loss: 0.9362769067287445
2019-11-12 18:51:31.214 | INFO     | base_classes.trainer:train:130 - [EPOCH: 17, STEP: 160, DATA: 20480] loss: 0.860062475502491
2019-11-12 18:51:34.275 | INFO     | base_classes.trainer:train:130 - [EPOCH: 17, STEP: 200, DATA: 25600] loss: 0.8825871884822846
2019-11-12 18:51:37.336 | INFO     | base_classes.trainer:train:130 - [EPOCH: 17, STEP: 240, DATA: 30720] loss: 0.9198429688811303
2019-11-12 18:51:40.322 | INFO     | base_classes.trainer:train:130 - [EPOCH: 17, STEP: 280, DATA: 35840] loss: 0.8882971659302712
2019-11-12 18:51:43.310 | INFO     | base_classes.trainer:train:130 - [EPOCH: 17, STEP: 320, DATA: 40960] loss: 0.8844365134835244
2019-11-12 18:51:46.299 | INFO     | base_classes.trainer:train:130 - [EPOCH: 17, STEP: 360, DATA: 46080] loss: 0.8816714718937874
2019-11-12 18:51:48.660 | INFO     | base_classes.trainer:train:135 - Epoch 17 took 29.545870780944824 seconds
2019-11-12 18:51:48.675 | INFO     | base_classes.trainer:_save_model:162 - NN model weights saved successfully!
2019-11-12 18:51:48.676 | INFO     | base_classes.trainer:train:147 - Finished Training
2019-11-12 18:51:51.724 | INFO     | base_classes.trainer:train:130 - [EPOCH: 18, STEP: 40, DATA: 5120] loss: 0.8928724706172944
2019-11-12 18:51:54.811 | INFO     | base_classes.trainer:train:130 - [EPOCH: 18, STEP: 80, DATA: 10240] loss: 0.867612111568451
2019-11-12 18:51:57.890 | INFO     | base_classes.trainer:train:130 - [EPOCH: 18, STEP: 120, DATA: 15360] loss: 0.9299985647201539
2019-11-12 18:52:01.002 | INFO     | base_classes.trainer:train:130 - [EPOCH: 18, STEP: 160, DATA: 20480] loss: 0.8560830354690552
2019-11-12 18:52:03.972 | INFO     | base_classes.trainer:train:130 - [EPOCH: 18, STEP: 200, DATA: 25600] loss: 0.874416695535183
2019-11-12 18:52:06.978 | INFO     | base_classes.trainer:train:130 - [EPOCH: 18, STEP: 240, DATA: 30720] loss: 0.9045407935976982
2019-11-12 18:52:09.996 | INFO     | base_classes.trainer:train:130 - [EPOCH: 18, STEP: 280, DATA: 35840] loss: 0.8855949670076371
2019-11-12 18:52:13.018 | INFO     | base_classes.trainer:train:130 - [EPOCH: 18, STEP: 320, DATA: 40960] loss: 0.8807499274611473
2019-11-12 18:52:15.997 | INFO     | base_classes.trainer:train:130 - [EPOCH: 18, STEP: 360, DATA: 46080] loss: 0.8769891351461411
2019-11-12 18:52:18.314 | INFO     | base_classes.trainer:train:135 - Epoch 18 took 29.635908842086792 seconds
2019-11-12 18:52:18.331 | INFO     | base_classes.trainer:_save_model:162 - NN model weights saved successfully!
2019-11-12 18:52:18.331 | INFO     | base_classes.trainer:train:147 - Finished Training
2019-11-12 18:52:21.350 | INFO     | base_classes.trainer:train:130 - [EPOCH: 19, STEP: 40, DATA: 5120] loss: 0.8893107920885086
2019-11-12 18:52:24.353 | INFO     | base_classes.trainer:train:130 - [EPOCH: 19, STEP: 80, DATA: 10240] loss: 0.8642774045467376
2019-11-12 18:52:27.367 | INFO     | base_classes.trainer:train:130 - [EPOCH: 19, STEP: 120, DATA: 15360] loss: 0.9259822890162468
2019-11-12 18:52:30.390 | INFO     | base_classes.trainer:train:130 - [EPOCH: 19, STEP: 160, DATA: 20480] loss: 0.8597310870885849
2019-11-12 18:52:33.529 | INFO     | base_classes.trainer:train:130 - [EPOCH: 19, STEP: 200, DATA: 25600] loss: 0.8836269855499268
2019-11-12 18:52:36.613 | INFO     | base_classes.trainer:train:130 - [EPOCH: 19, STEP: 240, DATA: 30720] loss: 0.911292552947998
2019-11-12 18:52:39.703 | INFO     | base_classes.trainer:train:130 - [EPOCH: 19, STEP: 280, DATA: 35840] loss: 0.880188849568367
2019-11-12 18:52:42.715 | INFO     | base_classes.trainer:train:130 - [EPOCH: 19, STEP: 320, DATA: 40960] loss: 0.8781872600317001
2019-11-12 18:52:45.716 | INFO     | base_classes.trainer:train:130 - [EPOCH: 19, STEP: 360, DATA: 46080] loss: 0.874455763399601
2019-11-12 18:52:48.072 | INFO     | base_classes.trainer:train:135 - Epoch 19 took 29.738006591796875 seconds
2019-11-12 18:52:48.088 | INFO     | base_classes.trainer:_save_model:162 - NN model weights saved successfully!
2019-11-12 18:52:48.089 | INFO     | base_classes.trainer:train:147 - Finished Training
2019-11-12 18:52:51.080 | INFO     | base_classes.trainer:train:130 - [EPOCH: 20, STEP: 40, DATA: 5120] loss: 0.8928184166550637
2019-11-12 18:52:54.099 | INFO     | base_classes.trainer:train:130 - [EPOCH: 20, STEP: 80, DATA: 10240] loss: 0.8662813737988472
2019-11-12 18:52:57.085 | INFO     | base_classes.trainer:train:130 - [EPOCH: 20, STEP: 120, DATA: 15360] loss: 0.926184156537056
2019-11-12 18:53:00.073 | INFO     | base_classes.trainer:train:130 - [EPOCH: 20, STEP: 160, DATA: 20480] loss: 0.8538679525256156
2019-11-12 18:53:03.115 | INFO     | base_classes.trainer:train:130 - [EPOCH: 20, STEP: 200, DATA: 25600] loss: 0.8728230521082878
2019-11-12 18:53:06.277 | INFO     | base_classes.trainer:train:130 - [EPOCH: 20, STEP: 240, DATA: 30720] loss: 0.9015665367245674
2019-11-12 18:53:09.355 | INFO     | base_classes.trainer:train:130 - [EPOCH: 20, STEP: 280, DATA: 35840] loss: 0.8778851374983787
2019-11-12 18:53:12.385 | INFO     | base_classes.trainer:train:130 - [EPOCH: 20, STEP: 320, DATA: 40960] loss: 0.8747589156031609
2019-11-12 18:53:15.404 | INFO     | base_classes.trainer:train:130 - [EPOCH: 20, STEP: 360, DATA: 46080] loss: 0.8739111363887787
2019-11-12 18:53:17.719 | INFO     | base_classes.trainer:train:135 - Epoch 20 took 29.628090381622314 seconds
2019-11-12 18:53:17.737 | INFO     | base_classes.trainer:_save_model:162 - NN model weights saved successfully!
2019-11-12 18:53:17.738 | INFO     | base_classes.trainer:train:147 - Finished Training
2019-11-12 18:53:20.844 | INFO     | base_classes.trainer:train:130 - [EPOCH: 21, STEP: 40, DATA: 5120] loss: 0.885096238553524
2019-11-12 18:53:24.075 | INFO     | base_classes.trainer:train:130 - [EPOCH: 21, STEP: 80, DATA: 10240] loss: 0.8614257916808128
2019-11-12 18:53:27.313 | INFO     | base_classes.trainer:train:130 - [EPOCH: 21, STEP: 120, DATA: 15360] loss: 0.9224636211991311
2019-11-12 18:53:30.530 | INFO     | base_classes.trainer:train:130 - [EPOCH: 21, STEP: 160, DATA: 20480] loss: 0.8542963713407516
2019-11-12 18:53:33.690 | INFO     | base_classes.trainer:train:130 - [EPOCH: 21, STEP: 200, DATA: 25600] loss: 0.8743696317076683
2019-11-12 18:53:36.822 | INFO     | base_classes.trainer:train:130 - [EPOCH: 21, STEP: 240, DATA: 30720] loss: 0.8998590663075448
2019-11-12 18:53:40.025 | INFO     | base_classes.trainer:train:130 - [EPOCH: 21, STEP: 280, DATA: 35840] loss: 0.8785892769694328
2019-11-12 18:53:43.219 | INFO     | base_classes.trainer:train:130 - [EPOCH: 21, STEP: 320, DATA: 40960] loss: 0.873367902636528
2019-11-12 18:53:46.343 | INFO     | base_classes.trainer:train:130 - [EPOCH: 21, STEP: 360, DATA: 46080] loss: 0.8711871027946472
2019-11-12 18:53:48.774 | INFO     | base_classes.trainer:train:135 - Epoch 21 took 31.034098386764526 seconds
2019-11-12 18:53:48.790 | INFO     | base_classes.trainer:_save_model:162 - NN model weights saved successfully!
2019-11-12 18:53:48.806 | INFO     | base_classes.trainer:_save_model:162 - NN model weights saved successfully!
2019-11-12 18:53:48.807 | INFO     | base_classes.trainer:train:147 - Finished Training
2019-11-12 18:53:51.925 | INFO     | base_classes.trainer:train:130 - [EPOCH: 22, STEP: 40, DATA: 5120] loss: 0.8853199690580368
2019-11-12 18:53:55.087 | INFO     | base_classes.trainer:train:130 - [EPOCH: 22, STEP: 80, DATA: 10240] loss: 0.8608409330248833
2019-11-12 18:53:58.192 | INFO     | base_classes.trainer:train:130 - [EPOCH: 22, STEP: 120, DATA: 15360] loss: 0.9204229697585106
2019-11-12 18:54:01.255 | INFO     | base_classes.trainer:train:130 - [EPOCH: 22, STEP: 160, DATA: 20480] loss: 0.8517663687467575
2019-11-12 18:54:04.390 | INFO     | base_classes.trainer:train:130 - [EPOCH: 22, STEP: 200, DATA: 25600] loss: 0.8734703123569488
2019-11-12 18:54:07.489 | INFO     | base_classes.trainer:train:130 - [EPOCH: 22, STEP: 240, DATA: 30720] loss: 0.9116307541728019
2019-11-12 18:54:10.489 | INFO     | base_classes.trainer:train:130 - [EPOCH: 22, STEP: 280, DATA: 35840] loss: 0.8810418978333473
2019-11-12 18:54:13.501 | INFO     | base_classes.trainer:train:130 - [EPOCH: 22, STEP: 320, DATA: 40960] loss: 0.8748686909675598
2019-11-12 18:54:16.579 | INFO     | base_classes.trainer:train:130 - [EPOCH: 22, STEP: 360, DATA: 46080] loss: 0.8715291887521743
2019-11-12 18:54:18.913 | INFO     | base_classes.trainer:train:135 - Epoch 22 took 30.105199337005615 seconds
2019-11-12 18:54:18.929 | INFO     | base_classes.trainer:_save_model:162 - NN model weights saved successfully!
2019-11-12 18:54:18.930 | INFO     | base_classes.trainer:train:147 - Finished Training
2019-11-12 18:54:21.924 | INFO     | base_classes.trainer:train:130 - [EPOCH: 23, STEP: 40, DATA: 5120] loss: 0.8816486567258834
2019-11-12 18:54:24.953 | INFO     | base_classes.trainer:train:130 - [EPOCH: 23, STEP: 80, DATA: 10240] loss: 0.8617121547460556
2019-11-12 18:54:27.955 | INFO     | base_classes.trainer:train:130 - [EPOCH: 23, STEP: 120, DATA: 15360] loss: 0.920764972269535
2019-11-12 18:54:30.949 | INFO     | base_classes.trainer:train:130 - [EPOCH: 23, STEP: 160, DATA: 20480] loss: 0.8457363739609718
2019-11-12 18:54:33.923 | INFO     | base_classes.trainer:train:130 - [EPOCH: 23, STEP: 200, DATA: 25600] loss: 0.8698411852121353
2019-11-12 18:54:36.898 | INFO     | base_classes.trainer:train:130 - [EPOCH: 23, STEP: 240, DATA: 30720] loss: 0.8943034097552299
2019-11-12 18:54:39.873 | INFO     | base_classes.trainer:train:130 - [EPOCH: 23, STEP: 280, DATA: 35840] loss: 0.8804655924439431
2019-11-12 18:54:42.871 | INFO     | base_classes.trainer:train:130 - [EPOCH: 23, STEP: 320, DATA: 40960] loss: 0.8753520473837852
2019-11-12 18:54:45.852 | INFO     | base_classes.trainer:train:130 - [EPOCH: 23, STEP: 360, DATA: 46080] loss: 0.8671271041035652
2019-11-12 18:54:48.129 | INFO     | base_classes.trainer:train:135 - Epoch 23 took 29.196475505828857 seconds
2019-11-12 18:54:48.147 | INFO     | base_classes.trainer:_save_model:162 - NN model weights saved successfully!
2019-11-12 18:54:48.147 | INFO     | base_classes.trainer:train:147 - Finished Training
2019-11-12 18:54:51.135 | INFO     | base_classes.trainer:train:130 - [EPOCH: 24, STEP: 40, DATA: 5120] loss: 0.8840893968939781
2019-11-12 18:54:54.170 | INFO     | base_classes.trainer:train:130 - [EPOCH: 24, STEP: 80, DATA: 10240] loss: 0.8595596492290497
2019-11-12 18:54:57.159 | INFO     | base_classes.trainer:train:130 - [EPOCH: 24, STEP: 120, DATA: 15360] loss: 0.9172397091984749
2019-11-12 18:55:00.138 | INFO     | base_classes.trainer:train:130 - [EPOCH: 24, STEP: 160, DATA: 20480] loss: 0.8471237525343895
2019-11-12 18:55:03.190 | INFO     | base_classes.trainer:train:130 - [EPOCH: 24, STEP: 200, DATA: 25600] loss: 0.8655047610402107
2019-11-12 18:55:06.173 | INFO     | base_classes.trainer:train:130 - [EPOCH: 24, STEP: 240, DATA: 30720] loss: 0.8927941128611565
2019-11-12 18:55:09.158 | INFO     | base_classes.trainer:train:130 - [EPOCH: 24, STEP: 280, DATA: 35840] loss: 0.879015539586544
2019-11-12 18:55:12.139 | INFO     | base_classes.trainer:train:130 - [EPOCH: 24, STEP: 320, DATA: 40960] loss: 0.872364667057991
2019-11-12 18:55:15.125 | INFO     | base_classes.trainer:train:130 - [EPOCH: 24, STEP: 360, DATA: 46080] loss: 0.8655656889081002
2019-11-12 18:55:17.454 | INFO     | base_classes.trainer:train:135 - Epoch 24 took 29.304061889648438 seconds
2019-11-12 18:55:17.470 | INFO     | base_classes.trainer:_save_model:162 - NN model weights saved successfully!
2019-11-12 18:55:17.471 | INFO     | base_classes.trainer:train:147 - Finished Training
2019-11-12 18:55:20.473 | INFO     | base_classes.trainer:train:130 - [EPOCH: 25, STEP: 40, DATA: 5120] loss: 0.8825287073850632
2019-11-12 18:55:23.462 | INFO     | base_classes.trainer:train:130 - [EPOCH: 25, STEP: 80, DATA: 10240] loss: 0.8578532859683037
2019-11-12 18:55:26.451 | INFO     | base_classes.trainer:train:130 - [EPOCH: 25, STEP: 120, DATA: 15360] loss: 0.915798819065094
2019-11-12 18:55:29.436 | INFO     | base_classes.trainer:train:130 - [EPOCH: 25, STEP: 160, DATA: 20480] loss: 0.8485387086868286
2019-11-12 18:55:32.469 | INFO     | base_classes.trainer:train:130 - [EPOCH: 25, STEP: 200, DATA: 25600] loss: 0.8699676647782326
2019-11-12 18:55:35.554 | INFO     | base_classes.trainer:train:130 - [EPOCH: 25, STEP: 240, DATA: 30720] loss: 0.9024551570415497
2019-11-12 18:55:38.711 | INFO     | base_classes.trainer:train:130 - [EPOCH: 25, STEP: 280, DATA: 35840] loss: 0.8800195202231407
2019-11-12 18:55:41.843 | INFO     | base_classes.trainer:train:130 - [EPOCH: 25, STEP: 320, DATA: 40960] loss: 0.87175884693861
2019-11-12 18:55:44.872 | INFO     | base_classes.trainer:train:130 - [EPOCH: 25, STEP: 360, DATA: 46080] loss: 0.8645497724413872
2019-11-12 18:55:47.261 | INFO     | base_classes.trainer:train:135 - Epoch 25 took 29.788118362426758 seconds
2019-11-12 18:55:47.277 | INFO     | base_classes.trainer:_save_model:162 - NN model weights saved successfully!
2019-11-12 18:55:47.278 | INFO     | base_classes.trainer:train:147 - Finished Training
2019-11-12 18:55:50.273 | INFO     | base_classes.trainer:train:130 - [EPOCH: 26, STEP: 40, DATA: 5120] loss: 0.8817881122231483
2019-11-12 18:55:53.386 | INFO     | base_classes.trainer:train:130 - [EPOCH: 26, STEP: 80, DATA: 10240] loss: 0.8567593395709991
2019-11-12 18:55:56.424 | INFO     | base_classes.trainer:train:130 - [EPOCH: 26, STEP: 120, DATA: 15360] loss: 0.9200200960040092
2019-11-12 18:55:59.492 | INFO     | base_classes.trainer:train:130 - [EPOCH: 26, STEP: 160, DATA: 20480] loss: 0.8457840144634247
2019-11-12 18:56:02.501 | INFO     | base_classes.trainer:train:130 - [EPOCH: 26, STEP: 200, DATA: 25600] loss: 0.8622566819190979
2019-11-12 18:56:05.545 | INFO     | base_classes.trainer:train:130 - [EPOCH: 26, STEP: 240, DATA: 30720] loss: 0.8902812957763672
2019-11-12 18:56:08.584 | INFO     | base_classes.trainer:train:130 - [EPOCH: 26, STEP: 280, DATA: 35840] loss: 0.8724179238080978
2019-11-12 18:56:11.688 | INFO     | base_classes.trainer:train:130 - [EPOCH: 26, STEP: 320, DATA: 40960] loss: 0.8680875927209855
2019-11-12 18:56:14.781 | INFO     | base_classes.trainer:train:130 - [EPOCH: 26, STEP: 360, DATA: 46080] loss: 0.862540365755558
2019-11-12 18:56:17.129 | INFO     | base_classes.trainer:train:135 - Epoch 26 took 29.84981656074524 seconds
2019-11-12 18:56:17.144 | INFO     | base_classes.trainer:_save_model:162 - NN model weights saved successfully!
2019-11-12 18:56:17.145 | INFO     | base_classes.trainer:train:147 - Finished Training
2019-11-12 18:56:20.233 | INFO     | base_classes.trainer:train:130 - [EPOCH: 27, STEP: 40, DATA: 5120] loss: 0.8771861508488655
2019-11-12 18:56:23.311 | INFO     | base_classes.trainer:train:130 - [EPOCH: 27, STEP: 80, DATA: 10240] loss: 0.8551456317305565
2019-11-12 18:56:26.337 | INFO     | base_classes.trainer:train:130 - [EPOCH: 27, STEP: 120, DATA: 15360] loss: 0.9145530343055726
2019-11-12 18:56:29.371 | INFO     | base_classes.trainer:train:130 - [EPOCH: 27, STEP: 160, DATA: 20480] loss: 0.847054299712181
2019-11-12 18:56:32.421 | INFO     | base_classes.trainer:train:130 - [EPOCH: 27, STEP: 200, DATA: 25600] loss: 0.8681861534714699
2019-11-12 18:56:35.530 | INFO     | base_classes.trainer:train:130 - [EPOCH: 27, STEP: 240, DATA: 30720] loss: 0.8937263146042824
2019-11-12 18:56:38.606 | INFO     | base_classes.trainer:train:130 - [EPOCH: 27, STEP: 280, DATA: 35840] loss: 0.8691161513328552
2019-11-12 18:56:41.584 | INFO     | base_classes.trainer:train:130 - [EPOCH: 27, STEP: 320, DATA: 40960] loss: 0.8637513935565948
2019-11-12 18:56:44.581 | INFO     | base_classes.trainer:train:130 - [EPOCH: 27, STEP: 360, DATA: 46080] loss: 0.8600969403982163
2019-11-12 18:56:46.879 | INFO     | base_classes.trainer:train:135 - Epoch 27 took 29.73144292831421 seconds
2019-11-12 18:56:46.895 | INFO     | base_classes.trainer:_save_model:162 - NN model weights saved successfully!
2019-11-12 18:56:46.896 | INFO     | base_classes.trainer:train:147 - Finished Training
2019-11-12 18:56:49.915 | INFO     | base_classes.trainer:train:130 - [EPOCH: 28, STEP: 40, DATA: 5120] loss: 0.8787891834974288
2019-11-12 18:56:52.911 | INFO     | base_classes.trainer:train:130 - [EPOCH: 28, STEP: 80, DATA: 10240] loss: 0.8544920042157174
2019-11-12 18:56:56.004 | INFO     | base_classes.trainer:train:130 - [EPOCH: 28, STEP: 120, DATA: 15360] loss: 0.9152411311864853
2019-11-12 18:56:59.089 | INFO     | base_classes.trainer:train:130 - [EPOCH: 28, STEP: 160, DATA: 20480] loss: 0.8368564933538437
2019-11-12 18:57:02.218 | INFO     | base_classes.trainer:train:130 - [EPOCH: 28, STEP: 200, DATA: 25600] loss: 0.859892089664936
2019-11-12 18:57:05.333 | INFO     | base_classes.trainer:train:130 - [EPOCH: 28, STEP: 240, DATA: 30720] loss: 0.894221319258213
2019-11-12 18:57:08.360 | INFO     | base_classes.trainer:train:130 - [EPOCH: 28, STEP: 280, DATA: 35840] loss: 0.8690632060170174
2019-11-12 18:57:11.351 | INFO     | base_classes.trainer:train:130 - [EPOCH: 28, STEP: 320, DATA: 40960] loss: 0.8634725987911225
2019-11-12 18:57:14.382 | INFO     | base_classes.trainer:train:130 - [EPOCH: 28, STEP: 360, DATA: 46080] loss: 0.8587040349841117
2019-11-12 18:57:16.731 | INFO     | base_classes.trainer:train:135 - Epoch 28 took 29.83108687400818 seconds
2019-11-12 18:57:16.747 | INFO     | base_classes.trainer:_save_model:162 - NN model weights saved successfully!
2019-11-12 18:57:16.748 | INFO     | base_classes.trainer:train:147 - Finished Training
2019-11-12 18:57:19.819 | INFO     | base_classes.trainer:train:130 - [EPOCH: 29, STEP: 40, DATA: 5120] loss: 0.8755960091948509
2019-11-12 18:57:22.870 | INFO     | base_classes.trainer:train:130 - [EPOCH: 29, STEP: 80, DATA: 10240] loss: 0.8558966994285584
2019-11-12 18:57:26.003 | INFO     | base_classes.trainer:train:130 - [EPOCH: 29, STEP: 120, DATA: 15360] loss: 0.9126299157738685
2019-11-12 18:57:29.169 | INFO     | base_classes.trainer:train:130 - [EPOCH: 29, STEP: 160, DATA: 20480] loss: 0.8431285321712494
2019-11-12 18:57:32.394 | INFO     | base_classes.trainer:train:130 - [EPOCH: 29, STEP: 200, DATA: 25600] loss: 0.8673577591776848
2019-11-12 18:57:35.612 | INFO     | base_classes.trainer:train:130 - [EPOCH: 29, STEP: 240, DATA: 30720] loss: 0.8888465002179146
2019-11-12 18:57:38.745 | INFO     | base_classes.trainer:train:130 - [EPOCH: 29, STEP: 280, DATA: 35840] loss: 0.8697003990411758
2019-11-12 18:57:41.838 | INFO     | base_classes.trainer:train:130 - [EPOCH: 29, STEP: 320, DATA: 40960] loss: 0.8649741381406784
2019-11-12 18:57:44.920 | INFO     | base_classes.trainer:train:130 - [EPOCH: 29, STEP: 360, DATA: 46080] loss: 0.8588262081146241
2019-11-12 18:57:47.295 | INFO     | base_classes.trainer:train:135 - Epoch 29 took 30.545356273651123 seconds
2019-11-12 18:57:47.310 | INFO     | base_classes.trainer:_save_model:162 - NN model weights saved successfully!
2019-11-12 18:57:47.311 | INFO     | base_classes.trainer:train:147 - Finished Training
2019-11-12 18:57:50.413 | INFO     | base_classes.trainer:train:130 - [EPOCH: 30, STEP: 40, DATA: 5120] loss: 0.8761228963732719
2019-11-12 18:57:53.519 | INFO     | base_classes.trainer:train:130 - [EPOCH: 30, STEP: 80, DATA: 10240] loss: 0.8524702519178391
2019-11-12 18:57:56.616 | INFO     | base_classes.trainer:train:130 - [EPOCH: 30, STEP: 120, DATA: 15360] loss: 0.9102133184671402
2019-11-12 18:57:59.782 | INFO     | base_classes.trainer:train:130 - [EPOCH: 30, STEP: 160, DATA: 20480] loss: 0.8386743500828743
2019-11-12 18:58:02.917 | INFO     | base_classes.trainer:train:130 - [EPOCH: 30, STEP: 200, DATA: 25600] loss: 0.8571985393762589
2019-11-12 18:58:06.068 | INFO     | base_classes.trainer:train:130 - [EPOCH: 30, STEP: 240, DATA: 30720] loss: 0.8857009038329124
2019-11-12 18:58:09.164 | INFO     | base_classes.trainer:train:130 - [EPOCH: 30, STEP: 280, DATA: 35840] loss: 0.8699032261967659
2019-11-12 18:58:12.379 | INFO     | base_classes.trainer:train:130 - [EPOCH: 30, STEP: 320, DATA: 40960] loss: 0.8652976468205452
2019-11-12 18:58:15.530 | INFO     | base_classes.trainer:train:130 - [EPOCH: 30, STEP: 360, DATA: 46080] loss: 0.8583535254001617
2019-11-12 18:58:17.887 | INFO     | base_classes.trainer:train:135 - Epoch 30 took 30.572163581848145 seconds
2019-11-12 18:58:17.903 | INFO     | base_classes.trainer:_save_model:162 - NN model weights saved successfully!
2019-11-12 18:58:17.904 | INFO     | base_classes.trainer:train:147 - Finished Training
2019-11-12 18:58:21.094 | INFO     | base_classes.trainer:train:130 - [EPOCH: 31, STEP: 40, DATA: 5120] loss: 0.8741574615240097
2019-11-12 18:58:24.172 | INFO     | base_classes.trainer:train:130 - [EPOCH: 31, STEP: 80, DATA: 10240] loss: 0.849542360007763
2019-11-12 18:58:27.295 | INFO     | base_classes.trainer:train:130 - [EPOCH: 31, STEP: 120, DATA: 15360] loss: 0.9090270057320595
2019-11-12 18:58:30.372 | INFO     | base_classes.trainer:train:130 - [EPOCH: 31, STEP: 160, DATA: 20480] loss: 0.8407296001911163
2019-11-12 18:58:33.526 | INFO     | base_classes.trainer:train:130 - [EPOCH: 31, STEP: 200, DATA: 25600] loss: 0.8555802911520004
2019-11-12 18:58:36.616 | INFO     | base_classes.trainer:train:130 - [EPOCH: 31, STEP: 240, DATA: 30720] loss: 0.8836345389485359
2019-11-12 18:58:39.689 | INFO     | base_classes.trainer:train:130 - [EPOCH: 31, STEP: 280, DATA: 35840] loss: 0.8656936302781105
2019-11-12 18:58:42.777 | INFO     | base_classes.trainer:train:130 - [EPOCH: 31, STEP: 320, DATA: 40960] loss: 0.8630478724837303
2019-11-12 18:58:45.860 | INFO     | base_classes.trainer:train:130 - [EPOCH: 31, STEP: 360, DATA: 46080] loss: 0.857218736410141
2019-11-12 18:58:48.204 | INFO     | base_classes.trainer:train:135 - Epoch 31 took 30.29696273803711 seconds
2019-11-12 18:58:48.220 | INFO     | base_classes.trainer:_save_model:162 - NN model weights saved successfully!
2019-11-12 18:58:48.235 | INFO     | base_classes.trainer:_save_model:162 - NN model weights saved successfully!
2019-11-12 18:58:48.236 | INFO     | base_classes.trainer:train:147 - Finished Training
2019-11-12 18:58:51.295 | INFO     | base_classes.trainer:train:130 - [EPOCH: 32, STEP: 40, DATA: 5120] loss: 0.8705904245376587
2019-11-12 18:58:54.370 | INFO     | base_classes.trainer:train:130 - [EPOCH: 32, STEP: 80, DATA: 10240] loss: 0.8484270542860031
2019-11-12 18:58:57.391 | INFO     | base_classes.trainer:train:130 - [EPOCH: 32, STEP: 120, DATA: 15360] loss: 0.9092170715332031
2019-11-12 18:59:00.413 | INFO     | base_classes.trainer:train:130 - [EPOCH: 32, STEP: 160, DATA: 20480] loss: 0.8340455174446106
2019-11-12 18:59:03.459 | INFO     | base_classes.trainer:train:130 - [EPOCH: 32, STEP: 200, DATA: 25600] loss: 0.8576456904411316
2019-11-12 18:59:06.501 | INFO     | base_classes.trainer:train:130 - [EPOCH: 32, STEP: 240, DATA: 30720] loss: 0.8853622078895569
2019-11-12 18:59:09.500 | INFO     | base_classes.trainer:train:130 - [EPOCH: 32, STEP: 280, DATA: 35840] loss: 0.8633427381515503
2019-11-12 18:59:12.484 | INFO     | base_classes.trainer:train:130 - [EPOCH: 32, STEP: 320, DATA: 40960] loss: 0.8615061283111572
2019-11-12 18:59:15.477 | INFO     | base_classes.trainer:train:130 - [EPOCH: 32, STEP: 360, DATA: 46080] loss: 0.8553080350160599
2019-11-12 18:59:17.783 | INFO     | base_classes.trainer:train:135 - Epoch 32 took 29.545387983322144 seconds
2019-11-12 18:59:17.798 | INFO     | base_classes.trainer:_save_model:162 - NN model weights saved successfully!
2019-11-12 18:59:17.799 | INFO     | base_classes.trainer:train:147 - Finished Training
2019-11-12 18:59:20.870 | INFO     | base_classes.trainer:train:130 - [EPOCH: 33, STEP: 40, DATA: 5120] loss: 0.8707539007067681
2019-11-12 18:59:23.914 | INFO     | base_classes.trainer:train:130 - [EPOCH: 33, STEP: 80, DATA: 10240] loss: 0.8504762917757034
2019-11-12 18:59:26.963 | INFO     | base_classes.trainer:train:130 - [EPOCH: 33, STEP: 120, DATA: 15360] loss: 0.9095444306731224
2019-11-12 18:59:30.020 | INFO     | base_classes.trainer:train:130 - [EPOCH: 33, STEP: 160, DATA: 20480] loss: 0.8324518576264381
2019-11-12 18:59:33.028 | INFO     | base_classes.trainer:train:130 - [EPOCH: 33, STEP: 200, DATA: 25600] loss: 0.8534883871674538
2019-11-12 18:59:36.001 | INFO     | base_classes.trainer:train:130 - [EPOCH: 33, STEP: 240, DATA: 30720] loss: 0.8796307265758514
2019-11-12 18:59:39.018 | INFO     | base_classes.trainer:train:130 - [EPOCH: 33, STEP: 280, DATA: 35840] loss: 0.8627336755394935
2019-11-12 18:59:42.088 | INFO     | base_classes.trainer:train:130 - [EPOCH: 33, STEP: 320, DATA: 40960] loss: 0.8633195400238037
2019-11-12 18:59:45.205 | INFO     | base_classes.trainer:train:130 - [EPOCH: 33, STEP: 360, DATA: 46080] loss: 0.856279493868351
2019-11-12 18:59:47.619 | INFO     | base_classes.trainer:train:135 - Epoch 33 took 29.818246841430664 seconds
2019-11-12 18:59:47.635 | INFO     | base_classes.trainer:_save_model:162 - NN model weights saved successfully!
2019-11-12 18:59:47.636 | INFO     | base_classes.trainer:train:147 - Finished Training
2019-11-12 18:59:50.848 | INFO     | base_classes.trainer:train:130 - [EPOCH: 34, STEP: 40, DATA: 5120] loss: 0.8725402265787124
2019-11-12 18:59:53.986 | INFO     | base_classes.trainer:train:130 - [EPOCH: 34, STEP: 80, DATA: 10240] loss: 0.848191112279892
2019-11-12 18:59:57.148 | INFO     | base_classes.trainer:train:130 - [EPOCH: 34, STEP: 120, DATA: 15360] loss: 0.906142196059227
2019-11-12 19:00:00.278 | INFO     | base_classes.trainer:train:130 - [EPOCH: 34, STEP: 160, DATA: 20480] loss: 0.8296925172209739
2019-11-12 19:00:03.414 | INFO     | base_classes.trainer:train:130 - [EPOCH: 34, STEP: 200, DATA: 25600] loss: 0.8543393358588218
2019-11-12 19:00:06.479 | INFO     | base_classes.trainer:train:130 - [EPOCH: 34, STEP: 240, DATA: 30720] loss: 0.8820484802126884
2019-11-12 19:00:09.497 | INFO     | base_classes.trainer:train:130 - [EPOCH: 34, STEP: 280, DATA: 35840] loss: 0.861832645535469
2019-11-12 19:00:12.482 | INFO     | base_classes.trainer:train:130 - [EPOCH: 34, STEP: 320, DATA: 40960] loss: 0.8599070891737938
2019-11-12 19:00:15.493 | INFO     | base_classes.trainer:train:130 - [EPOCH: 34, STEP: 360, DATA: 46080] loss: 0.8544584214687347
2019-11-12 19:00:17.791 | INFO     | base_classes.trainer:train:135 - Epoch 34 took 30.15281915664673 seconds
2019-11-12 19:00:17.807 | INFO     | base_classes.trainer:_save_model:162 - NN model weights saved successfully!
2019-11-12 19:00:17.808 | INFO     | base_classes.trainer:train:147 - Finished Training
2019-11-12 19:00:20.838 | INFO     | base_classes.trainer:train:130 - [EPOCH: 35, STEP: 40, DATA: 5120] loss: 0.870661161839962
2019-11-12 19:00:23.834 | INFO     | base_classes.trainer:train:130 - [EPOCH: 35, STEP: 80, DATA: 10240] loss: 0.8480777114629745
2019-11-12 19:00:26.867 | INFO     | base_classes.trainer:train:130 - [EPOCH: 35, STEP: 120, DATA: 15360] loss: 0.905810484290123
2019-11-12 19:00:29.873 | INFO     | base_classes.trainer:train:130 - [EPOCH: 35, STEP: 160, DATA: 20480] loss: 0.8308815017342568
2019-11-12 19:00:32.880 | INFO     | base_classes.trainer:train:130 - [EPOCH: 35, STEP: 200, DATA: 25600] loss: 0.8500050321221352
2019-11-12 19:00:36.004 | INFO     | base_classes.trainer:train:130 - [EPOCH: 35, STEP: 240, DATA: 30720] loss: 0.8779406026005745
2019-11-12 19:00:39.109 | INFO     | base_classes.trainer:train:130 - [EPOCH: 35, STEP: 280, DATA: 35840] loss: 0.8590192154049874
2019-11-12 19:00:42.281 | INFO     | base_classes.trainer:train:130 - [EPOCH: 35, STEP: 320, DATA: 40960] loss: 0.8560511752963066
2019-11-12 19:00:45.431 | INFO     | base_classes.trainer:train:130 - [EPOCH: 35, STEP: 360, DATA: 46080] loss: 0.851931332051754
2019-11-12 19:00:47.841 | INFO     | base_classes.trainer:train:135 - Epoch 35 took 30.03110361099243 seconds
2019-11-12 19:00:47.857 | INFO     | base_classes.trainer:_save_model:162 - NN model weights saved successfully!
2019-11-12 19:00:47.858 | INFO     | base_classes.trainer:train:147 - Finished Training
2019-11-12 19:00:51.017 | INFO     | base_classes.trainer:train:130 - [EPOCH: 36, STEP: 40, DATA: 5120] loss: 0.8687362462282181
2019-11-12 19:00:54.131 | INFO     | base_classes.trainer:train:130 - [EPOCH: 36, STEP: 80, DATA: 10240] loss: 0.8473395302891731
2019-11-12 19:00:57.254 | INFO     | base_classes.trainer:train:130 - [EPOCH: 36, STEP: 120, DATA: 15360] loss: 0.905095337331295
2019-11-12 19:01:00.320 | INFO     | base_classes.trainer:train:130 - [EPOCH: 36, STEP: 160, DATA: 20480] loss: 0.82997445166111
2019-11-12 19:01:03.358 | INFO     | base_classes.trainer:train:130 - [EPOCH: 36, STEP: 200, DATA: 25600] loss: 0.8513826459646225
2019-11-12 19:01:06.446 | INFO     | base_classes.trainer:train:130 - [EPOCH: 36, STEP: 240, DATA: 30720] loss: 0.8777419671416282
2019-11-12 19:01:09.504 | INFO     | base_classes.trainer:train:130 - [EPOCH: 36, STEP: 280, DATA: 35840] loss: 0.8578869476914406
2019-11-12 19:01:12.547 | INFO     | base_classes.trainer:train:130 - [EPOCH: 36, STEP: 320, DATA: 40960] loss: 0.8578620910644531
2019-11-12 19:01:15.555 | INFO     | base_classes.trainer:train:130 - [EPOCH: 36, STEP: 360, DATA: 46080] loss: 0.8526140406727791
2019-11-12 19:01:17.863 | INFO     | base_classes.trainer:train:135 - Epoch 36 took 30.00094699859619 seconds
2019-11-12 19:01:17.879 | INFO     | base_classes.trainer:_save_model:162 - NN model weights saved successfully!
2019-11-12 19:01:17.880 | INFO     | base_classes.trainer:train:147 - Finished Training
2019-11-12 19:01:20.888 | INFO     | base_classes.trainer:train:130 - [EPOCH: 37, STEP: 40, DATA: 5120] loss: 0.867221575975418
2019-11-12 19:01:23.948 | INFO     | base_classes.trainer:train:130 - [EPOCH: 37, STEP: 80, DATA: 10240] loss: 0.8451187670230865
2019-11-12 19:01:26.981 | INFO     | base_classes.trainer:train:130 - [EPOCH: 37, STEP: 120, DATA: 15360] loss: 0.904933400452137
2019-11-12 19:01:30.008 | INFO     | base_classes.trainer:train:130 - [EPOCH: 37, STEP: 160, DATA: 20480] loss: 0.8291631773114204
2019-11-12 19:01:33.091 | INFO     | base_classes.trainer:train:130 - [EPOCH: 37, STEP: 200, DATA: 25600] loss: 0.8462757840752602
2019-11-12 19:01:36.177 | INFO     | base_classes.trainer:train:130 - [EPOCH: 37, STEP: 240, DATA: 30720] loss: 0.8743999272584915
2019-11-12 19:01:39.295 | INFO     | base_classes.trainer:train:130 - [EPOCH: 37, STEP: 280, DATA: 35840] loss: 0.8558433338999748
2019-11-12 19:01:42.305 | INFO     | base_classes.trainer:train:130 - [EPOCH: 37, STEP: 320, DATA: 40960] loss: 0.8564949572086334
2019-11-12 19:01:45.299 | INFO     | base_classes.trainer:train:130 - [EPOCH: 37, STEP: 360, DATA: 46080] loss: 0.8486389756202698
2019-11-12 19:01:47.588 | INFO     | base_classes.trainer:train:135 - Epoch 37 took 29.705546140670776 seconds
2019-11-12 19:01:47.603 | INFO     | base_classes.trainer:_save_model:162 - NN model weights saved successfully!
2019-11-12 19:01:47.604 | INFO     | base_classes.trainer:train:147 - Finished Training
2019-11-12 19:01:50.609 | INFO     | base_classes.trainer:train:130 - [EPOCH: 38, STEP: 40, DATA: 5120] loss: 0.8653230905532837
2019-11-12 19:01:53.591 | INFO     | base_classes.trainer:train:130 - [EPOCH: 38, STEP: 80, DATA: 10240] loss: 0.8449802175164223
2019-11-12 19:01:56.587 | INFO     | base_classes.trainer:train:130 - [EPOCH: 38, STEP: 120, DATA: 15360] loss: 0.9043823793530464
2019-11-12 19:01:59.621 | INFO     | base_classes.trainer:train:130 - [EPOCH: 38, STEP: 160, DATA: 20480] loss: 0.8303006201982498
2019-11-12 19:02:02.693 | INFO     | base_classes.trainer:train:130 - [EPOCH: 38, STEP: 200, DATA: 25600] loss: 0.8493478626012803
2019-11-12 19:02:05.739 | INFO     | base_classes.trainer:train:130 - [EPOCH: 38, STEP: 240, DATA: 30720] loss: 0.8746159017086029
2019-11-12 19:02:08.816 | INFO     | base_classes.trainer:train:130 - [EPOCH: 38, STEP: 280, DATA: 35840] loss: 0.8566091775894165
2019-11-12 19:02:11.940 | INFO     | base_classes.trainer:train:130 - [EPOCH: 38, STEP: 320, DATA: 40960] loss: 0.8568769216537475
2019-11-12 19:02:15.009 | INFO     | base_classes.trainer:train:130 - [EPOCH: 38, STEP: 360, DATA: 46080] loss: 0.8489211112260818
2019-11-12 19:02:17.320 | INFO     | base_classes.trainer:train:135 - Epoch 38 took 29.714480876922607 seconds
2019-11-12 19:02:17.336 | INFO     | base_classes.trainer:_save_model:162 - NN model weights saved successfully!
2019-11-12 19:02:17.337 | INFO     | base_classes.trainer:train:147 - Finished Training
2019-11-12 19:02:20.398 | INFO     | base_classes.trainer:train:130 - [EPOCH: 39, STEP: 40, DATA: 5120] loss: 0.8652984887361527
2019-11-12 19:02:23.468 | INFO     | base_classes.trainer:train:130 - [EPOCH: 39, STEP: 80, DATA: 10240] loss: 0.8442731723189354
2019-11-12 19:02:26.498 | INFO     | base_classes.trainer:train:130 - [EPOCH: 39, STEP: 120, DATA: 15360] loss: 0.9011285558342934
2019-11-12 19:02:29.524 | INFO     | base_classes.trainer:train:130 - [EPOCH: 39, STEP: 160, DATA: 20480] loss: 0.8304065480828285
2019-11-12 19:02:32.543 | INFO     | base_classes.trainer:train:130 - [EPOCH: 39, STEP: 200, DATA: 25600] loss: 0.8511013776063919
2019-11-12 19:02:35.603 | INFO     | base_classes.trainer:train:130 - [EPOCH: 39, STEP: 240, DATA: 30720] loss: 0.8754042506217956
2019-11-12 19:02:38.644 | INFO     | base_classes.trainer:train:130 - [EPOCH: 39, STEP: 280, DATA: 35840] loss: 0.8566089659929276
2019-11-12 19:02:41.702 | INFO     | base_classes.trainer:train:130 - [EPOCH: 39, STEP: 320, DATA: 40960] loss: 0.8545598536729813
2019-11-12 19:02:44.745 | INFO     | base_classes.trainer:train:130 - [EPOCH: 39, STEP: 360, DATA: 46080] loss: 0.8492922991514206
2019-11-12 19:02:47.134 | INFO     | base_classes.trainer:train:135 - Epoch 39 took 29.793678522109985 seconds
2019-11-12 19:02:47.149 | INFO     | base_classes.trainer:_save_model:162 - NN model weights saved successfully!
2019-11-12 19:02:47.150 | INFO     | base_classes.trainer:train:147 - Finished Training
2019-11-12 19:02:50.244 | INFO     | base_classes.trainer:train:130 - [EPOCH: 40, STEP: 40, DATA: 5120] loss: 0.8614818751811981
2019-11-12 19:02:53.350 | INFO     | base_classes.trainer:train:130 - [EPOCH: 40, STEP: 80, DATA: 10240] loss: 0.8440758883953094
2019-11-12 19:02:56.352 | INFO     | base_classes.trainer:train:130 - [EPOCH: 40, STEP: 120, DATA: 15360] loss: 0.8981720015406609
2019-11-12 19:02:59.352 | INFO     | base_classes.trainer:train:130 - [EPOCH: 40, STEP: 160, DATA: 20480] loss: 0.8303268611431122
2019-11-12 19:03:02.345 | INFO     | base_classes.trainer:train:130 - [EPOCH: 40, STEP: 200, DATA: 25600] loss: 0.8540959358215332
2019-11-12 19:03:05.359 | INFO     | base_classes.trainer:train:130 - [EPOCH: 40, STEP: 240, DATA: 30720] loss: 0.8796776711940766
2019-11-12 19:03:08.372 | INFO     | base_classes.trainer:train:130 - [EPOCH: 40, STEP: 280, DATA: 35840] loss: 0.8604264706373215
2019-11-12 19:03:11.361 | INFO     | base_classes.trainer:train:130 - [EPOCH: 40, STEP: 320, DATA: 40960] loss: 0.8981654092669487
2019-11-12 19:03:14.361 | INFO     | base_classes.trainer:train:130 - [EPOCH: 40, STEP: 360, DATA: 46080] loss: 1.262333919107914
2019-11-12 19:03:16.670 | INFO     | base_classes.trainer:train:135 - Epoch 40 took 29.51698112487793 seconds
2019-11-12 19:03:16.685 | INFO     | base_classes.trainer:_save_model:162 - NN model weights saved successfully!
2019-11-12 19:03:16.686 | INFO     | base_classes.trainer:train:147 - Finished Training
2019-11-12 19:03:19.669 | INFO     | base_classes.trainer:train:130 - [EPOCH: 41, STEP: 40, DATA: 5120] loss: 0.9537688881158829
2019-11-12 19:03:22.653 | INFO     | base_classes.trainer:train:130 - [EPOCH: 41, STEP: 80, DATA: 10240] loss: 0.9132880806922913
2019-11-12 19:03:25.639 | INFO     | base_classes.trainer:train:130 - [EPOCH: 41, STEP: 120, DATA: 15360] loss: 0.9696420073509217
2019-11-12 19:03:28.705 | INFO     | base_classes.trainer:train:130 - [EPOCH: 41, STEP: 160, DATA: 20480] loss: 0.8925026893615723
2019-11-12 19:03:31.681 | INFO     | base_classes.trainer:train:130 - [EPOCH: 41, STEP: 200, DATA: 25600] loss: 0.9024498060345649
2019-11-12 19:03:34.672 | INFO     | base_classes.trainer:train:130 - [EPOCH: 41, STEP: 240, DATA: 30720] loss: 0.9279724344611168
2019-11-12 19:03:37.753 | INFO     | base_classes.trainer:train:130 - [EPOCH: 41, STEP: 280, DATA: 35840] loss: 0.90086639970541
2019-11-12 19:03:40.775 | INFO     | base_classes.trainer:train:130 - [EPOCH: 41, STEP: 320, DATA: 40960] loss: 0.8961057409644126
2019-11-12 19:03:43.775 | INFO     | base_classes.trainer:train:130 - [EPOCH: 41, STEP: 360, DATA: 46080] loss: 0.8896874979138374
2019-11-12 19:03:46.073 | INFO     | base_classes.trainer:train:135 - Epoch 41 took 29.38501214981079 seconds
2019-11-12 19:03:46.089 | INFO     | base_classes.trainer:_save_model:162 - NN model weights saved successfully!
2019-11-12 19:03:46.103 | INFO     | base_classes.trainer:_save_model:162 - NN model weights saved successfully!
2019-11-12 19:03:46.104 | INFO     | base_classes.trainer:train:147 - Finished Training
2019-11-12 19:03:49.112 | INFO     | base_classes.trainer:train:130 - [EPOCH: 42, STEP: 40, DATA: 5120] loss: 0.8987934246659279
2019-11-12 19:03:52.112 | INFO     | base_classes.trainer:train:130 - [EPOCH: 42, STEP: 80, DATA: 10240] loss: 0.8760195940732955
2019-11-12 19:03:55.135 | INFO     | base_classes.trainer:train:130 - [EPOCH: 42, STEP: 120, DATA: 15360] loss: 0.9342212393879891
2019-11-12 19:03:58.149 | INFO     | base_classes.trainer:train:130 - [EPOCH: 42, STEP: 160, DATA: 20480] loss: 0.8526083841919899
2019-11-12 19:04:01.157 | INFO     | base_classes.trainer:train:130 - [EPOCH: 42, STEP: 200, DATA: 25600] loss: 0.8749091997742653
2019-11-12 19:04:04.158 | INFO     | base_classes.trainer:train:130 - [EPOCH: 42, STEP: 240, DATA: 30720] loss: 0.9053286522626877
2019-11-12 19:04:07.165 | INFO     | base_classes.trainer:train:130 - [EPOCH: 42, STEP: 280, DATA: 35840] loss: 0.8810454726219177
2019-11-12 19:04:10.180 | INFO     | base_classes.trainer:train:130 - [EPOCH: 42, STEP: 320, DATA: 40960] loss: 0.8777407974004745
2019-11-12 19:04:13.172 | INFO     | base_classes.trainer:train:130 - [EPOCH: 42, STEP: 360, DATA: 46080] loss: 0.8728541389107705
2019-11-12 19:04:15.469 | INFO     | base_classes.trainer:train:135 - Epoch 42 took 29.3629047870636 seconds
2019-11-12 19:04:15.484 | INFO     | base_classes.trainer:_save_model:162 - NN model weights saved successfully!
2019-11-12 19:04:15.485 | INFO     | base_classes.trainer:train:147 - Finished Training
2019-11-12 19:04:18.513 | INFO     | base_classes.trainer:train:130 - [EPOCH: 43, STEP: 40, DATA: 5120] loss: 0.8853084057569504
2019-11-12 19:04:21.602 | INFO     | base_classes.trainer:train:130 - [EPOCH: 43, STEP: 80, DATA: 10240] loss: 0.865031011402607
2019-11-12 19:04:24.696 | INFO     | base_classes.trainer:train:130 - [EPOCH: 43, STEP: 120, DATA: 15360] loss: 0.9199525788426399
2019-11-12 19:04:27.784 | INFO     | base_classes.trainer:train:130 - [EPOCH: 43, STEP: 160, DATA: 20480] loss: 0.8388855934143067
2019-11-12 19:04:30.806 | INFO     | base_classes.trainer:train:130 - [EPOCH: 43, STEP: 200, DATA: 25600] loss: 0.8614860028028488
2019-11-12 19:04:33.826 | INFO     | base_classes.trainer:train:130 - [EPOCH: 43, STEP: 240, DATA: 30720] loss: 0.8914914011955262
2019-11-12 19:04:36.833 | INFO     | base_classes.trainer:train:130 - [EPOCH: 43, STEP: 280, DATA: 35840] loss: 0.8945855885744095
2019-11-12 19:04:39.853 | INFO     | base_classes.trainer:train:130 - [EPOCH: 43, STEP: 320, DATA: 40960] loss: 0.8923257514834404
2019-11-12 19:04:42.861 | INFO     | base_classes.trainer:train:130 - [EPOCH: 43, STEP: 360, DATA: 46080] loss: 0.870884059369564
2019-11-12 19:04:45.180 | INFO     | base_classes.trainer:train:135 - Epoch 43 took 29.693192958831787 seconds
2019-11-12 19:04:45.196 | INFO     | base_classes.trainer:_save_model:162 - NN model weights saved successfully!
2019-11-12 19:04:45.197 | INFO     | base_classes.trainer:train:147 - Finished Training
2019-11-12 19:04:48.229 | INFO     | base_classes.trainer:train:130 - [EPOCH: 44, STEP: 40, DATA: 5120] loss: 0.8785701811313629
2019-11-12 19:04:51.270 | INFO     | base_classes.trainer:train:130 - [EPOCH: 44, STEP: 80, DATA: 10240] loss: 0.856928500533104
2019-11-12 19:04:54.284 | INFO     | base_classes.trainer:train:130 - [EPOCH: 44, STEP: 120, DATA: 15360] loss: 0.9180169090628624
2019-11-12 19:04:57.288 | INFO     | base_classes.trainer:train:130 - [EPOCH: 44, STEP: 160, DATA: 20480] loss: 0.8359523326158523
2019-11-12 19:05:00.302 | INFO     | base_classes.trainer:train:130 - [EPOCH: 44, STEP: 200, DATA: 25600] loss: 0.8593199998140335
2019-11-12 19:05:03.308 | INFO     | base_classes.trainer:train:130 - [EPOCH: 44, STEP: 240, DATA: 30720] loss: 0.8837339967489243
2019-11-12 19:05:06.301 | INFO     | base_classes.trainer:train:130 - [EPOCH: 44, STEP: 280, DATA: 35840] loss: 0.868252594769001
2019-11-12 19:05:09.302 | INFO     | base_classes.trainer:train:130 - [EPOCH: 44, STEP: 320, DATA: 40960] loss: 0.862510971724987
2019-11-12 19:05:12.301 | INFO     | base_classes.trainer:train:130 - [EPOCH: 44, STEP: 360, DATA: 46080] loss: 0.8577612057328224
2019-11-12 19:05:14.603 | INFO     | base_classes.trainer:train:135 - Epoch 44 took 29.395854234695435 seconds
2019-11-12 19:05:14.618 | INFO     | base_classes.trainer:_save_model:162 - NN model weights saved successfully!
2019-11-12 19:05:14.619 | INFO     | base_classes.trainer:train:147 - Finished Training
2019-11-12 19:05:17.674 | INFO     | base_classes.trainer:train:130 - [EPOCH: 45, STEP: 40, DATA: 5120] loss: 0.874862477183342
2019-11-12 19:05:20.677 | INFO     | base_classes.trainer:train:130 - [EPOCH: 45, STEP: 80, DATA: 10240] loss: 0.8533034920692444
2019-11-12 19:05:23.678 | INFO     | base_classes.trainer:train:130 - [EPOCH: 45, STEP: 120, DATA: 15360] loss: 0.9073864713311195
2019-11-12 19:05:26.732 | INFO     | base_classes.trainer:train:130 - [EPOCH: 45, STEP: 160, DATA: 20480] loss: 0.8280088379979134
2019-11-12 19:05:29.774 | INFO     | base_classes.trainer:train:130 - [EPOCH: 45, STEP: 200, DATA: 25600] loss: 0.8519474565982819
2019-11-12 19:05:32.825 | INFO     | base_classes.trainer:train:130 - [EPOCH: 45, STEP: 240, DATA: 30720] loss: 0.879420168697834
2019-11-12 19:05:35.881 | INFO     | base_classes.trainer:train:130 - [EPOCH: 45, STEP: 280, DATA: 35840] loss: 0.8634180635213852
2019-11-12 19:05:38.896 | INFO     | base_classes.trainer:train:130 - [EPOCH: 45, STEP: 320, DATA: 40960] loss: 0.8634915366768837
2019-11-12 19:05:41.904 | INFO     | base_classes.trainer:train:130 - [EPOCH: 45, STEP: 360, DATA: 46080] loss: 0.8536534264683724
2019-11-12 19:05:44.204 | INFO     | base_classes.trainer:train:135 - Epoch 45 took 29.58299207687378 seconds
2019-11-12 19:05:44.219 | INFO     | base_classes.trainer:_save_model:162 - NN model weights saved successfully!
2019-11-12 19:05:44.220 | INFO     | base_classes.trainer:train:147 - Finished Training
2019-11-12 19:05:47.224 | INFO     | base_classes.trainer:train:130 - [EPOCH: 46, STEP: 40, DATA: 5120] loss: 0.870389324426651
2019-11-12 19:05:50.235 | INFO     | base_classes.trainer:train:130 - [EPOCH: 46, STEP: 80, DATA: 10240] loss: 0.8480793088674545
2019-11-12 19:05:53.258 | INFO     | base_classes.trainer:train:130 - [EPOCH: 46, STEP: 120, DATA: 15360] loss: 0.9037905499339104
2019-11-12 19:05:56.281 | INFO     | base_classes.trainer:train:130 - [EPOCH: 46, STEP: 160, DATA: 20480] loss: 0.8304156929254531
2019-11-12 19:05:59.266 | INFO     | base_classes.trainer:train:130 - [EPOCH: 46, STEP: 200, DATA: 25600] loss: 0.8562033116817475
2019-11-12 19:06:02.313 | INFO     | base_classes.trainer:train:130 - [EPOCH: 46, STEP: 240, DATA: 30720] loss: 0.8821471527218818
2019-11-12 19:06:05.402 | INFO     | base_classes.trainer:train:130 - [EPOCH: 46, STEP: 280, DATA: 35840] loss: 0.8587283223867417
2019-11-12 19:06:08.401 | INFO     | base_classes.trainer:train:130 - [EPOCH: 46, STEP: 320, DATA: 40960] loss: 0.8560716211795807
2019-11-12 19:06:11.396 | INFO     | base_classes.trainer:train:130 - [EPOCH: 46, STEP: 360, DATA: 46080] loss: 0.8669212773442269
2019-11-12 19:06:13.690 | INFO     | base_classes.trainer:train:135 - Epoch 46 took 29.467923164367676 seconds
2019-11-12 19:06:13.705 | INFO     | base_classes.trainer:_save_model:162 - NN model weights saved successfully!
2019-11-12 19:06:13.705 | INFO     | base_classes.trainer:train:147 - Finished Training
2019-11-12 19:06:16.710 | INFO     | base_classes.trainer:train:130 - [EPOCH: 47, STEP: 40, DATA: 5120] loss: 0.8737078800797462
2019-11-12 19:06:19.695 | INFO     | base_classes.trainer:train:130 - [EPOCH: 47, STEP: 80, DATA: 10240] loss: 0.8460919737815857
2019-11-12 19:06:22.692 | INFO     | base_classes.trainer:train:130 - [EPOCH: 47, STEP: 120, DATA: 15360] loss: 0.9066160157322883
2019-11-12 19:06:25.677 | INFO     | base_classes.trainer:train:130 - [EPOCH: 47, STEP: 160, DATA: 20480] loss: 0.8243866726756096
2019-11-12 19:06:28.684 | INFO     | base_classes.trainer:train:130 - [EPOCH: 47, STEP: 200, DATA: 25600] loss: 0.9011690467596054
2019-11-12 19:06:31.672 | INFO     | base_classes.trainer:train:130 - [EPOCH: 47, STEP: 240, DATA: 30720] loss: 0.9090505257248879
2019-11-12 19:06:34.667 | INFO     | base_classes.trainer:train:130 - [EPOCH: 47, STEP: 280, DATA: 35840] loss: 0.9478374674916268
2019-11-12 19:06:37.653 | INFO     | base_classes.trainer:train:130 - [EPOCH: 47, STEP: 320, DATA: 40960] loss: 0.900082778930664
2019-11-12 19:06:40.679 | INFO     | base_classes.trainer:train:130 - [EPOCH: 47, STEP: 360, DATA: 46080] loss: 0.8810059070587158
2019-11-12 19:06:43.010 | INFO     | base_classes.trainer:train:135 - Epoch 47 took 29.302950143814087 seconds
2019-11-12 19:06:43.025 | INFO     | base_classes.trainer:_save_model:162 - NN model weights saved successfully!
2019-11-12 19:06:43.026 | INFO     | base_classes.trainer:train:147 - Finished Training
2019-11-12 19:06:46.111 | INFO     | base_classes.trainer:train:130 - [EPOCH: 48, STEP: 40, DATA: 5120] loss: 0.8855804681777955
2019-11-12 19:06:49.103 | INFO     | base_classes.trainer:train:130 - [EPOCH: 48, STEP: 80, DATA: 10240] loss: 2.060244619846344
2019-11-12 19:06:52.113 | INFO     | base_classes.trainer:train:130 - [EPOCH: 48, STEP: 120, DATA: 15360] loss: 5.231455168128013
2019-11-12 19:06:55.158 | INFO     | base_classes.trainer:train:130 - [EPOCH: 48, STEP: 160, DATA: 20480] loss: 1.0620000571012498
2019-11-12 19:06:58.256 | INFO     | base_classes.trainer:train:130 - [EPOCH: 48, STEP: 200, DATA: 25600] loss: 1.056743010878563
2019-11-12 19:07:01.322 | INFO     | base_classes.trainer:train:130 - [EPOCH: 48, STEP: 240, DATA: 30720] loss: 1.0615522652864455
2019-11-12 19:07:04.390 | INFO     | base_classes.trainer:train:130 - [EPOCH: 48, STEP: 280, DATA: 35840] loss: 1.017083391547203
2019-11-12 19:07:07.370 | INFO     | base_classes.trainer:train:130 - [EPOCH: 48, STEP: 320, DATA: 40960] loss: 1.00629321038723
2019-11-12 19:07:10.401 | INFO     | base_classes.trainer:train:130 - [EPOCH: 48, STEP: 360, DATA: 46080] loss: 0.9864736557006836
2019-11-12 19:07:12.687 | INFO     | base_classes.trainer:train:135 - Epoch 48 took 29.657814979553223 seconds
2019-11-12 19:07:12.702 | INFO     | base_classes.trainer:_save_model:162 - NN model weights saved successfully!
2019-11-12 19:07:12.702 | INFO     | base_classes.trainer:train:147 - Finished Training
2019-11-12 19:07:15.711 | INFO     | base_classes.trainer:train:130 - [EPOCH: 49, STEP: 40, DATA: 5120] loss: 2.8987177491188048
2019-11-12 19:07:18.691 | INFO     | base_classes.trainer:train:130 - [EPOCH: 49, STEP: 80, DATA: 10240] loss: 1.015248566865921
2019-11-12 19:07:21.700 | INFO     | base_classes.trainer:train:130 - [EPOCH: 49, STEP: 120, DATA: 15360] loss: 1.0990876778960228
2019-11-12 19:07:24.708 | INFO     | base_classes.trainer:train:130 - [EPOCH: 49, STEP: 160, DATA: 20480] loss: 0.9914838716387748
2019-11-12 19:07:27.696 | INFO     | base_classes.trainer:train:130 - [EPOCH: 49, STEP: 200, DATA: 25600] loss: 0.996068412065506
2019-11-12 19:07:30.721 | INFO     | base_classes.trainer:train:130 - [EPOCH: 49, STEP: 240, DATA: 30720] loss: 1.0589596778154373
2019-11-12 19:07:33.699 | INFO     | base_classes.trainer:train:130 - [EPOCH: 49, STEP: 280, DATA: 35840] loss: 1.051534466445446
2019-11-12 19:07:36.717 | INFO     | base_classes.trainer:train:130 - [EPOCH: 49, STEP: 320, DATA: 40960] loss: 1.003961144387722
2019-11-12 19:07:39.728 | INFO     | base_classes.trainer:train:130 - [EPOCH: 49, STEP: 360, DATA: 46080] loss: 0.9920367434620857
2019-11-12 19:07:42.072 | INFO     | base_classes.trainer:train:135 - Epoch 49 took 29.36698818206787 seconds
2019-11-12 19:07:42.087 | INFO     | base_classes.trainer:_save_model:162 - NN model weights saved successfully!
2019-11-12 19:07:42.087 | INFO     | base_classes.trainer:train:147 - Finished Training
2019-11-12 19:07:45.074 | INFO     | base_classes.trainer:train:130 - [EPOCH: 50, STEP: 40, DATA: 5120] loss: 1.0075077086687088
2019-11-12 19:07:48.081 | INFO     | base_classes.trainer:train:130 - [EPOCH: 50, STEP: 80, DATA: 10240] loss: 0.9677206024527549
2019-11-12 19:07:51.089 | INFO     | base_classes.trainer:train:130 - [EPOCH: 50, STEP: 120, DATA: 15360] loss: 1.0488282322883606
2019-11-12 19:07:54.079 | INFO     | base_classes.trainer:train:130 - [EPOCH: 50, STEP: 160, DATA: 20480] loss: 0.9601708501577377
2019-11-12 19:07:57.093 | INFO     | base_classes.trainer:train:130 - [EPOCH: 50, STEP: 200, DATA: 25600] loss: 0.997699111700058
2019-11-12 19:08:00.081 | INFO     | base_classes.trainer:train:130 - [EPOCH: 50, STEP: 240, DATA: 30720] loss: 1.0210063993930816
2019-11-12 19:08:03.074 | INFO     | base_classes.trainer:train:130 - [EPOCH: 50, STEP: 280, DATA: 35840] loss: 0.9900359392166138
2019-11-12 19:08:06.074 | INFO     | base_classes.trainer:train:130 - [EPOCH: 50, STEP: 320, DATA: 40960] loss: 0.9855653628706932
2019-11-12 19:08:09.077 | INFO     | base_classes.trainer:train:130 - [EPOCH: 50, STEP: 360, DATA: 46080] loss: 0.9732809156179428
2019-11-12 19:08:11.410 | INFO     | base_classes.trainer:train:135 - Epoch 50 took 29.32097625732422 seconds
2019-11-12 19:08:11.425 | INFO     | base_classes.trainer:_save_model:162 - NN model weights saved successfully!
2019-11-12 19:08:11.426 | INFO     | base_classes.trainer:train:147 - Finished Training
2019-11-12 19:08:14.434 | INFO     | base_classes.trainer:train:130 - [EPOCH: 51, STEP: 40, DATA: 5120] loss: 0.9919689357280731
2019-11-12 19:08:17.487 | INFO     | base_classes.trainer:train:130 - [EPOCH: 51, STEP: 80, DATA: 10240] loss: 0.9595028311014175
2019-11-12 19:08:20.572 | INFO     | base_classes.trainer:train:130 - [EPOCH: 51, STEP: 120, DATA: 15360] loss: 1.0360982820391655
2019-11-12 19:08:23.676 | INFO     | base_classes.trainer:train:130 - [EPOCH: 51, STEP: 160, DATA: 20480] loss: 0.9500665351748466
2019-11-12 19:08:26.759 | INFO     | base_classes.trainer:train:130 - [EPOCH: 51, STEP: 200, DATA: 25600] loss: 0.9788328468799591
2019-11-12 19:08:29.821 | INFO     | base_classes.trainer:train:130 - [EPOCH: 51, STEP: 240, DATA: 30720] loss: 1.0129211008548737
2019-11-12 19:08:32.905 | INFO     | base_classes.trainer:train:130 - [EPOCH: 51, STEP: 280, DATA: 35840] loss: 0.9829261139035225
2019-11-12 19:08:36.002 | INFO     | base_classes.trainer:train:130 - [EPOCH: 51, STEP: 320, DATA: 40960] loss: 0.9794771105051041
2019-11-12 19:08:38.994 | INFO     | base_classes.trainer:train:130 - [EPOCH: 51, STEP: 360, DATA: 46080] loss: 0.9678856536746026
2019-11-12 19:08:41.328 | INFO     | base_classes.trainer:train:135 - Epoch 51 took 29.89892554283142 seconds
2019-11-12 19:08:41.342 | INFO     | base_classes.trainer:_save_model:162 - NN model weights saved successfully!
2019-11-12 19:08:41.356 | INFO     | base_classes.trainer:_save_model:162 - NN model weights saved successfully!
2019-11-12 19:08:41.357 | INFO     | base_classes.trainer:train:147 - Finished Training
2019-11-12 19:08:44.384 | INFO     | base_classes.trainer:train:130 - [EPOCH: 52, STEP: 40, DATA: 5120] loss: 0.9858365938067436
2019-11-12 19:08:47.395 | INFO     | base_classes.trainer:train:130 - [EPOCH: 52, STEP: 80, DATA: 10240] loss: 0.9548460125923157
2019-11-12 19:08:50.425 | INFO     | base_classes.trainer:train:130 - [EPOCH: 52, STEP: 120, DATA: 15360] loss: 1.0305086702108384
2019-11-12 19:08:53.484 | INFO     | base_classes.trainer:train:130 - [EPOCH: 52, STEP: 160, DATA: 20480] loss: 0.9459172412753105
2019-11-12 19:08:56.502 | INFO     | base_classes.trainer:train:130 - [EPOCH: 52, STEP: 200, DATA: 25600] loss: 0.9762864112854004
2019-11-12 19:08:59.506 | INFO     | base_classes.trainer:train:130 - [EPOCH: 52, STEP: 240, DATA: 30720] loss: 1.005454808473587
2019-11-12 19:09:02.516 | INFO     | base_classes.trainer:train:130 - [EPOCH: 52, STEP: 280, DATA: 35840] loss: 0.9777710646390915
2019-11-12 19:09:05.516 | INFO     | base_classes.trainer:train:130 - [EPOCH: 52, STEP: 320, DATA: 40960] loss: 0.9751930445432663
2019-11-12 19:09:08.567 | INFO     | base_classes.trainer:train:130 - [EPOCH: 52, STEP: 360, DATA: 46080] loss: 0.9647992178797722
2019-11-12 19:09:10.870 | INFO     | base_classes.trainer:train:135 - Epoch 52 took 29.511226415634155 seconds
2019-11-12 19:09:10.886 | INFO     | base_classes.trainer:_save_model:162 - NN model weights saved successfully!
2019-11-12 19:09:10.887 | INFO     | base_classes.trainer:train:147 - Finished Training
2019-11-12 19:09:13.917 | INFO     | base_classes.trainer:train:130 - [EPOCH: 53, STEP: 40, DATA: 5120] loss: 0.9812862202525139
2019-11-12 19:09:16.904 | INFO     | base_classes.trainer:train:130 - [EPOCH: 53, STEP: 80, DATA: 10240] loss: 0.9508809953927994
2019-11-12 19:09:19.948 | INFO     | base_classes.trainer:train:130 - [EPOCH: 53, STEP: 120, DATA: 15360] loss: 1.0236502170562745
2019-11-12 19:09:22.987 | INFO     | base_classes.trainer:train:130 - [EPOCH: 53, STEP: 160, DATA: 20480] loss: 0.941550786793232
2019-11-12 19:09:26.054 | INFO     | base_classes.trainer:train:130 - [EPOCH: 53, STEP: 200, DATA: 25600] loss: 0.9703407704830169
2019-11-12 19:09:29.117 | INFO     | base_classes.trainer:train:130 - [EPOCH: 53, STEP: 240, DATA: 30720] loss: 1.0007544323801993
2019-11-12 19:09:32.148 | INFO     | base_classes.trainer:train:130 - [EPOCH: 53, STEP: 280, DATA: 35840] loss: 0.9737980276346206
2019-11-12 19:09:35.154 | INFO     | base_classes.trainer:train:130 - [EPOCH: 53, STEP: 320, DATA: 40960] loss: 0.9700947582721711
2019-11-12 19:09:38.173 | INFO     | base_classes.trainer:train:130 - [EPOCH: 53, STEP: 360, DATA: 46080] loss: 0.9588801503181458
2019-11-12 19:09:40.504 | INFO     | base_classes.trainer:train:135 - Epoch 53 took 29.615100145339966 seconds
2019-11-12 19:09:40.519 | INFO     | base_classes.trainer:_save_model:162 - NN model weights saved successfully!
2019-11-12 19:09:40.520 | INFO     | base_classes.trainer:train:147 - Finished Training
2019-11-12 19:09:43.523 | INFO     | base_classes.trainer:train:130 - [EPOCH: 54, STEP: 40, DATA: 5120] loss: 0.9763763234019279
2019-11-12 19:09:46.532 | INFO     | base_classes.trainer:train:130 - [EPOCH: 54, STEP: 80, DATA: 10240] loss: 0.9450207322835922
2019-11-12 19:09:49.600 | INFO     | base_classes.trainer:train:130 - [EPOCH: 54, STEP: 120, DATA: 15360] loss: 1.019314906001091
2019-11-12 19:09:52.599 | INFO     | base_classes.trainer:train:130 - [EPOCH: 54, STEP: 160, DATA: 20480] loss: 0.9362912431359292
2019-11-12 19:09:55.610 | INFO     | base_classes.trainer:train:130 - [EPOCH: 54, STEP: 200, DATA: 25600] loss: 0.9614491239190102
2019-11-12 19:09:58.599 | INFO     | base_classes.trainer:train:130 - [EPOCH: 54, STEP: 240, DATA: 30720] loss: 0.9951616808772087
2019-11-12 19:10:01.581 | INFO     | base_classes.trainer:train:130 - [EPOCH: 54, STEP: 280, DATA: 35840] loss: 0.9687651365995407
2019-11-12 19:10:04.562 | INFO     | base_classes.trainer:train:130 - [EPOCH: 54, STEP: 320, DATA: 40960] loss: 0.9638089954853057
2019-11-12 19:10:07.546 | INFO     | base_classes.trainer:train:130 - [EPOCH: 54, STEP: 360, DATA: 46080] loss: 0.9533603549003601
2019-11-12 19:10:09.870 | INFO     | base_classes.trainer:train:135 - Epoch 54 took 29.347763299942017 seconds
2019-11-12 19:10:09.885 | INFO     | base_classes.trainer:_save_model:162 - NN model weights saved successfully!
2019-11-12 19:10:09.886 | INFO     | base_classes.trainer:train:147 - Finished Training
2019-11-12 19:10:12.892 | INFO     | base_classes.trainer:train:130 - [EPOCH: 55, STEP: 40, DATA: 5120] loss: 0.9745886594057083
2019-11-12 19:10:15.870 | INFO     | base_classes.trainer:train:130 - [EPOCH: 55, STEP: 80, DATA: 10240] loss: 0.9410337045788765
2019-11-12 19:10:18.844 | INFO     | base_classes.trainer:train:130 - [EPOCH: 55, STEP: 120, DATA: 15360] loss: 1.0137531742453576
2019-11-12 19:10:21.831 | INFO     | base_classes.trainer:train:130 - [EPOCH: 55, STEP: 160, DATA: 20480] loss: 0.9302216306328773
2019-11-12 19:10:24.806 | INFO     | base_classes.trainer:train:130 - [EPOCH: 55, STEP: 200, DATA: 25600] loss: 0.9551613450050354
2019-11-12 19:10:27.773 | INFO     | base_classes.trainer:train:130 - [EPOCH: 55, STEP: 240, DATA: 30720] loss: 0.9879507020115852
2019-11-12 19:10:30.759 | INFO     | base_classes.trainer:train:130 - [EPOCH: 55, STEP: 280, DATA: 35840] loss: 0.9631247535347939
2019-11-12 19:10:33.729 | INFO     | base_classes.trainer:train:130 - [EPOCH: 55, STEP: 320, DATA: 40960] loss: 0.9566787302494049
2019-11-12 19:10:36.703 | INFO     | base_classes.trainer:train:130 - [EPOCH: 55, STEP: 360, DATA: 46080] loss: 0.946397551894188
2019-11-12 19:10:38.984 | INFO     | base_classes.trainer:train:135 - Epoch 55 took 29.09574604034424 seconds
2019-11-12 19:10:38.999 | INFO     | base_classes.trainer:_save_model:162 - NN model weights saved successfully!
2019-11-12 19:10:38.999 | INFO     | base_classes.trainer:train:147 - Finished Training
2019-11-12 19:10:41.975 | INFO     | base_classes.trainer:train:130 - [EPOCH: 56, STEP: 40, DATA: 5120] loss: 0.9636847123503685
2019-11-12 19:10:44.944 | INFO     | base_classes.trainer:train:130 - [EPOCH: 56, STEP: 80, DATA: 10240] loss: 0.9363136798143387
2019-11-12 19:10:47.923 | INFO     | base_classes.trainer:train:130 - [EPOCH: 56, STEP: 120, DATA: 15360] loss: 1.0087647214531898
2019-11-12 19:10:50.901 | INFO     | base_classes.trainer:train:130 - [EPOCH: 56, STEP: 160, DATA: 20480] loss: 0.9233004778623581
2019-11-12 19:10:53.870 | INFO     | base_classes.trainer:train:130 - [EPOCH: 56, STEP: 200, DATA: 25600] loss: 0.9519333377480507
2019-11-12 19:10:56.842 | INFO     | base_classes.trainer:train:130 - [EPOCH: 56, STEP: 240, DATA: 30720] loss: 0.9834869056940079
2019-11-12 19:10:59.814 | INFO     | base_classes.trainer:train:130 - [EPOCH: 56, STEP: 280, DATA: 35840] loss: 0.9589906513690949
2019-11-12 19:11:02.788 | INFO     | base_classes.trainer:train:130 - [EPOCH: 56, STEP: 320, DATA: 40960] loss: 0.9515335708856583
2019-11-12 19:11:05.760 | INFO     | base_classes.trainer:train:130 - [EPOCH: 56, STEP: 360, DATA: 46080] loss: 0.9409212589263916
2019-11-12 19:11:08.038 | INFO     | base_classes.trainer:train:135 - Epoch 56 took 29.03611397743225 seconds
2019-11-12 19:11:08.053 | INFO     | base_classes.trainer:_save_model:162 - NN model weights saved successfully!
2019-11-12 19:11:08.053 | INFO     | base_classes.trainer:train:147 - Finished Training
2019-11-12 19:11:11.031 | INFO     | base_classes.trainer:train:130 - [EPOCH: 57, STEP: 40, DATA: 5120] loss: 0.9573131248354911
2019-11-12 19:11:14.002 | INFO     | base_classes.trainer:train:130 - [EPOCH: 57, STEP: 80, DATA: 10240] loss: 0.9345130547881126
2019-11-12 19:11:17.058 | INFO     | base_classes.trainer:train:130 - [EPOCH: 57, STEP: 120, DATA: 15360] loss: 1.0023241266608238
2019-11-12 19:11:20.028 | INFO     | base_classes.trainer:train:130 - [EPOCH: 57, STEP: 160, DATA: 20480] loss: 0.9142703145742417
2019-11-12 19:11:22.999 | INFO     | base_classes.trainer:train:130 - [EPOCH: 57, STEP: 200, DATA: 25600] loss: 0.9440303727984428
2019-11-12 19:11:25.975 | INFO     | base_classes.trainer:train:130 - [EPOCH: 57, STEP: 240, DATA: 30720] loss: 0.9753529280424118
2019-11-12 19:11:28.944 | INFO     | base_classes.trainer:train:130 - [EPOCH: 57, STEP: 280, DATA: 35840] loss: 0.9534174352884293
2019-11-12 19:11:31.917 | INFO     | base_classes.trainer:train:130 - [EPOCH: 57, STEP: 320, DATA: 40960] loss: 0.9461412280797958
2019-11-12 19:11:34.892 | INFO     | base_classes.trainer:train:130 - [EPOCH: 57, STEP: 360, DATA: 46080] loss: 0.9363266199827194
2019-11-12 19:11:37.177 | INFO     | base_classes.trainer:train:135 - Epoch 57 took 29.120424270629883 seconds
2019-11-12 19:11:37.192 | INFO     | base_classes.trainer:_save_model:162 - NN model weights saved successfully!
2019-11-12 19:11:37.193 | INFO     | base_classes.trainer:train:147 - Finished Training
2019-11-12 19:11:40.164 | INFO     | base_classes.trainer:train:130 - [EPOCH: 58, STEP: 40, DATA: 5120] loss: 0.9514998912811279
2019-11-12 19:11:43.133 | INFO     | base_classes.trainer:train:130 - [EPOCH: 58, STEP: 80, DATA: 10240] loss: 0.9279775112867356
2019-11-12 19:11:46.102 | INFO     | base_classes.trainer:train:130 - [EPOCH: 58, STEP: 120, DATA: 15360] loss: 0.9951754420995712
2019-11-12 19:11:49.074 | INFO     | base_classes.trainer:train:130 - [EPOCH: 58, STEP: 160, DATA: 20480] loss: 0.9112958624958992
2019-11-12 19:11:52.046 | INFO     | base_classes.trainer:train:130 - [EPOCH: 58, STEP: 200, DATA: 25600] loss: 0.9422342374920845
2019-11-12 19:11:55.015 | INFO     | base_classes.trainer:train:130 - [EPOCH: 58, STEP: 240, DATA: 30720] loss: 0.9756043508648873
2019-11-12 19:11:57.986 | INFO     | base_classes.trainer:train:130 - [EPOCH: 58, STEP: 280, DATA: 35840] loss: 0.9486733883619308
2019-11-12 19:12:00.958 | INFO     | base_classes.trainer:train:130 - [EPOCH: 58, STEP: 320, DATA: 40960] loss: 0.9413653627038002
2019-11-12 19:12:03.926 | INFO     | base_classes.trainer:train:130 - [EPOCH: 58, STEP: 360, DATA: 46080] loss: 0.9324787423014641
2019-11-12 19:12:06.203 | INFO     | base_classes.trainer:train:135 - Epoch 58 took 29.00829553604126 seconds
2019-11-12 19:12:06.218 | INFO     | base_classes.trainer:_save_model:162 - NN model weights saved successfully!
2019-11-12 19:12:06.219 | INFO     | base_classes.trainer:train:147 - Finished Training
2019-11-12 19:12:09.195 | INFO     | base_classes.trainer:train:130 - [EPOCH: 59, STEP: 40, DATA: 5120] loss: 0.9444192796945572
2019-11-12 19:12:12.165 | INFO     | base_classes.trainer:train:130 - [EPOCH: 59, STEP: 80, DATA: 10240] loss: 0.9227120786905288
2019-11-12 19:12:15.134 | INFO     | base_classes.trainer:train:130 - [EPOCH: 59, STEP: 120, DATA: 15360] loss: 0.9900989681482315
2019-11-12 19:12:18.103 | INFO     | base_classes.trainer:train:130 - [EPOCH: 59, STEP: 160, DATA: 20480] loss: 0.9127712100744247
2019-11-12 19:12:21.074 | INFO     | base_classes.trainer:train:130 - [EPOCH: 59, STEP: 200, DATA: 25600] loss: 0.9337525591254234
2019-11-12 19:12:24.048 | INFO     | base_classes.trainer:train:130 - [EPOCH: 59, STEP: 240, DATA: 30720] loss: 0.9644303247332573
2019-11-12 19:12:27.021 | INFO     | base_classes.trainer:train:130 - [EPOCH: 59, STEP: 280, DATA: 35840] loss: 0.9430714681744575
2019-11-12 19:12:29.999 | INFO     | base_classes.trainer:train:130 - [EPOCH: 59, STEP: 320, DATA: 40960] loss: 0.9356393620371819
2019-11-12 19:12:32.968 | INFO     | base_classes.trainer:train:130 - [EPOCH: 59, STEP: 360, DATA: 46080] loss: 0.9255839571356773
2019-11-12 19:12:35.253 | INFO     | base_classes.trainer:train:135 - Epoch 59 took 29.030917167663574 seconds
2019-11-12 19:12:35.268 | INFO     | base_classes.trainer:_save_model:162 - NN model weights saved successfully!
2019-11-12 19:12:35.269 | INFO     | base_classes.trainer:train:147 - Finished Training
2019-11-12 19:12:38.248 | INFO     | base_classes.trainer:train:130 - [EPOCH: 60, STEP: 40, DATA: 5120] loss: 0.9384126007556916
2019-11-12 19:12:41.218 | INFO     | base_classes.trainer:train:130 - [EPOCH: 60, STEP: 80, DATA: 10240] loss: 0.9158383905887604
2019-11-12 19:12:44.190 | INFO     | base_classes.trainer:train:130 - [EPOCH: 60, STEP: 120, DATA: 15360] loss: 0.983854778110981
2019-11-12 19:12:47.166 | INFO     | base_classes.trainer:train:130 - [EPOCH: 60, STEP: 160, DATA: 20480] loss: 0.9038210690021515
2019-11-12 19:12:50.151 | INFO     | base_classes.trainer:train:130 - [EPOCH: 60, STEP: 200, DATA: 25600] loss: 0.9313591539859771
2019-11-12 19:12:53.145 | INFO     | base_classes.trainer:train:130 - [EPOCH: 60, STEP: 240, DATA: 30720] loss: 0.9572753220796585
2019-11-12 19:12:56.136 | INFO     | base_classes.trainer:train:130 - [EPOCH: 60, STEP: 280, DATA: 35840] loss: 0.9331239953637123
2019-11-12 19:12:59.132 | INFO     | base_classes.trainer:train:130 - [EPOCH: 60, STEP: 320, DATA: 40960] loss: 0.9276412770152092
2019-11-12 19:13:02.129 | INFO     | base_classes.trainer:train:130 - [EPOCH: 60, STEP: 360, DATA: 46080] loss: 0.9215504452586174
2019-11-12 19:13:04.434 | INFO     | base_classes.trainer:train:135 - Epoch 60 took 29.161527395248413 seconds
2019-11-12 19:13:04.449 | INFO     | base_classes.trainer:_save_model:162 - NN model weights saved successfully!
2019-11-12 19:13:04.450 | INFO     | base_classes.trainer:train:147 - Finished Training
2019-11-12 19:13:04.452 | INFO     | __main__:main:29 - Finished Generating
